{"/home/shin/leazy/app/_layout.tsx": {"path":"/home/shin/leazy/app/_layout.tsx","statementMap":{"0":{"start":{"line":11,"column":0},"end":{"line":11,"column":36}},"1":{"start":{"line":14,"column":22},"end":{"line":14,"column":38}},"2":{"start":{"line":15,"column":19},"end":{"line":17,"column":4}},"3":{"start":{"line":19,"column":2},"end":{"line":23,"column":15}},"4":{"start":{"line":20,"column":4},"end":{"line":22,"column":5}},"5":{"start":{"line":21,"column":6},"end":{"line":21,"column":31}},"6":{"start":{"line":25,"column":2},"end":{"line":27,"column":3}},"7":{"start":{"line":26,"column":4},"end":{"line":26,"column":16}},"8":{"start":{"line":29,"column":2},"end":{"line":32,"column":4}}},"fnMap":{"0":{"name":"RootLayout","decl":{"start":{"line":13,"column":24},"end":{"line":13,"column":34}},"loc":{"start":{"line":13,"column":37},"end":{"line":33,"column":1}},"line":13},"1":{"name":"(anonymous_1)","decl":{"start":{"line":19,"column":12},"end":{"line":19,"column":13}},"loc":{"start":{"line":19,"column":18},"end":{"line":23,"column":3}},"line":19}},"branchMap":{"0":{"loc":{"start":{"line":20,"column":4},"end":{"line":22,"column":5}},"type":"if","locations":[{"start":{"line":20,"column":4},"end":{"line":22,"column":5}},{"start":{},"end":{}}],"line":20},"1":{"loc":{"start":{"line":25,"column":2},"end":{"line":27,"column":3}},"type":"if","locations":[{"start":{"line":25,"column":2},"end":{"line":27,"column":3}},{"start":{},"end":{}}],"line":25}},"s":{"0":0,"1":0,"2":0,"3":0,"4":0,"5":0,"6":0,"7":0,"8":0},"f":{"0":0,"1":0},"b":{"0":[0,0],"1":[0,0]}}
,"/home/shin/leazy/app/index.tsx": {"path":"/home/shin/leazy/app/index.tsx","statementMap":{"0":{"start":{"line":15,"column":15},"end":{"line":15,"column":38}},"1":{"start":{"line":18,"column":0},"end":{"line":18,"column":27}},"2":{"start":{"line":21,"column":2},"end":{"line":32,"column":4}}},"fnMap":{"0":{"name":"App","decl":{"start":{"line":20,"column":24},"end":{"line":20,"column":27}},"loc":{"start":{"line":20,"column":30},"end":{"line":33,"column":1}},"line":20}},"branchMap":{},"s":{"0":1,"1":1,"2":1},"f":{"0":1},"b":{},"_coverageSchema":"1a1c01bbd47fc00a2c39e90264f33305004495a9","hash":"9b74624ddcd1a6f6ec53055b14f5722453fa4dea"}
,"/home/shin/leazy/app/screens/HomepageScreen.tsx": {"path":"/home/shin/leazy/app/screens/HomepageScreen.tsx","statementMap":{"0":{"start":{"line":9,"column":21},"end":{"line":9,"column":72}},"1":{"start":{"line":10,"column":2},"end":{"line":23,"column":4}},"2":{"start":{"line":19,"column":25},"end":{"line":19,"column":56}},"3":{"start":{"line":26,"column":15},"end":{"line":53,"column":2}}},"fnMap":{"0":{"name":"HomepageScreen","decl":{"start":{"line":8,"column":24},"end":{"line":8,"column":38}},"loc":{"start":{"line":8,"column":42},"end":{"line":24,"column":1}},"line":8},"1":{"name":"(anonymous_1)","decl":{"start":{"line":19,"column":19},"end":{"line":19,"column":20}},"loc":{"start":{"line":19,"column":25},"end":{"line":19,"column":56}},"line":19}},"branchMap":{},"s":{"0":2,"1":2,"2":1,"3":2},"f":{"0":2,"1":1},"b":{},"_coverageSchema":"1a1c01bbd47fc00a2c39e90264f33305004495a9","hash":"9209a62bbdaf4ac366b1c29b4a759ec01f3977ee"}
,"/home/shin/leazy/app/screens/MyRentScreen.tsx": {"path":"/home/shin/leazy/app/screens/MyRentScreen.tsx","statementMap":{"0":{"start":{"line":7,"column":2},"end":{"line":27,"column":4}},"1":{"start":{"line":30,"column":15},"end":{"line":51,"column":2}}},"fnMap":{"0":{"name":"MyRentScreen","decl":{"start":{"line":6,"column":24},"end":{"line":6,"column":36}},"loc":{"start":{"line":6,"column":39},"end":{"line":28,"column":1}},"line":6}},"branchMap":{},"s":{"0":1,"1":1},"f":{"0":1},"b":{},"_coverageSchema":"1a1c01bbd47fc00a2c39e90264f33305004495a9","hash":"5db996be60b366b61b13116054ddbdf8f77dd543"}
,"/home/shin/leazy/app/screens/ReportScreen.tsx": {"path":"/home/shin/leazy/app/screens/ReportScreen.tsx","statementMap":{"0":{"start":{"line":7,"column":28},"end":{"line":7,"column":40}},"1":{"start":{"line":8,"column":40},"end":{"line":8,"column":52}},"2":{"start":{"line":11,"column":27},"end":{"line":13,"column":3}},"3":{"start":{"line":15,"column":2},"end":{"line":52,"column":4}},"4":{"start":{"line":55,"column":15},"end":{"line":98,"column":2}}},"fnMap":{"0":{"name":"ReportScreen","decl":{"start":{"line":6,"column":24},"end":{"line":6,"column":36}},"loc":{"start":{"line":6,"column":39},"end":{"line":53,"column":1}},"line":6},"1":{"name":"(anonymous_1)","decl":{"start":{"line":11,"column":27},"end":{"line":11,"column":28}},"loc":{"start":{"line":11,"column":33},"end":{"line":13,"column":3}},"line":11},"2":{"name":"(anonymous_2)","decl":{"start":{"line":49,"column":40},"end":{"line":49,"column":41}},"loc":{"start":{"line":49,"column":46},"end":{"line":49,"column":69}},"line":49}},"branchMap":{},"s":{"0":1,"1":1,"2":1,"3":1,"4":1},"f":{"0":1,"1":0,"2":0},"b":{},"_coverageSchema":"1a1c01bbd47fc00a2c39e90264f33305004495a9","hash":"2fedbd3239cda8eeb92749aa35cb33d6890b9066"}
,"/home/shin/leazy/app/screens/SettingsScreen.tsx": {"path":"/home/shin/leazy/app/screens/SettingsScreen.tsx","statementMap":{"0":{"start":{"line":9,"column":21},"end":{"line":9,"column":36}},"1":{"start":{"line":11,"column":2},"end":{"line":23,"column":4}},"2":{"start":{"line":14,"column":65},"end":{"line":14,"column":84}},"3":{"start":{"line":26,"column":15},"end":{"line":56,"column":2}}},"fnMap":{"0":{"name":"SettingsScreen","decl":{"start":{"line":8,"column":24},"end":{"line":8,"column":38}},"loc":{"start":{"line":8,"column":41},"end":{"line":24,"column":1}},"line":8},"1":{"name":"(anonymous_1)","decl":{"start":{"line":14,"column":59},"end":{"line":14,"column":60}},"loc":{"start":{"line":14,"column":65},"end":{"line":14,"column":84}},"line":14}},"branchMap":{},"s":{"0":2,"1":2,"2":1,"3":2},"f":{"0":2,"1":1},"b":{},"_coverageSchema":"1a1c01bbd47fc00a2c39e90264f33305004495a9","hash":"b4a09c6fb02f4544ed1c1c8f3ada8d1dc34d082c"}
,"/home/shin/leazy/app/screens/SharedElementsScreen.tsx": {"path":"/home/shin/leazy/app/screens/SharedElementsScreen.tsx","statementMap":{"0":{"start":{"line":7,"column":2},"end":{"line":12,"column":4}},"1":{"start":{"line":15,"column":15},"end":{"line":32,"column":2}}},"fnMap":{"0":{"name":"SharedElementsScreen","decl":{"start":{"line":6,"column":24},"end":{"line":6,"column":44}},"loc":{"start":{"line":6,"column":47},"end":{"line":13,"column":1}},"line":6}},"branchMap":{},"s":{"0":1,"1":1},"f":{"0":1},"b":{},"_coverageSchema":"1a1c01bbd47fc00a2c39e90264f33305004495a9","hash":"3f0c39e739d9aaceb686c0af2357877665f864c0"}
,"/home/shin/leazy/app/screens/SubrentScreen.tsx": {"path":"/home/shin/leazy/app/screens/SubrentScreen.tsx","statementMap":{"0":{"start":{"line":7,"column":2},"end":{"line":12,"column":4}},"1":{"start":{"line":15,"column":15},"end":{"line":32,"column":2}}},"fnMap":{"0":{"name":"SubrentScreen","decl":{"start":{"line":6,"column":24},"end":{"line":6,"column":37}},"loc":{"start":{"line":6,"column":40},"end":{"line":13,"column":1}},"line":6}},"branchMap":{},"s":{"0":1,"1":1},"f":{"0":1},"b":{},"_coverageSchema":"1a1c01bbd47fc00a2c39e90264f33305004495a9","hash":"a0b77ad459b2077f2cd6074a778a63e6deec5e39"}
,"/home/shin/leazy/components/Collapsible.tsx": {"path":"/home/shin/leazy/components/Collapsible.tsx","statementMap":{"0":{"start":{"line":10,"column":30},"end":{"line":10,"column":45}},"1":{"start":{"line":11,"column":16},"end":{"line":11,"column":43}},"2":{"start":{"line":13,"column":2},"end":{"line":28,"column":4}},"3":{"start":{"line":17,"column":23},"end":{"line":17,"column":51}},"4":{"start":{"line":17,"column":44},"end":{"line":17,"column":50}},"5":{"start":{"line":31,"column":15},"end":{"line":41,"column":2}}},"fnMap":{"0":{"name":"Collapsible","decl":{"start":{"line":9,"column":16},"end":{"line":9,"column":27}},"loc":{"start":{"line":9,"column":88},"end":{"line":29,"column":1}},"line":9},"1":{"name":"(anonymous_1)","decl":{"start":{"line":17,"column":17},"end":{"line":17,"column":18}},"loc":{"start":{"line":17,"column":23},"end":{"line":17,"column":51}},"line":17},"2":{"name":"(anonymous_2)","decl":{"start":{"line":17,"column":33},"end":{"line":17,"column":34}},"loc":{"start":{"line":17,"column":44},"end":{"line":17,"column":50}},"line":17}},"branchMap":{"0":{"loc":{"start":{"line":11,"column":16},"end":{"line":11,"column":43}},"type":"binary-expr","locations":[{"start":{"line":11,"column":16},"end":{"line":11,"column":32}},{"start":{"line":11,"column":36},"end":{"line":11,"column":43}}],"line":11},"1":{"loc":{"start":{"line":20,"column":16},"end":{"line":20,"column":67}},"type":"cond-expr","locations":[{"start":{"line":20,"column":25},"end":{"line":20,"column":39}},{"start":{"line":20,"column":42},"end":{"line":20,"column":67}}],"line":20},"2":{"loc":{"start":{"line":22,"column":17},"end":{"line":22,"column":73}},"type":"cond-expr","locations":[{"start":{"line":22,"column":37},"end":{"line":22,"column":54}},{"start":{"line":22,"column":57},"end":{"line":22,"column":73}}],"line":22},"3":{"loc":{"start":{"line":26,"column":7},"end":{"line":26,"column":75}},"type":"binary-expr","locations":[{"start":{"line":26,"column":7},"end":{"line":26,"column":13}},{"start":{"line":26,"column":17},"end":{"line":26,"column":75}}],"line":26}},"s":{"0":0,"1":0,"2":0,"3":0,"4":0,"5":0},"f":{"0":0,"1":0,"2":0},"b":{"0":[0,0],"1":[0,0],"2":[0,0],"3":[0,0]}}
,"/home/shin/leazy/components/ExternalLink.tsx": {"path":"/home/shin/leazy/components/ExternalLink.tsx","statementMap":{"0":{"start":{"line":9,"column":2},"end":{"line":23,"column":4}},"1":{"start":{"line":15,"column":8},"end":{"line":20,"column":9}},"2":{"start":{"line":17,"column":10},"end":{"line":17,"column":33}},"3":{"start":{"line":19,"column":10},"end":{"line":19,"column":39}}},"fnMap":{"0":{"name":"ExternalLink","decl":{"start":{"line":8,"column":16},"end":{"line":8,"column":28}},"loc":{"start":{"line":8,"column":55},"end":{"line":24,"column":1}},"line":8},"1":{"name":"(anonymous_1)","decl":{"start":{"line":14,"column":15},"end":{"line":14,"column":16}},"loc":{"start":{"line":14,"column":32},"end":{"line":21,"column":7}},"line":14}},"branchMap":{"0":{"loc":{"start":{"line":15,"column":8},"end":{"line":20,"column":9}},"type":"if","locations":[{"start":{"line":15,"column":8},"end":{"line":20,"column":9}},{"start":{},"end":{}}],"line":15}},"s":{"0":0,"1":0,"2":0,"3":0},"f":{"0":0,"1":0},"b":{"0":[0,0]}}
,"/home/shin/leazy/components/HelloWave.tsx": {"path":"/home/shin/leazy/components/HelloWave.tsx","statementMap":{"0":{"start":{"line":13,"column":28},"end":{"line":13,"column":45}},"1":{"start":{"line":15,"column":2},"end":{"line":18,"column":4}},"2":{"start":{"line":20,"column":24},"end":{"line":22,"column":5}},"3":{"start":{"line":20,"column":48},"end":{"line":22,"column":3}},"4":{"start":{"line":24,"column":2},"end":{"line":28,"column":4}},"5":{"start":{"line":31,"column":15},"end":{"line":37,"column":2}}},"fnMap":{"0":{"name":"HelloWave","decl":{"start":{"line":12,"column":16},"end":{"line":12,"column":25}},"loc":{"start":{"line":12,"column":28},"end":{"line":29,"column":1}},"line":12},"1":{"name":"(anonymous_1)","decl":{"start":{"line":20,"column":41},"end":{"line":20,"column":42}},"loc":{"start":{"line":20,"column":48},"end":{"line":22,"column":3}},"line":20}},"branchMap":{},"s":{"0":0,"1":0,"2":0,"3":0,"4":0,"5":0},"f":{"0":0,"1":0},"b":{}}
,"/home/shin/leazy/components/ParallaxScrollView.tsx": {"path":"/home/shin/leazy/components/ParallaxScrollView.tsx","statementMap":{"0":{"start":{"line":12,"column":22},"end":{"line":12,"column":25}},"1":{"start":{"line":24,"column":22},"end":{"line":24,"column":49}},"2":{"start":{"line":25,"column":20},"end":{"line":25,"column":57}},"3":{"start":{"line":26,"column":23},"end":{"line":26,"column":53}},"4":{"start":{"line":28,"column":30},"end":{"line":43,"column":4}},"5":{"start":{"line":29,"column":4},"end":{"line":42,"column":6}},"6":{"start":{"line":45,"column":2},"end":{"line":59,"column":4}},"7":{"start":{"line":62,"column":15},"end":{"line":76,"column":2}}},"fnMap":{"0":{"name":"ParallaxScrollView","decl":{"start":{"line":19,"column":24},"end":{"line":19,"column":42}},"loc":{"start":{"line":23,"column":10},"end":{"line":60,"column":1}},"line":23},"1":{"name":"(anonymous_1)","decl":{"start":{"line":28,"column":47},"end":{"line":28,"column":48}},"loc":{"start":{"line":28,"column":53},"end":{"line":43,"column":3}},"line":28}},"branchMap":{"0":{"loc":{"start":{"line":24,"column":22},"end":{"line":24,"column":49}},"type":"binary-expr","locations":[{"start":{"line":24,"column":22},"end":{"line":24,"column":38}},{"start":{"line":24,"column":42},"end":{"line":24,"column":49}}],"line":24}},"s":{"0":0,"1":0,"2":0,"3":0,"4":0,"5":0,"6":0,"7":0},"f":{"0":0,"1":0},"b":{"0":[0,0]}}
,"/home/shin/leazy/components/ThemedText.tsx": {"path":"/home/shin/leazy/components/ThemedText.tsx","statementMap":{"0":{"start":{"line":18,"column":16},"end":{"line":18,"column":77}},"1":{"start":{"line":20,"column":2},"end":{"line":33,"column":4}},"2":{"start":{"line":36,"column":15},"end":{"line":60,"column":2}}},"fnMap":{"0":{"name":"ThemedText","decl":{"start":{"line":11,"column":16},"end":{"line":11,"column":26}},"loc":{"start":{"line":17,"column":20},"end":{"line":34,"column":1}},"line":17}},"branchMap":{"0":{"loc":{"start":{"line":15,"column":2},"end":{"line":15,"column":18}},"type":"default-arg","locations":[{"start":{"line":15,"column":9},"end":{"line":15,"column":18}}],"line":15},"1":{"loc":{"start":{"line":24,"column":8},"end":{"line":24,"column":55}},"type":"cond-expr","locations":[{"start":{"line":24,"column":29},"end":{"line":24,"column":43}},{"start":{"line":24,"column":46},"end":{"line":24,"column":55}}],"line":24},"2":{"loc":{"start":{"line":25,"column":8},"end":{"line":25,"column":51}},"type":"cond-expr","locations":[{"start":{"line":25,"column":27},"end":{"line":25,"column":39}},{"start":{"line":25,"column":42},"end":{"line":25,"column":51}}],"line":25},"3":{"loc":{"start":{"line":26,"column":8},"end":{"line":26,"column":71}},"type":"cond-expr","locations":[{"start":{"line":26,"column":37},"end":{"line":26,"column":59}},{"start":{"line":26,"column":62},"end":{"line":26,"column":71}}],"line":26},"4":{"loc":{"start":{"line":27,"column":8},"end":{"line":27,"column":57}},"type":"cond-expr","locations":[{"start":{"line":27,"column":30},"end":{"line":27,"column":45}},{"start":{"line":27,"column":48},"end":{"line":27,"column":57}}],"line":27},"5":{"loc":{"start":{"line":28,"column":8},"end":{"line":28,"column":49}},"type":"cond-expr","locations":[{"start":{"line":28,"column":26},"end":{"line":28,"column":37}},{"start":{"line":28,"column":40},"end":{"line":28,"column":49}}],"line":28}},"s":{"0":0,"1":0,"2":0},"f":{"0":0},"b":{"0":[0],"1":[0,0],"2":[0,0],"3":[0,0],"4":[0,0],"5":[0,0]}}
,"/home/shin/leazy/components/ThemedView.tsx": {"path":"/home/shin/leazy/components/ThemedView.tsx","statementMap":{"0":{"start":{"line":11,"column":26},"end":{"line":11,"column":93}},"1":{"start":{"line":13,"column":2},"end":{"line":13,"column":71}}},"fnMap":{"0":{"name":"ThemedView","decl":{"start":{"line":10,"column":16},"end":{"line":10,"column":26}},"loc":{"start":{"line":10,"column":93},"end":{"line":14,"column":1}},"line":10}},"branchMap":{},"s":{"0":0,"1":0},"f":{"0":0},"b":{}}
,"/home/shin/leazy/components/navigation/TabBarIcon.tsx": {"path":"/home/shin/leazy/components/navigation/TabBarIcon.tsx","statementMap":{"0":{"start":{"line":8,"column":2},"end":{"line":8,"column":80}}},"fnMap":{"0":{"name":"TabBarIcon","decl":{"start":{"line":7,"column":16},"end":{"line":7,"column":26}},"loc":{"start":{"line":7,"column":99},"end":{"line":9,"column":1}},"line":7}},"branchMap":{},"s":{"0":0},"f":{"0":0},"b":{}}
,"/home/shin/leazy/constants/Colors.ts": {"path":"/home/shin/leazy/constants/Colors.ts","statementMap":{"0":{"start":{"line":6,"column":23},"end":{"line":6,"column":32}},"1":{"start":{"line":7,"column":22},"end":{"line":7,"column":28}},"2":{"start":{"line":9,"column":22},"end":{"line":26,"column":1}}},"fnMap":{},"branchMap":{},"s":{"0":0,"1":0,"2":0},"f":{},"b":{}}
,"/home/shin/leazy/firebase/firebase.ts": {"path":"/home/shin/leazy/firebase/firebase.ts","statementMap":{"0":{"start":{"line":12,"column":23},"end":{"line":20,"column":1}},"1":{"start":{"line":23,"column":12},"end":{"line":23,"column":41}},"2":{"start":{"line":25,"column":18},"end":{"line":25,"column":35}},"3":{"start":{"line":26,"column":20},"end":{"line":28,"column":2}},"4":{"start":{"line":30,"column":23},"end":{"line":30,"column":38}}},"fnMap":{},"branchMap":{},"s":{"0":0,"1":0,"2":0,"3":0,"4":0},"f":{},"b":{}}
,"/home/shin/leazy/firebase/auth/auth.ts": {"path":"/home/shin/leazy/firebase/auth/auth.ts","statementMap":{"0":{"start":{"line":18,"column":17},"end":{"line":18,"column":41}},"1":{"start":{"line":20,"column":0},"end":{"line":20,"column":51}},"2":{"start":{"line":29,"column":4},"end":{"line":41,"column":5}},"3":{"start":{"line":30,"column":31},"end":{"line":30,"column":90}},"4":{"start":{"line":31,"column":21},"end":{"line":31,"column":40}},"5":{"start":{"line":32,"column":8},"end":{"line":36,"column":9}},"6":{"start":{"line":33,"column":12},"end":{"line":33,"column":61}},"7":{"start":{"line":34,"column":15},"end":{"line":36,"column":9}},"8":{"start":{"line":35,"column":12},"end":{"line":35,"column":63}},"9":{"start":{"line":37,"column":8},"end":{"line":37,"column":20}},"10":{"start":{"line":39,"column":8},"end":{"line":39,"column":27}},"11":{"start":{"line":40,"column":8},"end":{"line":40,"column":20}},"12":{"start":{"line":45,"column":27},"end":{"line":45,"column":82}},"13":{"start":{"line":46,"column":4},"end":{"line":46,"column":31}},"14":{"start":{"line":50,"column":4},"end":{"line":61,"column":5}},"15":{"start":{"line":51,"column":8},"end":{"line":57,"column":9}},"16":{"start":{"line":52,"column":12},"end":{"line":52,"column":46}},"17":{"start":{"line":53,"column":12},"end":{"line":53,"column":47}},"18":{"start":{"line":59,"column":8},"end":{"line":59,"column":45}},"19":{"start":{"line":65,"column":4},"end":{"line":76,"column":5}},"20":{"start":{"line":66,"column":8},"end":{"line":72,"column":9}},"21":{"start":{"line":67,"column":12},"end":{"line":67,"column":32}},"22":{"start":{"line":68,"column":12},"end":{"line":68,"column":30}},"23":{"start":{"line":71,"column":12},"end":{"line":71,"column":33}},"24":{"start":{"line":74,"column":8},"end":{"line":74,"column":45}},"25":{"start":{"line":81,"column":4},"end":{"line":83,"column":5}},"26":{"start":{"line":82,"column":8},"end":{"line":82,"column":61}},"27":{"start":{"line":87,"column":4},"end":{"line":89,"column":5}},"28":{"start":{"line":88,"column":8},"end":{"line":88,"column":54}}},"fnMap":{"0":{"name":"emailAndPasswordSignIn","decl":{"start":{"line":28,"column":22},"end":{"line":28,"column":44}},"loc":{"start":{"line":28,"column":156},"end":{"line":42,"column":1}},"line":28},"1":{"name":"emailAndPasswordLogIn","decl":{"start":{"line":44,"column":22},"end":{"line":44,"column":43}},"loc":{"start":{"line":44,"column":95},"end":{"line":47,"column":1}},"line":44},"2":{"name":"deleteAccount","decl":{"start":{"line":49,"column":22},"end":{"line":49,"column":35}},"loc":{"start":{"line":49,"column":37},"end":{"line":62,"column":1}},"line":49},"3":{"name":"signOutUser","decl":{"start":{"line":64,"column":22},"end":{"line":64,"column":33}},"loc":{"start":{"line":64,"column":85},"end":{"line":77,"column":1}},"line":64},"4":{"name":"resetUserPassword","decl":{"start":{"line":80,"column":22},"end":{"line":80,"column":39}},"loc":{"start":{"line":80,"column":61},"end":{"line":84,"column":1}},"line":80},"5":{"name":"updateUserEmail","decl":{"start":{"line":86,"column":22},"end":{"line":86,"column":37}},"loc":{"start":{"line":86,"column":55},"end":{"line":90,"column":1}},"line":86}},"branchMap":{"0":{"loc":{"start":{"line":32,"column":8},"end":{"line":36,"column":9}},"type":"if","locations":[{"start":{"line":32,"column":8},"end":{"line":36,"column":9}},{"start":{"line":34,"column":15},"end":{"line":36,"column":9}}],"line":32},"1":{"loc":{"start":{"line":34,"column":15},"end":{"line":36,"column":9}},"type":"if","locations":[{"start":{"line":34,"column":15},"end":{"line":36,"column":9}},{"start":{},"end":{}}],"line":34},"2":{"loc":{"start":{"line":50,"column":4},"end":{"line":61,"column":5}},"type":"if","locations":[{"start":{"line":50,"column":4},"end":{"line":61,"column":5}},{"start":{"line":58,"column":11},"end":{"line":61,"column":5}}],"line":50},"3":{"loc":{"start":{"line":65,"column":4},"end":{"line":76,"column":5}},"type":"if","locations":[{"start":{"line":65,"column":4},"end":{"line":76,"column":5}},{"start":{"line":73,"column":11},"end":{"line":76,"column":5}}],"line":65},"4":{"loc":{"start":{"line":81,"column":4},"end":{"line":83,"column":5}},"type":"if","locations":[{"start":{"line":81,"column":4},"end":{"line":83,"column":5}},{"start":{},"end":{}}],"line":81},"5":{"loc":{"start":{"line":87,"column":4},"end":{"line":89,"column":5}},"type":"if","locations":[{"start":{"line":87,"column":4},"end":{"line":89,"column":5}},{"start":{},"end":{}}],"line":87}},"s":{"0":0,"1":0,"2":0,"3":0,"4":0,"5":0,"6":0,"7":0,"8":0,"9":0,"10":0,"11":0,"12":0,"13":0,"14":0,"15":0,"16":0,"17":0,"18":0,"19":0,"20":0,"21":0,"22":0,"23":0,"24":0,"25":0,"26":0,"27":0,"28":0},"f":{"0":0,"1":0,"2":0,"3":0,"4":0,"5":0},"b":{"0":[0,0],"1":[0,0],"2":[0,0],"3":[0,0],"4":[0,0],"5":[0,0]}}
,"/home/shin/leazy/firebase/firestore/firestore.ts": {"path":"/home/shin/leazy/firebase/firestore/firestore.ts","statementMap":{"0":{"start":{"line":13,"column":19},"end":{"line":13,"column":42}},"1":{"start":{"line":14,"column":4},"end":{"line":14,"column":37}},"2":{"start":{"line":18,"column":19},"end":{"line":18,"column":44}},"3":{"start":{"line":19,"column":4},"end":{"line":19,"column":39}},"4":{"start":{"line":23,"column":19},"end":{"line":23,"column":42}},"5":{"start":{"line":24,"column":20},"end":{"line":24,"column":40}},"6":{"start":{"line":25,"column":4},"end":{"line":29,"column":5}},"7":{"start":{"line":26,"column":8},"end":{"line":26,"column":45}},"8":{"start":{"line":28,"column":8},"end":{"line":28,"column":20}},"9":{"start":{"line":33,"column":19},"end":{"line":33,"column":44}},"10":{"start":{"line":34,"column":20},"end":{"line":34,"column":40}},"11":{"start":{"line":35,"column":4},"end":{"line":39,"column":5}},"12":{"start":{"line":36,"column":8},"end":{"line":36,"column":47}},"13":{"start":{"line":38,"column":8},"end":{"line":38,"column":20}},"14":{"start":{"line":43,"column":19},"end":{"line":43,"column":42}},"15":{"start":{"line":44,"column":4},"end":{"line":44,"column":40}},"16":{"start":{"line":48,"column":19},"end":{"line":48,"column":44}},"17":{"start":{"line":49,"column":4},"end":{"line":49,"column":42}},"18":{"start":{"line":53,"column":19},"end":{"line":53,"column":42}},"19":{"start":{"line":54,"column":4},"end":{"line":54,"column":28}},"20":{"start":{"line":58,"column":19},"end":{"line":58,"column":44}},"21":{"start":{"line":59,"column":4},"end":{"line":59,"column":28}}},"fnMap":{"0":{"name":"createTenantUser","decl":{"start":{"line":12,"column":22},"end":{"line":12,"column":38}},"loc":{"start":{"line":12,"column":91},"end":{"line":15,"column":1}},"line":12},"1":{"name":"createLandlordUser","decl":{"start":{"line":17,"column":22},"end":{"line":17,"column":40}},"loc":{"start":{"line":17,"column":97},"end":{"line":20,"column":1}},"line":17},"2":{"name":"getTenantData","decl":{"start":{"line":22,"column":22},"end":{"line":22,"column":35}},"loc":{"start":{"line":22,"column":77},"end":{"line":30,"column":1}},"line":22},"3":{"name":"getLandlordData","decl":{"start":{"line":32,"column":22},"end":{"line":32,"column":37}},"loc":{"start":{"line":32,"column":81},"end":{"line":40,"column":1}},"line":32},"4":{"name":"updateTenantData","decl":{"start":{"line":42,"column":22},"end":{"line":42,"column":38}},"loc":{"start":{"line":42,"column":85},"end":{"line":45,"column":1}},"line":42},"5":{"name":"updateLandlordData","decl":{"start":{"line":47,"column":22},"end":{"line":47,"column":40}},"loc":{"start":{"line":47,"column":91},"end":{"line":50,"column":1}},"line":47},"6":{"name":"deleteTenantData","decl":{"start":{"line":52,"column":22},"end":{"line":52,"column":38}},"loc":{"start":{"line":52,"column":51},"end":{"line":55,"column":1}},"line":52},"7":{"name":"deleteLandlordData","decl":{"start":{"line":57,"column":22},"end":{"line":57,"column":40}},"loc":{"start":{"line":57,"column":53},"end":{"line":60,"column":1}},"line":57}},"branchMap":{"0":{"loc":{"start":{"line":25,"column":4},"end":{"line":29,"column":5}},"type":"if","locations":[{"start":{"line":25,"column":4},"end":{"line":29,"column":5}},{"start":{"line":27,"column":11},"end":{"line":29,"column":5}}],"line":25},"1":{"loc":{"start":{"line":35,"column":4},"end":{"line":39,"column":5}},"type":"if","locations":[{"start":{"line":35,"column":4},"end":{"line":39,"column":5}},{"start":{"line":37,"column":11},"end":{"line":39,"column":5}}],"line":35}},"s":{"0":0,"1":0,"2":0,"3":0,"4":0,"5":0,"6":0,"7":0,"8":0,"9":0,"10":0,"11":0,"12":0,"13":0,"14":0,"15":0,"16":0,"17":0,"18":0,"19":0,"20":0,"21":0},"f":{"0":0,"1":0,"2":0,"3":0,"4":0,"5":0,"6":0,"7":0},"b":{"0":[0,0],"1":[0,0]}}
,"/home/shin/leazy/firebase/storage/storage.ts": {"path":"/home/shin/leazy/firebase/storage/storage.ts","statementMap":{"0":{"start":{"line":11,"column":19},"end":{"line":11,"column":31}},"1":{"start":{"line":12,"column":15},"end":{"line":12,"column":40}},"2":{"start":{"line":13,"column":15},"end":{"line":13,"column":40}},"3":{"start":{"line":16,"column":4},"end":{"line":23,"column":5}},"4":{"start":{"line":17,"column":27},"end":{"line":17,"column":48}},"5":{"start":{"line":18,"column":8},"end":{"line":18,"column":44}},"6":{"start":{"line":19,"column":8},"end":{"line":19,"column":37}},"7":{"start":{"line":21,"column":8},"end":{"line":21,"column":29}},"8":{"start":{"line":22,"column":8},"end":{"line":22,"column":19}},"9":{"start":{"line":27,"column":4},"end":{"line":34,"column":5}},"10":{"start":{"line":28,"column":27},"end":{"line":28,"column":48}},"11":{"start":{"line":29,"column":8},"end":{"line":29,"column":53}},"12":{"start":{"line":30,"column":8},"end":{"line":30,"column":37}},"13":{"start":{"line":32,"column":8},"end":{"line":32,"column":29}},"14":{"start":{"line":33,"column":8},"end":{"line":33,"column":19}},"15":{"start":{"line":38,"column":23},"end":{"line":38,"column":44}},"16":{"start":{"line":39,"column":4},"end":{"line":39,"column":44}},"17":{"start":{"line":43,"column":23},"end":{"line":43,"column":44}},"18":{"start":{"line":44,"column":4},"end":{"line":44,"column":44}},"19":{"start":{"line":48,"column":23},"end":{"line":48,"column":43}},"20":{"start":{"line":49,"column":4},"end":{"line":49,"column":35}},"21":{"start":{"line":53,"column":23},"end":{"line":53,"column":43}},"22":{"start":{"line":54,"column":4},"end":{"line":54,"column":35}}},"fnMap":{"0":{"name":"uploadImage","decl":{"start":{"line":15,"column":22},"end":{"line":15,"column":33}},"loc":{"start":{"line":15,"column":114},"end":{"line":24,"column":1}},"line":15},"1":{"name":"uploadVideo","decl":{"start":{"line":26,"column":22},"end":{"line":26,"column":33}},"loc":{"start":{"line":26,"column":114},"end":{"line":35,"column":1}},"line":26},"2":{"name":"getImageUrl","decl":{"start":{"line":37,"column":15},"end":{"line":37,"column":26}},"loc":{"start":{"line":37,"column":61},"end":{"line":40,"column":1}},"line":37},"3":{"name":"getVideoUrl","decl":{"start":{"line":42,"column":15},"end":{"line":42,"column":26}},"loc":{"start":{"line":42,"column":61},"end":{"line":45,"column":1}},"line":42},"4":{"name":"deleteImage","decl":{"start":{"line":47,"column":22},"end":{"line":47,"column":33}},"loc":{"start":{"line":47,"column":50},"end":{"line":50,"column":1}},"line":47},"5":{"name":"deleteVideo","decl":{"start":{"line":52,"column":22},"end":{"line":52,"column":33}},"loc":{"start":{"line":52,"column":50},"end":{"line":55,"column":1}},"line":52}},"branchMap":{},"s":{"0":0,"1":0,"2":0,"3":0,"4":0,"5":0,"6":0,"7":0,"8":0,"9":0,"10":0,"11":0,"12":0,"13":0,"14":0,"15":0,"16":0,"17":0,"18":0,"19":0,"20":0,"21":0,"22":0},"f":{"0":0,"1":0,"2":0,"3":0,"4":0,"5":0},"b":{}}
,"/home/shin/leazy/hooks/useColorScheme.ts": {"path":"/home/shin/leazy/hooks/useColorScheme.ts","statementMap":{},"fnMap":{},"branchMap":{},"s":{},"f":{},"b":{}}
,"/home/shin/leazy/hooks/useColorScheme.web.ts": {"path":"/home/shin/leazy/hooks/useColorScheme.web.ts","statementMap":{"0":{"start":{"line":7,"column":2},"end":{"line":7,"column":17}}},"fnMap":{"0":{"name":"useColorScheme","decl":{"start":{"line":6,"column":16},"end":{"line":6,"column":30}},"loc":{"start":{"line":6,"column":33},"end":{"line":8,"column":1}},"line":6}},"branchMap":{},"s":{"0":0},"f":{"0":0},"b":{}}
,"/home/shin/leazy/hooks/useThemeColor.ts": {"path":"/home/shin/leazy/hooks/useThemeColor.ts","statementMap":{"0":{"start":{"line":14,"column":16},"end":{"line":14,"column":43}},"1":{"start":{"line":15,"column":25},"end":{"line":15,"column":37}},"2":{"start":{"line":17,"column":2},"end":{"line":21,"column":3}},"3":{"start":{"line":18,"column":4},"end":{"line":18,"column":26}},"4":{"start":{"line":20,"column":4},"end":{"line":20,"column":36}}},"fnMap":{"0":{"name":"useThemeColor","decl":{"start":{"line":10,"column":16},"end":{"line":10,"column":29}},"loc":{"start":{"line":13,"column":2},"end":{"line":22,"column":1}},"line":13}},"branchMap":{"0":{"loc":{"start":{"line":14,"column":16},"end":{"line":14,"column":43}},"type":"binary-expr","locations":[{"start":{"line":14,"column":16},"end":{"line":14,"column":32}},{"start":{"line":14,"column":36},"end":{"line":14,"column":43}}],"line":14},"1":{"loc":{"start":{"line":17,"column":2},"end":{"line":21,"column":3}},"type":"if","locations":[{"start":{"line":17,"column":2},"end":{"line":21,"column":3}},{"start":{"line":19,"column":9},"end":{"line":21,"column":3}}],"line":17}},"s":{"0":0,"1":0,"2":0,"3":0,"4":0},"f":{"0":0},"b":{"0":[0,0],"1":[0,0]}}
,"/home/shin/leazy/jest/jest.config.js": {"path":"/home/shin/leazy/jest/jest.config.js","statementMap":{"0":{"start":{"line":1,"column":0},"end":{"line":11,"column":4}}},"fnMap":{},"branchMap":{},"s":{"0":0},"f":{},"b":{}}
,"/home/shin/leazy/scripts/reset-project.js": {"path":"/home/shin/leazy/scripts/reset-project.js","statementMap":{},"fnMap":{},"branchMap":{},"s":{},"f":{},"b":{}}
,"/home/shin/leazy/tests_examples/snapshot_test/ExampleSnapshot.tsx": {"path":"/home/shin/leazy/tests_examples/snapshot_test/ExampleSnapshot.tsx","statementMap":{"0":{"start":{"line":10,"column":4},"end":{"line":15,"column":5}}},"fnMap":{"0":{"name":"Profile","decl":{"start":{"line":9,"column":24},"end":{"line":9,"column":31}},"loc":{"start":{"line":9,"column":64},"end":{"line":16,"column":1}},"line":9}},"branchMap":{},"s":{"0":3},"f":{"0":3},"b":{},"_coverageSchema":"1a1c01bbd47fc00a2c39e90264f33305004495a9","hash":"d316255863a650681de115a4ac09a1a7b5bf6499"}
,"/home/shin/leazy/tests_examples/testing_basic/UnitTestComponent.tsx": {"path":"/home/shin/leazy/tests_examples/testing_basic/UnitTestComponent.tsx","statementMap":{"0":{"start":{"line":5,"column":4},"end":{"line":9,"column":5}}},"fnMap":{"0":{"name":"UnitExample","decl":{"start":{"line":4,"column":24},"end":{"line":4,"column":35}},"loc":{"start":{"line":4,"column":38},"end":{"line":10,"column":1}},"line":4}},"branchMap":{},"s":{"0":3},"f":{"0":3},"b":{},"_coverageSchema":"1a1c01bbd47fc00a2c39e90264f33305004495a9","hash":"6231dc2259da2c2791eb03668d8a01bfa9f96828"}
,"/home/shin/leazy/tests_examples/testing_mocking/ExampleApi.tsx": {"path":"/home/shin/leazy/tests_examples/testing_mocking/ExampleApi.tsx","statementMap":{"0":{"start":{"line":2,"column":21},"end":{"line":2,"column":72}},"1":{"start":{"line":4,"column":4},"end":{"line":4,"column":33}}},"fnMap":{"0":{"name":"getUserProfile","decl":{"start":{"line":1,"column":22},"end":{"line":1,"column":36}},"loc":{"start":{"line":1,"column":39},"end":{"line":5,"column":1}},"line":1}},"branchMap":{},"s":{"0":0,"1":0},"f":{"0":0},"b":{}}
,"/home/shin/leazy/tests_examples/testing_mocking/UserProfile.tsx": {"path":"/home/shin/leazy/tests_examples/testing_mocking/UserProfile.tsx","statementMap":{"0":{"start":{"line":11,"column":28},"end":{"line":11,"column":55}},"1":{"start":{"line":13,"column":4},"end":{"line":19,"column":11}},"2":{"start":{"line":15,"column":25},"end":{"line":15,"column":47}},"3":{"start":{"line":16,"column":12},"end":{"line":16,"column":26}},"4":{"start":{"line":18,"column":8},"end":{"line":18,"column":20}},"5":{"start":{"line":21,"column":4},"end":{"line":23,"column":5}},"6":{"start":{"line":22,"column":8},"end":{"line":22,"column":39}},"7":{"start":{"line":25,"column":4},"end":{"line":30,"column":6}}},"fnMap":{"0":{"name":"UserProfile","decl":{"start":{"line":10,"column":24},"end":{"line":10,"column":35}},"loc":{"start":{"line":10,"column":38},"end":{"line":31,"column":1}},"line":10},"1":{"name":"(anonymous_1)","decl":{"start":{"line":13,"column":14},"end":{"line":13,"column":15}},"loc":{"start":{"line":13,"column":20},"end":{"line":19,"column":5}},"line":13},"2":{"name":"fetchData","decl":{"start":{"line":14,"column":23},"end":{"line":14,"column":32}},"loc":{"start":{"line":14,"column":35},"end":{"line":17,"column":9}},"line":14}},"branchMap":{"0":{"loc":{"start":{"line":21,"column":4},"end":{"line":23,"column":5}},"type":"if","locations":[{"start":{"line":21,"column":4},"end":{"line":23,"column":5}},{"start":{},"end":{}}],"line":21}},"s":{"0":2,"1":2,"2":1,"3":1,"4":1,"5":2,"6":1,"7":1},"f":{"0":2,"1":1,"2":1},"b":{"0":[1,1]},"_coverageSchema":"1a1c01bbd47fc00a2c39e90264f33305004495a9","hash":"f5d98e5736b2199d328529d73f982d69fd3ea2df"}
,"/home/shin/leazy/tests_examples/testing_props/ExampleWithProps.tsx": {"path":"/home/shin/leazy/tests_examples/testing_props/ExampleWithProps.tsx","statementMap":{"0":{"start":{"line":10,"column":4},"end":{"line":14,"column":5}}},"fnMap":{"0":{"name":"Greeting","decl":{"start":{"line":9,"column":24},"end":{"line":9,"column":32}},"loc":{"start":{"line":9,"column":68},"end":{"line":15,"column":1}},"line":9}},"branchMap":{"0":{"loc":{"start":{"line":12,"column":20},"end":{"line":12,"column":65}},"type":"cond-expr","locations":[{"start":{"line":12,"column":32},"end":{"line":12,"column":46}},{"start":{"line":12,"column":49},"end":{"line":12,"column":65}}],"line":12}},"s":{"0":2},"f":{"0":2},"b":{"0":[1,1]},"_coverageSchema":"1a1c01bbd47fc00a2c39e90264f33305004495a9","hash":"3eba1672f81464a80c010816b286a003fc28bedd"}
,"/home/shin/leazy/tests_examples/testing_states/ExampleWithState.tsx": {"path":"/home/shin/leazy/tests_examples/testing_states/ExampleWithState.tsx","statementMap":{"0":{"start":{"line":11,"column":30},"end":{"line":11,"column":49}},"1":{"start":{"line":12,"column":4},"end":{"line":17,"column":5}},"2":{"start":{"line":15,"column":53},"end":{"line":15,"column":72}}},"fnMap":{"0":{"name":"SimpleCounter","decl":{"start":{"line":10,"column":24},"end":{"line":10,"column":37}},"loc":{"start":{"line":10,"column":71},"end":{"line":18,"column":1}},"line":10},"1":{"name":"(anonymous_1)","decl":{"start":{"line":15,"column":47},"end":{"line":15,"column":48}},"loc":{"start":{"line":15,"column":53},"end":{"line":15,"column":72}},"line":15}},"branchMap":{},"s":{"0":8,"1":8,"2":6},"f":{"0":8,"1":6},"b":{},"_coverageSchema":"1a1c01bbd47fc00a2c39e90264f33305004495a9","hash":"16780a0870495c50ce79f5006a180d7cb18e8996"}
,"/home/shin/leazy/types/types.tsx": {"path":"/home/shin/leazy/types/types.tsx","statementMap":{},"fnMap":{},"branchMap":{},"s":{},"f":{},"b":{}}
}
