{"/home/shin/leazy/app/index.tsx": {"path":"/home/shin/leazy/app/index.tsx","statementMap":{"0":{"start":{"line":24,"column":15},"end":{"line":24,"column":38}},"1":{"start":{"line":25,"column":14},"end":{"line":25,"column":42}},"2":{"start":{"line":28,"column":0},"end":{"line":28,"column":27}},"3":{"start":{"line":32,"column":38},"end":{"line":32,"column":62}},"4":{"start":{"line":33,"column":32},"end":{"line":33,"column":55}},"5":{"start":{"line":35,"column":2},"end":{"line":43,"column":9}},"6":{"start":{"line":37,"column":24},"end":{"line":40,"column":6}},"7":{"start":{"line":38,"column":6},"end":{"line":38,"column":28}},"8":{"start":{"line":39,"column":6},"end":{"line":39,"column":24}},"9":{"start":{"line":42,"column":4},"end":{"line":42,"column":23}},"10":{"start":{"line":45,"column":2},"end":{"line":48,"column":3}},"11":{"start":{"line":47,"column":4},"end":{"line":47,"column":16}},"12":{"start":{"line":50,"column":2},"end":{"line":54,"column":4}},"13":{"start":{"line":57,"column":28},"end":{"line":70,"column":5}},"14":{"start":{"line":58,"column":2},"end":{"line":69,"column":8}},"15":{"start":{"line":73,"column":22},"end":{"line":85,"column":1}},"16":{"start":{"line":74,"column":2},"end":{"line":84,"column":4}},"17":{"start":{"line":87,"column":31},"end":{"line":94,"column":5}},"18":{"start":{"line":88,"column":6},"end":{"line":93,"column":8}}},"fnMap":{"0":{"name":"App","decl":{"start":{"line":31,"column":24},"end":{"line":31,"column":27}},"loc":{"start":{"line":31,"column":30},"end":{"line":55,"column":1}},"line":31},"1":{"name":"(anonymous_1)","decl":{"start":{"line":35,"column":12},"end":{"line":35,"column":13}},"loc":{"start":{"line":35,"column":18},"end":{"line":43,"column":3}},"line":35},"2":{"name":"(anonymous_2)","decl":{"start":{"line":37,"column":48},"end":{"line":37,"column":49}},"loc":{"start":{"line":37,"column":56},"end":{"line":40,"column":5}},"line":37},"3":{"name":"(anonymous_3)","decl":{"start":{"line":57,"column":28},"end":{"line":57,"column":29}},"loc":{"start":{"line":57,"column":34},"end":{"line":70,"column":5}},"line":57},"4":{"name":"(anonymous_4)","decl":{"start":{"line":73,"column":22},"end":{"line":73,"column":23}},"loc":{"start":{"line":73,"column":28},"end":{"line":85,"column":1}},"line":73},"5":{"name":"(anonymous_5)","decl":{"start":{"line":87,"column":31},"end":{"line":87,"column":32}},"loc":{"start":{"line":87,"column":37},"end":{"line":94,"column":5}},"line":87}},"branchMap":{"0":{"loc":{"start":{"line":45,"column":2},"end":{"line":48,"column":3}},"type":"if","locations":[{"start":{"line":45,"column":2},"end":{"line":48,"column":3}},{"start":{},"end":{}}],"line":45},"1":{"loc":{"start":{"line":52,"column":7},"end":{"line":52,"column":62}},"type":"cond-expr","locations":[{"start":{"line":52,"column":20},"end":{"line":52,"column":37}},{"start":{"line":52,"column":40},"end":{"line":52,"column":62}}],"line":52}},"s":{"0":0,"1":0,"2":0,"3":0,"4":0,"5":0,"6":0,"7":0,"8":0,"9":0,"10":0,"11":0,"12":0,"13":0,"14":0,"15":0,"16":0,"17":0,"18":0},"f":{"0":0,"1":0,"2":0,"3":0,"4":0,"5":0},"b":{"0":[0,0],"1":[0,0]}}
,"/home/shin/leazy/app/components/AdaptiveButton.tsx": {"path":"/home/shin/leazy/app/components/AdaptiveButton.tsx","statementMap":{"0":{"start":{"line":16,"column":46},"end":{"line":40,"column":1}},"1":{"start":{"line":25,"column":22},"end":{"line":30,"column":3}},"2":{"start":{"line":32,"column":2},"end":{"line":39,"column":4}},"3":{"start":{"line":42,"column":15},"end":{"line":60,"column":2}}},"fnMap":{"0":{"name":"(anonymous_0)","decl":{"start":{"line":16,"column":46},"end":{"line":16,"column":47}},"loc":{"start":{"line":23,"column":6},"end":{"line":40,"column":1}},"line":23}},"branchMap":{"0":{"loc":{"start":{"line":20,"column":2},"end":{"line":20,"column":23}},"type":"default-arg","locations":[{"start":{"line":20,"column":17},"end":{"line":20,"column":23}}],"line":20},"1":{"loc":{"start":{"line":25,"column":22},"end":{"line":30,"column":3}},"type":"binary-expr","locations":[{"start":{"line":25,"column":22},"end":{"line":25,"column":26}},{"start":{"line":26,"column":4},"end":{"line":28,"column":11}}],"line":25},"2":{"loc":{"start":{"line":35,"column":7},"end":{"line":35,"column":45}},"type":"binary-expr","locations":[{"start":{"line":35,"column":7},"end":{"line":35,"column":30}},{"start":{"line":35,"column":34},"end":{"line":35,"column":45}}],"line":35},"3":{"loc":{"start":{"line":37,"column":7},"end":{"line":37,"column":46}},"type":"binary-expr","locations":[{"start":{"line":37,"column":7},"end":{"line":37,"column":31}},{"start":{"line":37,"column":35},"end":{"line":37,"column":46}}],"line":37}},"s":{"0":0,"1":0,"2":0,"3":0},"f":{"0":0},"b":{"0":[0],"1":[0,0],"2":[0,0],"3":[0,0]}}
,"/home/shin/leazy/app/components/CustomButton.tsx": {"path":"/home/shin/leazy/app/components/CustomButton.tsx","statementMap":{"0":{"start":{"line":6,"column":25},"end":{"line":15,"column":5}},"1":{"start":{"line":7,"column":8},"end":{"line":14,"column":9}},"2":{"start":{"line":9,"column":16},"end":{"line":9,"column":43}},"3":{"start":{"line":11,"column":16},"end":{"line":11,"column":42}},"4":{"start":{"line":13,"column":16},"end":{"line":13,"column":42}},"5":{"start":{"line":17,"column":4},"end":{"line":24,"column":6}},"6":{"start":{"line":27,"column":15},"end":{"line":87,"column":2}}},"fnMap":{"0":{"name":"CustomButton","decl":{"start":{"line":4,"column":24},"end":{"line":4,"column":36}},"loc":{"start":{"line":4,"column":222},"end":{"line":25,"column":1}},"line":4},"1":{"name":"(anonymous_1)","decl":{"start":{"line":6,"column":25},"end":{"line":6,"column":26}},"loc":{"start":{"line":6,"column":31},"end":{"line":15,"column":5}},"line":6}},"branchMap":{"0":{"loc":{"start":{"line":4,"column":55},"end":{"line":4,"column":69}},"type":"default-arg","locations":[{"start":{"line":4,"column":62},"end":{"line":4,"column":69}}],"line":4},"1":{"loc":{"start":{"line":4,"column":71},"end":{"line":4,"column":81}},"type":"default-arg","locations":[{"start":{"line":4,"column":79},"end":{"line":4,"column":81}}],"line":4},"2":{"loc":{"start":{"line":7,"column":8},"end":{"line":14,"column":9}},"type":"switch","locations":[{"start":{"line":8,"column":12},"end":{"line":9,"column":43}},{"start":{"line":10,"column":12},"end":{"line":11,"column":42}},{"start":{"line":12,"column":12},"end":{"line":13,"column":42}}],"line":7},"3":{"loc":{"start":{"line":20,"column":17},"end":{"line":20,"column":77}},"type":"binary-expr","locations":[{"start":{"line":20,"column":17},"end":{"line":20,"column":22}},{"start":{"line":20,"column":26},"end":{"line":20,"column":77}}],"line":20}},"s":{"0":0,"1":0,"2":0,"3":0,"4":0,"5":0,"6":0},"f":{"0":0,"1":0},"b":{"0":[0],"1":[0],"2":[0,0,0],"3":[0,0]}}
,"/home/shin/leazy/app/components/CustomPicker.tsx": {"path":"/home/shin/leazy/app/components/CustomPicker.tsx","statementMap":{"0":{"start":{"line":7,"column":4},"end":{"line":21,"column":6}},"1":{"start":{"line":17,"column":20},"end":{"line":17,"column":73}},"2":{"start":{"line":24,"column":15},"end":{"line":51,"column":2}}},"fnMap":{"0":{"name":"CustomPicker","decl":{"start":{"line":6,"column":24},"end":{"line":6,"column":36}},"loc":{"start":{"line":6,"column":192},"end":{"line":22,"column":1}},"line":6},"1":{"name":"(anonymous_1)","decl":{"start":{"line":16,"column":45},"end":{"line":16,"column":46}},"loc":{"start":{"line":17,"column":20},"end":{"line":17,"column":73}},"line":17}},"branchMap":{},"s":{"0":0,"1":0,"2":0},"f":{"0":0,"1":0},"b":{}}
,"/home/shin/leazy/app/components/CustomPopUp.tsx": {"path":"/home/shin/leazy/app/components/CustomPopUp.tsx","statementMap":{"0":{"start":{"line":6,"column":2},"end":{"line":22,"column":4}},"1":{"start":{"line":26,"column":15},"end":{"line":103,"column":2}}},"fnMap":{"0":{"name":"CustomPopUp","decl":{"start":{"line":5,"column":24},"end":{"line":5,"column":35}},"loc":{"start":{"line":5,"column":114},"end":{"line":23,"column":1}},"line":5}},"branchMap":{},"s":{"0":0,"1":0},"f":{"0":0},"b":{}}
,"/home/shin/leazy/app/components/CustomTextField.tsx": {"path":"/home/shin/leazy/app/components/CustomTextField.tsx","statementMap":{"0":{"start":{"line":21,"column":4},"end":{"line":35,"column":6}},"1":{"start":{"line":38,"column":15},"end":{"line":66,"column":2}}},"fnMap":{"0":{"name":"CustomTextField","decl":{"start":{"line":4,"column":24},"end":{"line":4,"column":39}},"loc":{"start":{"line":20,"column":5},"end":{"line":36,"column":3}},"line":20}},"branchMap":{"0":{"loc":{"start":{"line":9,"column":4},"end":{"line":9,"column":28}},"type":"default-arg","locations":[{"start":{"line":9,"column":19},"end":{"line":9,"column":28}}],"line":9},"1":{"loc":{"start":{"line":10,"column":4},"end":{"line":10,"column":27}},"type":"default-arg","locations":[{"start":{"line":10,"column":21},"end":{"line":10,"column":27}}],"line":10},"2":{"loc":{"start":{"line":11,"column":4},"end":{"line":11,"column":27}},"type":"default-arg","locations":[{"start":{"line":11,"column":22},"end":{"line":11,"column":27}}],"line":11}},"s":{"0":0,"1":0},"f":{"0":0},"b":{"0":[0],"1":[0],"2":[0]}}
,"/home/shin/leazy/app/components/GoogleSignInButton.tsx": {"path":"/home/shin/leazy/app/components/GoogleSignInButton.tsx","statementMap":{"0":{"start":{"line":12,"column":34},"end":{"line":61,"column":1}},"1":{"start":{"line":13,"column":42},"end":{"line":16,"column":3}},"2":{"start":{"line":17,"column":20},"end":{"line":17,"column":71}},"3":{"start":{"line":19,"column":1},"end":{"line":39,"column":15}},"4":{"start":{"line":20,"column":3},"end":{"line":38,"column":4}},"5":{"start":{"line":21,"column":26},"end":{"line":21,"column":41}},"6":{"start":{"line":22,"column":24},"end":{"line":22,"column":63}},"7":{"start":{"line":23,"column":5},"end":{"line":37,"column":9}},"8":{"start":{"line":25,"column":10},"end":{"line":32,"column":12}},"9":{"start":{"line":26,"column":12},"end":{"line":31,"column":13}},"10":{"start":{"line":27,"column":14},"end":{"line":27,"column":52}},"11":{"start":{"line":36,"column":9},"end":{"line":36,"column":81}},"12":{"start":{"line":41,"column":1},"end":{"line":60,"column":2}},"13":{"start":{"line":45,"column":20},"end":{"line":45,"column":33}},"14":{"start":{"line":63,"column":15},"end":{"line":95,"column":2}}},"fnMap":{"0":{"name":"(anonymous_0)","decl":{"start":{"line":12,"column":34},"end":{"line":12,"column":35}},"loc":{"start":{"line":12,"column":40},"end":{"line":61,"column":1}},"line":12},"1":{"name":"(anonymous_1)","decl":{"start":{"line":19,"column":11},"end":{"line":19,"column":12}},"loc":{"start":{"line":19,"column":17},"end":{"line":39,"column":2}},"line":19},"2":{"name":"(anonymous_2)","decl":{"start":{"line":24,"column":13},"end":{"line":24,"column":14}},"loc":{"start":{"line":24,"column":33},"end":{"line":34,"column":8}},"line":24},"3":{"name":"(anonymous_3)","decl":{"start":{"line":25,"column":48},"end":{"line":25,"column":49}},"loc":{"start":{"line":25,"column":58},"end":{"line":32,"column":11}},"line":25},"4":{"name":"(anonymous_4)","decl":{"start":{"line":35,"column":14},"end":{"line":35,"column":15}},"loc":{"start":{"line":35,"column":25},"end":{"line":37,"column":8}},"line":35},"5":{"name":"(anonymous_5)","decl":{"start":{"line":45,"column":14},"end":{"line":45,"column":15}},"loc":{"start":{"line":45,"column":20},"end":{"line":45,"column":33}},"line":45}},"branchMap":{"0":{"loc":{"start":{"line":20,"column":3},"end":{"line":38,"column":4}},"type":"if","locations":[{"start":{"line":20,"column":3},"end":{"line":38,"column":4}},{"start":{},"end":{}}],"line":20},"1":{"loc":{"start":{"line":26,"column":12},"end":{"line":31,"column":13}},"type":"if","locations":[{"start":{"line":26,"column":12},"end":{"line":31,"column":13}},{"start":{"line":29,"column":17},"end":{"line":31,"column":13}}],"line":26}},"s":{"0":0,"1":0,"2":0,"3":0,"4":0,"5":0,"6":0,"7":0,"8":0,"9":0,"10":0,"11":0,"12":0,"13":0,"14":0},"f":{"0":0,"1":0,"2":0,"3":0,"4":0,"5":0},"b":{"0":[0,0],"1":[0,0]}}
,"/home/shin/leazy/app/components/Header.tsx": {"path":"/home/shin/leazy/app/components/Header.tsx","statementMap":{"0":{"start":{"line":11,"column":19},"end":{"line":11,"column":43}},"1":{"start":{"line":13,"column":48},"end":{"line":34,"column":1}},"2":{"start":{"line":14,"column":23},"end":{"line":14,"column":80}},"3":{"start":{"line":15,"column":4},"end":{"line":33,"column":5}},"4":{"start":{"line":18,"column":49},"end":{"line":18,"column":72}},"5":{"start":{"line":38,"column":15},"end":{"line":82,"column":2}}},"fnMap":{"0":{"name":"(anonymous_0)","decl":{"start":{"line":13,"column":48},"end":{"line":13,"column":49}},"loc":{"start":{"line":13,"column":64},"end":{"line":34,"column":1}},"line":13},"1":{"name":"(anonymous_1)","decl":{"start":{"line":18,"column":43},"end":{"line":18,"column":44}},"loc":{"start":{"line":18,"column":49},"end":{"line":18,"column":72}},"line":18}},"branchMap":{},"s":{"0":0,"1":0,"2":0,"3":0,"4":0,"5":0},"f":{"0":0,"1":0},"b":{}}
,"/home/shin/leazy/app/components/StatusBadge.tsx": {"path":"/home/shin/leazy/app/components/StatusBadge.tsx","statementMap":{"0":{"start":{"line":11,"column":48},"end":{"line":30,"column":1}},"1":{"start":{"line":12,"column":27},"end":{"line":23,"column":5}},"2":{"start":{"line":13,"column":8},"end":{"line":22,"column":9}},"3":{"start":{"line":15,"column":16},"end":{"line":15,"column":40}},"4":{"start":{"line":17,"column":16},"end":{"line":17,"column":41}},"5":{"start":{"line":19,"column":16},"end":{"line":19,"column":41}},"6":{"start":{"line":21,"column":16},"end":{"line":21,"column":44}},"7":{"start":{"line":25,"column":4},"end":{"line":29,"column":6}},"8":{"start":{"line":34,"column":15},"end":{"line":57,"column":2}}},"fnMap":{"0":{"name":"(anonymous_0)","decl":{"start":{"line":11,"column":48},"end":{"line":11,"column":49}},"loc":{"start":{"line":11,"column":64},"end":{"line":30,"column":1}},"line":11},"1":{"name":"(anonymous_1)","decl":{"start":{"line":12,"column":27},"end":{"line":12,"column":28}},"loc":{"start":{"line":12,"column":47},"end":{"line":23,"column":5}},"line":12}},"branchMap":{"0":{"loc":{"start":{"line":13,"column":8},"end":{"line":22,"column":9}},"type":"switch","locations":[{"start":{"line":14,"column":12},"end":{"line":15,"column":40}},{"start":{"line":16,"column":12},"end":{"line":17,"column":41}},{"start":{"line":18,"column":12},"end":{"line":19,"column":41}},{"start":{"line":20,"column":12},"end":{"line":21,"column":44}}],"line":13}},"s":{"0":0,"1":0,"2":0,"3":0,"4":0,"5":0,"6":0,"7":0,"8":0},"f":{"0":0,"1":0},"b":{"0":[0,0,0,0]}}
,"/home/shin/leazy/app/components/StatusDropdown.tsx": {"path":"/home/shin/leazy/app/components/StatusDropdown.tsx","statementMap":{"0":{"start":{"line":13,"column":54},"end":{"line":37,"column":1}},"1":{"start":{"line":14,"column":26},"end":{"line":14,"column":47}},"2":{"start":{"line":15,"column":28},"end":{"line":19,"column":4}},"3":{"start":{"line":21,"column":2},"end":{"line":36,"column":4}},"4":{"start":{"line":41,"column":15},"end":{"line":65,"column":2}}},"fnMap":{"0":{"name":"(anonymous_0)","decl":{"start":{"line":13,"column":54},"end":{"line":13,"column":55}},"loc":{"start":{"line":13,"column":79},"end":{"line":37,"column":1}},"line":13}},"branchMap":{},"s":{"0":0,"1":0,"2":0,"3":0,"4":0},"f":{"0":0},"b":{}}
,"/home/shin/leazy/app/screens/CameraScreen.tsx": {"path":"/home/shin/leazy/app/screens/CameraScreen.tsx","statementMap":{"0":{"start":{"line":11,"column":21},"end":{"line":11,"column":72}},"1":{"start":{"line":12,"column":44},"end":{"line":12,"column":74}},"2":{"start":{"line":13,"column":26},"end":{"line":13,"column":54}},"3":{"start":{"line":14,"column":28},"end":{"line":14,"column":54}},"4":{"start":{"line":15,"column":26},"end":{"line":15,"column":37}},"5":{"start":{"line":16,"column":20},"end":{"line":16,"column":44}},"6":{"start":{"line":18,"column":2},"end":{"line":29,"column":9}},"7":{"start":{"line":19,"column":4},"end":{"line":28,"column":9}},"8":{"start":{"line":20,"column":39},"end":{"line":20,"column":83}},"9":{"start":{"line":21,"column":38},"end":{"line":21,"column":75}},"10":{"start":{"line":22,"column":45},"end":{"line":22,"column":89}},"11":{"start":{"line":23,"column":6},"end":{"line":27,"column":8}},"12":{"start":{"line":31,"column":22},"end":{"line":45,"column":18}},"13":{"start":{"line":32,"column":4},"end":{"line":44,"column":5}},"14":{"start":{"line":33,"column":6},"end":{"line":43,"column":7}},"15":{"start":{"line":34,"column":22},"end":{"line":37,"column":10}},"16":{"start":{"line":38,"column":8},"end":{"line":38,"column":57}},"17":{"start":{"line":39,"column":8},"end":{"line":39,"column":80}},"18":{"start":{"line":41,"column":8},"end":{"line":41,"column":55}},"19":{"start":{"line":42,"column":8},"end":{"line":42,"column":29}},"20":{"start":{"line":47,"column":27},"end":{"line":49,"column":8}},"21":{"start":{"line":48,"column":4},"end":{"line":48,"column":64}},"22":{"start":{"line":48,"column":24},"end":{"line":48,"column":61}},"23":{"start":{"line":51,"column":22},"end":{"line":53,"column":8}},"24":{"start":{"line":52,"column":4},"end":{"line":52,"column":60}},"25":{"start":{"line":52,"column":25},"end":{"line":52,"column":57}},"26":{"start":{"line":55,"column":21},"end":{"line":60,"column":8}},"27":{"start":{"line":56,"column":4},"end":{"line":59,"column":7}},"28":{"start":{"line":57,"column":22},"end":{"line":57,"column":80}},"29":{"start":{"line":58,"column":6},"end":{"line":58,"column":47}},"30":{"start":{"line":62,"column":2},"end":{"line":64,"column":3}},"31":{"start":{"line":63,"column":4},"end":{"line":63,"column":20}},"32":{"start":{"line":65,"column":2},"end":{"line":67,"column":3}},"33":{"start":{"line":66,"column":4},"end":{"line":66,"column":44}},"34":{"start":{"line":69,"column":2},"end":{"line":104,"column":4}},"35":{"start":{"line":87,"column":69},"end":{"line":87,"column":85}},"36":{"start":{"line":90,"column":69},"end":{"line":90,"column":86}},"37":{"start":{"line":107,"column":15},"end":{"line":158,"column":2}}},"fnMap":{"0":{"name":"CameraScreen","decl":{"start":{"line":10,"column":24},"end":{"line":10,"column":36}},"loc":{"start":{"line":10,"column":39},"end":{"line":105,"column":1}},"line":10},"1":{"name":"(anonymous_1)","decl":{"start":{"line":18,"column":12},"end":{"line":18,"column":13}},"loc":{"start":{"line":18,"column":18},"end":{"line":29,"column":3}},"line":18},"2":{"name":"(anonymous_2)","decl":{"start":{"line":19,"column":5},"end":{"line":19,"column":6}},"loc":{"start":{"line":19,"column":17},"end":{"line":28,"column":5}},"line":19},"3":{"name":"(anonymous_3)","decl":{"start":{"line":31,"column":34},"end":{"line":31,"column":35}},"loc":{"start":{"line":31,"column":46},"end":{"line":45,"column":3}},"line":31},"4":{"name":"(anonymous_4)","decl":{"start":{"line":47,"column":39},"end":{"line":47,"column":40}},"loc":{"start":{"line":47,"column":45},"end":{"line":49,"column":3}},"line":47},"5":{"name":"(anonymous_5)","decl":{"start":{"line":48,"column":12},"end":{"line":48,"column":13}},"loc":{"start":{"line":48,"column":24},"end":{"line":48,"column":61}},"line":48},"6":{"name":"(anonymous_6)","decl":{"start":{"line":51,"column":34},"end":{"line":51,"column":35}},"loc":{"start":{"line":51,"column":40},"end":{"line":53,"column":3}},"line":51},"7":{"name":"(anonymous_7)","decl":{"start":{"line":52,"column":13},"end":{"line":52,"column":14}},"loc":{"start":{"line":52,"column":25},"end":{"line":52,"column":57}},"line":52},"8":{"name":"(anonymous_8)","decl":{"start":{"line":55,"column":33},"end":{"line":55,"column":34}},"loc":{"start":{"line":55,"column":62},"end":{"line":60,"column":3}},"line":55},"9":{"name":"(anonymous_9)","decl":{"start":{"line":56,"column":12},"end":{"line":56,"column":13}},"loc":{"start":{"line":56,"column":27},"end":{"line":59,"column":5}},"line":56},"10":{"name":"(anonymous_10)","decl":{"start":{"line":87,"column":63},"end":{"line":87,"column":64}},"loc":{"start":{"line":87,"column":69},"end":{"line":87,"column":85}},"line":87},"11":{"name":"(anonymous_11)","decl":{"start":{"line":90,"column":63},"end":{"line":90,"column":64}},"loc":{"start":{"line":90,"column":69},"end":{"line":90,"column":86}},"line":90}},"branchMap":{"0":{"loc":{"start":{"line":24,"column":8},"end":{"line":26,"column":40}},"type":"binary-expr","locations":[{"start":{"line":24,"column":8},"end":{"line":24,"column":34}},{"start":{"line":25,"column":8},"end":{"line":25,"column":33}},{"start":{"line":26,"column":8},"end":{"line":26,"column":40}}],"line":24},"1":{"loc":{"start":{"line":32,"column":4},"end":{"line":44,"column":5}},"type":"if","locations":[{"start":{"line":32,"column":4},"end":{"line":44,"column":5}},{"start":{},"end":{}}],"line":32},"2":{"loc":{"start":{"line":48,"column":24},"end":{"line":48,"column":61}},"type":"cond-expr","locations":[{"start":{"line":48,"column":45},"end":{"line":48,"column":52}},{"start":{"line":48,"column":55},"end":{"line":48,"column":61}}],"line":48},"3":{"loc":{"start":{"line":52,"column":25},"end":{"line":52,"column":57}},"type":"cond-expr","locations":[{"start":{"line":52,"column":45},"end":{"line":52,"column":49}},{"start":{"line":52,"column":52},"end":{"line":52,"column":57}}],"line":52},"4":{"loc":{"start":{"line":57,"column":22},"end":{"line":57,"column":80}},"type":"cond-expr","locations":[{"start":{"line":57,"column":43},"end":{"line":57,"column":60}},{"start":{"line":57,"column":63},"end":{"line":57,"column":80}}],"line":57},"5":{"loc":{"start":{"line":62,"column":2},"end":{"line":64,"column":3}},"type":"if","locations":[{"start":{"line":62,"column":2},"end":{"line":64,"column":3}},{"start":{},"end":{}}],"line":62},"6":{"loc":{"start":{"line":65,"column":2},"end":{"line":67,"column":3}},"type":"if","locations":[{"start":{"line":65,"column":2},"end":{"line":67,"column":3}},{"start":{},"end":{}}],"line":65},"7":{"loc":{"start":{"line":83,"column":28},"end":{"line":83,"column":66}},"type":"cond-expr","locations":[{"start":{"line":83,"column":45},"end":{"line":83,"column":52}},{"start":{"line":83,"column":55},"end":{"line":83,"column":66}}],"line":83}},"s":{"0":0,"1":0,"2":0,"3":0,"4":0,"5":0,"6":0,"7":0,"8":0,"9":0,"10":0,"11":0,"12":0,"13":0,"14":0,"15":0,"16":0,"17":0,"18":0,"19":0,"20":0,"21":0,"22":0,"23":0,"24":0,"25":0,"26":0,"27":0,"28":0,"29":0,"30":0,"31":0,"32":0,"33":0,"34":0,"35":0,"36":0,"37":0},"f":{"0":0,"1":0,"2":0,"3":0,"4":0,"5":0,"6":0,"7":0,"8":0,"9":0,"10":0,"11":0},"b":{"0":[0,0,0],"1":[0,0],"2":[0,0],"3":[0,0],"4":[0,0],"5":[0,0],"6":[0,0],"7":[0,0]}}
,"/home/shin/leazy/app/screens/CapturedMediaScreen.tsx": {"path":"/home/shin/leazy/app/screens/CapturedMediaScreen.tsx","statementMap":{"0":{"start":{"line":17,"column":16},"end":{"line":17,"column":56}},"1":{"start":{"line":18,"column":21},"end":{"line":18,"column":36}},"2":{"start":{"line":19,"column":24},"end":{"line":19,"column":36}},"3":{"start":{"line":20,"column":36},"end":{"line":20,"column":51}},"4":{"start":{"line":22,"column":23},"end":{"line":42,"column":29}},"5":{"start":{"line":23,"column":4},"end":{"line":41,"column":5}},"6":{"start":{"line":25,"column":23},"end":{"line":25,"column":39}},"7":{"start":{"line":26,"column":19},"end":{"line":26,"column":40}},"8":{"start":{"line":28,"column":23},"end":{"line":28,"column":68}},"9":{"start":{"line":29,"column":23},"end":{"line":29,"column":67}},"10":{"start":{"line":32,"column":25},"end":{"line":32,"column":60}},"11":{"start":{"line":35,"column":6},"end":{"line":35,"column":42}},"12":{"start":{"line":36,"column":6},"end":{"line":36,"column":60}},"13":{"start":{"line":37,"column":6},"end":{"line":37,"column":26}},"14":{"start":{"line":39,"column":6},"end":{"line":39,"column":65}},"15":{"start":{"line":40,"column":6},"end":{"line":40,"column":27}},"16":{"start":{"line":44,"column":2},"end":{"line":57,"column":33}},"17":{"start":{"line":45,"column":4},"end":{"line":56,"column":7}},"18":{"start":{"line":47,"column":8},"end":{"line":49,"column":27}},"19":{"start":{"line":47,"column":41},"end":{"line":47,"column":60}},"20":{"start":{"line":52,"column":8},"end":{"line":54,"column":27}},"21":{"start":{"line":59,"column":26},"end":{"line":61,"column":3}},"22":{"start":{"line":60,"column":4},"end":{"line":60,"column":29}},"23":{"start":{"line":63,"column":2},"end":{"line":92,"column":4}},"24":{"start":{"line":95,"column":15},"end":{"line":132,"column":2}}},"fnMap":{"0":{"name":"CapturedMediaScreen","decl":{"start":{"line":16,"column":24},"end":{"line":16,"column":43}},"loc":{"start":{"line":16,"column":46},"end":{"line":93,"column":1}},"line":16},"1":{"name":"(anonymous_1)","decl":{"start":{"line":22,"column":35},"end":{"line":22,"column":36}},"loc":{"start":{"line":22,"column":47},"end":{"line":42,"column":3}},"line":22},"2":{"name":"(anonymous_2)","decl":{"start":{"line":44,"column":12},"end":{"line":44,"column":13}},"loc":{"start":{"line":44,"column":18},"end":{"line":57,"column":3}},"line":44},"3":{"name":"(anonymous_3)","decl":{"start":{"line":46,"column":18},"end":{"line":46,"column":19}},"loc":{"start":{"line":47,"column":8},"end":{"line":49,"column":27}},"line":47},"4":{"name":"(anonymous_4)","decl":{"start":{"line":47,"column":35},"end":{"line":47,"column":36}},"loc":{"start":{"line":47,"column":41},"end":{"line":47,"column":60}},"line":47},"5":{"name":"(anonymous_5)","decl":{"start":{"line":51,"column":19},"end":{"line":51,"column":20}},"loc":{"start":{"line":52,"column":8},"end":{"line":54,"column":27}},"line":52},"6":{"name":"(anonymous_6)","decl":{"start":{"line":59,"column":26},"end":{"line":59,"column":27}},"loc":{"start":{"line":59,"column":32},"end":{"line":61,"column":3}},"line":59}},"branchMap":{"0":{"loc":{"start":{"line":28,"column":23},"end":{"line":28,"column":68}},"type":"cond-expr","locations":[{"start":{"line":28,"column":42},"end":{"line":28,"column":54}},{"start":{"line":28,"column":57},"end":{"line":28,"column":68}}],"line":28},"1":{"loc":{"start":{"line":29,"column":23},"end":{"line":29,"column":67}},"type":"cond-expr","locations":[{"start":{"line":29,"column":42},"end":{"line":29,"column":53}},{"start":{"line":29,"column":56},"end":{"line":29,"column":67}}],"line":29},"2":{"loc":{"start":{"line":65,"column":7},"end":{"line":84,"column":7}},"type":"cond-expr","locations":[{"start":{"line":66,"column":8},"end":{"line":66,"column":91}},{"start":{"line":68,"column":8},"end":{"line":83,"column":15}}],"line":65},"3":{"loc":{"start":{"line":78,"column":20},"end":{"line":78,"column":48}},"type":"cond-expr","locations":[{"start":{"line":78,"column":32},"end":{"line":78,"column":39}},{"start":{"line":78,"column":42},"end":{"line":78,"column":48}}],"line":78},"4":{"loc":{"start":{"line":87,"column":11},"end":{"line":87,"column":65}},"type":"cond-expr","locations":[{"start":{"line":87,"column":30},"end":{"line":87,"column":46}},{"start":{"line":87,"column":49},"end":{"line":87,"column":65}}],"line":87}},"s":{"0":0,"1":0,"2":0,"3":0,"4":0,"5":0,"6":0,"7":0,"8":0,"9":0,"10":0,"11":0,"12":0,"13":0,"14":0,"15":0,"16":0,"17":0,"18":0,"19":0,"20":0,"21":0,"22":0,"23":0,"24":0},"f":{"0":0,"1":0,"2":0,"3":0,"4":0,"5":0,"6":0},"b":{"0":[0,0],"1":[0,0],"2":[0,0],"3":[0,0],"4":[0,0]}}
,"/home/shin/leazy/app/screens/CodeApprovedScreen.tsx": {"path":"/home/shin/leazy/app/screens/CodeApprovedScreen.tsx","statementMap":{"0":{"start":{"line":8,"column":18},"end":{"line":8,"column":54}},"1":{"start":{"line":9,"column":17},"end":{"line":11,"column":3}},"2":{"start":{"line":10,"column":4},"end":{"line":10,"column":39}},"3":{"start":{"line":13,"column":2},"end":{"line":21,"column":4}},"4":{"start":{"line":24,"column":15},"end":{"line":54,"column":2}}},"fnMap":{"0":{"name":"CodeApprovedScreen","decl":{"start":{"line":7,"column":24},"end":{"line":7,"column":42}},"loc":{"start":{"line":7,"column":45},"end":{"line":22,"column":1}},"line":7},"1":{"name":"(anonymous_1)","decl":{"start":{"line":9,"column":17},"end":{"line":9,"column":18}},"loc":{"start":{"line":9,"column":23},"end":{"line":11,"column":3}},"line":9}},"branchMap":{},"s":{"0":0,"1":0,"2":0,"3":0,"4":0},"f":{"0":0,"1":0},"b":{}}
,"/home/shin/leazy/app/screens/CodeEntryScreen.tsx": {"path":"/home/shin/leazy/app/screens/CodeEntryScreen.tsx","statementMap":{"0":{"start":{"line":10,"column":19},"end":{"line":10,"column":25}},"1":{"start":{"line":17,"column":21},"end":{"line":17,"column":72}},"2":{"start":{"line":18,"column":26},"end":{"line":18,"column":38}},"3":{"start":{"line":19,"column":30},"end":{"line":19,"column":54}},"4":{"start":{"line":21,"column":23},"end":{"line":25,"column":3}},"5":{"start":{"line":22,"column":32},"end":{"line":22,"column":34}},"6":{"start":{"line":23,"column":4},"end":{"line":23,"column":86}},"7":{"start":{"line":23,"column":28},"end":{"line":23,"column":86}},"8":{"start":{"line":24,"column":4},"end":{"line":24,"column":21}},"9":{"start":{"line":27,"column":23},"end":{"line":38,"column":3}},"10":{"start":{"line":28,"column":23},"end":{"line":28,"column":37}},"11":{"start":{"line":29,"column":24},"end":{"line":29,"column":43}},"12":{"start":{"line":30,"column":4},"end":{"line":30,"column":64}},"13":{"start":{"line":32,"column":4},"end":{"line":35,"column":5}},"14":{"start":{"line":33,"column":6},"end":{"line":33,"column":28}},"15":{"start":{"line":34,"column":6},"end":{"line":34,"column":13}},"16":{"start":{"line":37,"column":4},"end":{"line":37,"column":49}},"17":{"start":{"line":40,"column":2},"end":{"line":55,"column":4}},"18":{"start":{"line":58,"column":15},"end":{"line":101,"column":2}}},"fnMap":{"0":{"name":"CodeEntryScreen","decl":{"start":{"line":16,"column":24},"end":{"line":16,"column":39}},"loc":{"start":{"line":16,"column":42},"end":{"line":56,"column":1}},"line":16},"1":{"name":"(anonymous_1)","decl":{"start":{"line":21,"column":23},"end":{"line":21,"column":24}},"loc":{"start":{"line":21,"column":41},"end":{"line":25,"column":3}},"line":21},"2":{"name":"(anonymous_2)","decl":{"start":{"line":27,"column":23},"end":{"line":27,"column":24}},"loc":{"start":{"line":27,"column":29},"end":{"line":38,"column":3}},"line":27}},"branchMap":{"0":{"loc":{"start":{"line":23,"column":4},"end":{"line":23,"column":86}},"type":"if","locations":[{"start":{"line":23,"column":4},"end":{"line":23,"column":86}},{"start":{},"end":{}}],"line":23},"1":{"loc":{"start":{"line":30,"column":27},"end":{"line":30,"column":60}},"type":"cond-expr","locations":[{"start":{"line":30,"column":41},"end":{"line":30,"column":48}},{"start":{"line":30,"column":51},"end":{"line":30,"column":60}}],"line":30},"2":{"loc":{"start":{"line":32,"column":4},"end":{"line":35,"column":5}},"type":"if","locations":[{"start":{"line":32,"column":4},"end":{"line":35,"column":5}},{"start":{},"end":{}}],"line":32},"3":{"loc":{"start":{"line":50,"column":7},"end":{"line":50,"column":73}},"type":"binary-expr","locations":[{"start":{"line":50,"column":7},"end":{"line":50,"column":18}},{"start":{"line":50,"column":22},"end":{"line":50,"column":73}}],"line":50}},"s":{"0":0,"1":0,"2":0,"3":0,"4":0,"5":0,"6":0,"7":0,"8":0,"9":0,"10":0,"11":0,"12":0,"13":0,"14":0,"15":0,"16":0,"17":0,"18":0},"f":{"0":0,"1":0,"2":0},"b":{"0":[0,0],"1":[0,0],"2":[0,0],"3":[0,0]}}
,"/home/shin/leazy/app/screens/HomepageScreen.tsx": {"path":"/home/shin/leazy/app/screens/HomepageScreen.tsx","statementMap":{"0":{"start":{"line":12,"column":21},"end":{"line":12,"column":72}},"1":{"start":{"line":14,"column":2},"end":{"line":31,"column":4}},"2":{"start":{"line":26,"column":25},"end":{"line":26,"column":56}},"3":{"start":{"line":34,"column":15},"end":{"line":61,"column":2}}},"fnMap":{"0":{"name":"HomepageScreen","decl":{"start":{"line":11,"column":24},"end":{"line":11,"column":38}},"loc":{"start":{"line":11,"column":41},"end":{"line":32,"column":1}},"line":11},"1":{"name":"(anonymous_1)","decl":{"start":{"line":26,"column":19},"end":{"line":26,"column":20}},"loc":{"start":{"line":26,"column":25},"end":{"line":26,"column":56}},"line":26}},"branchMap":{},"s":{"0":0,"1":0,"2":0,"3":0},"f":{"0":0,"1":0},"b":{}}
,"/home/shin/leazy/app/screens/IssueDetailsScreen.tsx": {"path":"/home/shin/leazy/app/screens/IssueDetailsScreen.tsx","statementMap":{"0":{"start":{"line":26,"column":37},"end":{"line":140,"column":1}},"1":{"start":{"line":27,"column":21},"end":{"line":27,"column":78}},"2":{"start":{"line":29,"column":16},"end":{"line":29,"column":73}},"3":{"start":{"line":30,"column":24},"end":{"line":30,"column":36}},"4":{"start":{"line":32,"column":28},"end":{"line":32,"column":69}},"5":{"start":{"line":33,"column":32},"end":{"line":33,"column":46}},"6":{"start":{"line":35,"column":32},"end":{"line":35,"column":91}},"7":{"start":{"line":36,"column":42},"end":{"line":36,"column":54}},"8":{"start":{"line":37,"column":54},"end":{"line":37,"column":65}},"9":{"start":{"line":40,"column":32},"end":{"line":44,"column":5}},"10":{"start":{"line":41,"column":6},"end":{"line":43,"column":7}},"11":{"start":{"line":42,"column":8},"end":{"line":42,"column":106}},"12":{"start":{"line":42,"column":45},"end":{"line":42,"column":103}},"13":{"start":{"line":47,"column":28},"end":{"line":51,"column":5}},"14":{"start":{"line":48,"column":6},"end":{"line":50,"column":7}},"15":{"start":{"line":49,"column":8},"end":{"line":49,"column":106}},"16":{"start":{"line":49,"column":45},"end":{"line":49,"column":103}},"17":{"start":{"line":54,"column":2},"end":{"line":66,"column":18}},"18":{"start":{"line":55,"column":23},"end":{"line":63,"column":5}},"19":{"start":{"line":56,"column":27},"end":{"line":56,"column":65}},"20":{"start":{"line":57,"column":6},"end":{"line":61,"column":7}},"21":{"start":{"line":58,"column":8},"end":{"line":58,"column":31}},"22":{"start":{"line":59,"column":8},"end":{"line":59,"column":46}},"23":{"start":{"line":60,"column":8},"end":{"line":60,"column":56}},"24":{"start":{"line":62,"column":6},"end":{"line":62,"column":24}},"25":{"start":{"line":65,"column":4},"end":{"line":65,"column":17}},"26":{"start":{"line":68,"column":2},"end":{"line":70,"column":3}},"27":{"start":{"line":69,"column":4},"end":{"line":69,"column":35}},"28":{"start":{"line":72,"column":2},"end":{"line":74,"column":3}},"29":{"start":{"line":73,"column":4},"end":{"line":73,"column":41}},"30":{"start":{"line":77,"column":22},"end":{"line":87,"column":3}},"31":{"start":{"line":78,"column":4},"end":{"line":86,"column":5}},"32":{"start":{"line":79,"column":6},"end":{"line":82,"column":9}},"33":{"start":{"line":85,"column":6},"end":{"line":85,"column":40}},"34":{"start":{"line":89,"column":2},"end":{"line":139,"column":4}},"35":{"start":{"line":99,"column":30},"end":{"line":99,"column":62}},"36":{"start":{"line":142,"column":15},"end":{"line":249,"column":2}}},"fnMap":{"0":{"name":"(anonymous_0)","decl":{"start":{"line":26,"column":37},"end":{"line":26,"column":38}},"loc":{"start":{"line":26,"column":43},"end":{"line":140,"column":1}},"line":26},"1":{"name":"(anonymous_1)","decl":{"start":{"line":40,"column":32},"end":{"line":40,"column":33}},"loc":{"start":{"line":40,"column":38},"end":{"line":44,"column":5}},"line":40},"2":{"name":"(anonymous_2)","decl":{"start":{"line":42,"column":29},"end":{"line":42,"column":30}},"loc":{"start":{"line":42,"column":45},"end":{"line":42,"column":103}},"line":42},"3":{"name":"(anonymous_3)","decl":{"start":{"line":47,"column":28},"end":{"line":47,"column":29}},"loc":{"start":{"line":47,"column":34},"end":{"line":51,"column":5}},"line":47},"4":{"name":"(anonymous_4)","decl":{"start":{"line":49,"column":29},"end":{"line":49,"column":30}},"loc":{"start":{"line":49,"column":45},"end":{"line":49,"column":103}},"line":49},"5":{"name":"(anonymous_5)","decl":{"start":{"line":54,"column":12},"end":{"line":54,"column":13}},"loc":{"start":{"line":54,"column":18},"end":{"line":66,"column":3}},"line":54},"6":{"name":"(anonymous_6)","decl":{"start":{"line":55,"column":23},"end":{"line":55,"column":24}},"loc":{"start":{"line":55,"column":35},"end":{"line":63,"column":5}},"line":55},"7":{"name":"(anonymous_7)","decl":{"start":{"line":77,"column":22},"end":{"line":77,"column":23}},"loc":{"start":{"line":77,"column":34},"end":{"line":87,"column":3}},"line":77},"8":{"name":"(anonymous_8)","decl":{"start":{"line":99,"column":24},"end":{"line":99,"column":25}},"loc":{"start":{"line":99,"column":30},"end":{"line":99,"column":62}},"line":99}},"branchMap":{"0":{"loc":{"start":{"line":41,"column":6},"end":{"line":43,"column":7}},"type":"if","locations":[{"start":{"line":41,"column":6},"end":{"line":43,"column":7}},{"start":{},"end":{}}],"line":41},"1":{"loc":{"start":{"line":42,"column":45},"end":{"line":42,"column":103}},"type":"cond-expr","locations":[{"start":{"line":42,"column":63},"end":{"line":42,"column":87}},{"start":{"line":42,"column":90},"end":{"line":42,"column":103}}],"line":42},"2":{"loc":{"start":{"line":48,"column":6},"end":{"line":50,"column":7}},"type":"if","locations":[{"start":{"line":48,"column":6},"end":{"line":50,"column":7}},{"start":{},"end":{}}],"line":48},"3":{"loc":{"start":{"line":49,"column":45},"end":{"line":49,"column":103}},"type":"cond-expr","locations":[{"start":{"line":49,"column":86},"end":{"line":49,"column":87}},{"start":{"line":49,"column":90},"end":{"line":49,"column":103}}],"line":49},"4":{"loc":{"start":{"line":57,"column":6},"end":{"line":61,"column":7}},"type":"if","locations":[{"start":{"line":57,"column":6},"end":{"line":61,"column":7}},{"start":{},"end":{}}],"line":57},"5":{"loc":{"start":{"line":68,"column":2},"end":{"line":70,"column":3}},"type":"if","locations":[{"start":{"line":68,"column":2},"end":{"line":70,"column":3}},{"start":{},"end":{}}],"line":68},"6":{"loc":{"start":{"line":72,"column":2},"end":{"line":74,"column":3}},"type":"if","locations":[{"start":{"line":72,"column":2},"end":{"line":74,"column":3}},{"start":{},"end":{}}],"line":72},"7":{"loc":{"start":{"line":78,"column":4},"end":{"line":86,"column":5}},"type":"if","locations":[{"start":{"line":78,"column":4},"end":{"line":86,"column":5}},{"start":{},"end":{}}],"line":78}},"s":{"0":0,"1":0,"2":0,"3":0,"4":0,"5":0,"6":0,"7":0,"8":0,"9":0,"10":0,"11":0,"12":0,"13":0,"14":0,"15":0,"16":0,"17":0,"18":0,"19":0,"20":0,"21":0,"22":0,"23":0,"24":0,"25":0,"26":0,"27":0,"28":0,"29":0,"30":0,"31":0,"32":0,"33":0,"34":0,"35":0,"36":0},"f":{"0":0,"1":0,"2":0,"3":0,"4":0,"5":0,"6":0,"7":0,"8":0},"b":{"0":[0,0],"1":[0,0],"2":[0,0],"3":[0,0],"4":[0,0],"5":[0,0],"6":[0,0],"7":[0,0]}}
,"/home/shin/leazy/app/screens/ListIssueScreen.tsx": {"path":"/home/shin/leazy/app/screens/ListIssueScreen.tsx","statementMap":{"0":{"start":{"line":21,"column":44},"end":{"line":65,"column":1}},"1":{"start":{"line":22,"column":21},"end":{"line":22,"column":72}},"2":{"start":{"line":24,"column":25},"end":{"line":37,"column":3}},"3":{"start":{"line":25,"column":4},"end":{"line":36,"column":5}},"4":{"start":{"line":27,"column":8},"end":{"line":27,"column":25}},"5":{"start":{"line":29,"column":8},"end":{"line":29,"column":25}},"6":{"start":{"line":31,"column":8},"end":{"line":31,"column":25}},"7":{"start":{"line":33,"column":8},"end":{"line":33,"column":25}},"8":{"start":{"line":35,"column":8},"end":{"line":35,"column":25}},"9":{"start":{"line":39,"column":2},"end":{"line":64,"column":4}},"10":{"start":{"line":59,"column":23},"end":{"line":59,"column":90}},"11":{"start":{"line":67,"column":26},"end":{"line":162,"column":1}},"12":{"start":{"line":68,"column":21},"end":{"line":68,"column":72}},"13":{"start":{"line":69,"column":30},"end":{"line":73,"column":4}},"14":{"start":{"line":74,"column":42},"end":{"line":74,"column":57}},"15":{"start":{"line":77,"column":15},"end":{"line":77,"column":24}},"16":{"start":{"line":80,"column":15},"end":{"line":80,"column":31}},"17":{"start":{"line":81,"column":17},"end":{"line":81,"column":39}},"18":{"start":{"line":83,"column":2},"end":{"line":111,"column":15}},"19":{"start":{"line":84,"column":32},"end":{"line":108,"column":5}},"20":{"start":{"line":85,"column":6},"end":{"line":107,"column":7}},"21":{"start":{"line":86,"column":8},"end":{"line":89,"column":9}},"22":{"start":{"line":87,"column":10},"end":{"line":87,"column":49}},"23":{"start":{"line":88,"column":10},"end":{"line":88,"column":17}},"24":{"start":{"line":92,"column":38},"end":{"line":92,"column":61}},"25":{"start":{"line":94,"column":8},"end":{"line":104,"column":9}},"26":{"start":{"line":95,"column":27},"end":{"line":97,"column":11}},"27":{"start":{"line":96,"column":58},"end":{"line":96,"column":90}},"28":{"start":{"line":99,"column":35},"end":{"line":101,"column":11}},"29":{"start":{"line":100,"column":56},"end":{"line":100,"column":72}},"30":{"start":{"line":106,"column":8},"end":{"line":106,"column":64}},"31":{"start":{"line":110,"column":4},"end":{"line":110,"column":26}},"32":{"start":{"line":114,"column":23},"end":{"line":119,"column":3}},"33":{"start":{"line":115,"column":4},"end":{"line":117,"column":7}},"34":{"start":{"line":116,"column":6},"end":{"line":116,"column":86}},"35":{"start":{"line":118,"column":4},"end":{"line":118,"column":72}},"36":{"start":{"line":121,"column":25},"end":{"line":121,"column":100}},"37":{"start":{"line":121,"column":48},"end":{"line":121,"column":99}},"38":{"start":{"line":123,"column":2},"end":{"line":161,"column":4}},"39":{"start":{"line":142,"column":14},"end":{"line":148,"column":16}},"40":{"start":{"line":145,"column":47},"end":{"line":145,"column":118}},"41":{"start":{"line":146,"column":33},"end":{"line":146,"column":62}},"42":{"start":{"line":164,"column":15},"end":{"line":267,"column":2}}},"fnMap":{"0":{"name":"(anonymous_0)","decl":{"start":{"line":21,"column":44},"end":{"line":21,"column":45}},"loc":{"start":{"line":21,"column":98},"end":{"line":65,"column":1}},"line":21},"1":{"name":"(anonymous_1)","decl":{"start":{"line":24,"column":25},"end":{"line":24,"column":26}},"loc":{"start":{"line":24,"column":31},"end":{"line":37,"column":3}},"line":24},"2":{"name":"(anonymous_2)","decl":{"start":{"line":59,"column":17},"end":{"line":59,"column":18}},"loc":{"start":{"line":59,"column":23},"end":{"line":59,"column":90}},"line":59},"3":{"name":"(anonymous_3)","decl":{"start":{"line":67,"column":26},"end":{"line":67,"column":27}},"loc":{"start":{"line":67,"column":32},"end":{"line":162,"column":1}},"line":67},"4":{"name":"(anonymous_4)","decl":{"start":{"line":83,"column":12},"end":{"line":83,"column":13}},"loc":{"start":{"line":83,"column":18},"end":{"line":111,"column":3}},"line":83},"5":{"name":"(anonymous_5)","decl":{"start":{"line":84,"column":32},"end":{"line":84,"column":33}},"loc":{"start":{"line":84,"column":44},"end":{"line":108,"column":5}},"line":84},"6":{"name":"(anonymous_6)","decl":{"start":{"line":96,"column":43},"end":{"line":96,"column":44}},"loc":{"start":{"line":96,"column":58},"end":{"line":96,"column":90}},"line":96},"7":{"name":"(anonymous_7)","decl":{"start":{"line":100,"column":12},"end":{"line":100,"column":13}},"loc":{"start":{"line":100,"column":56},"end":{"line":100,"column":72}},"line":100},"8":{"name":"(anonymous_8)","decl":{"start":{"line":114,"column":23},"end":{"line":114,"column":24}},"loc":{"start":{"line":114,"column":46},"end":{"line":119,"column":3}},"line":114},"9":{"name":"(anonymous_9)","decl":{"start":{"line":115,"column":25},"end":{"line":115,"column":26}},"loc":{"start":{"line":116,"column":6},"end":{"line":116,"column":86}},"line":116},"10":{"name":"(anonymous_10)","decl":{"start":{"line":121,"column":39},"end":{"line":121,"column":40}},"loc":{"start":{"line":121,"column":48},"end":{"line":121,"column":99}},"line":121},"11":{"name":"(anonymous_11)","decl":{"start":{"line":141,"column":32},"end":{"line":141,"column":33}},"loc":{"start":{"line":142,"column":14},"end":{"line":148,"column":16}},"line":142},"12":{"name":"(anonymous_12)","decl":{"start":{"line":145,"column":32},"end":{"line":145,"column":33}},"loc":{"start":{"line":145,"column":47},"end":{"line":145,"column":118}},"line":145},"13":{"name":"(anonymous_13)","decl":{"start":{"line":146,"column":27},"end":{"line":146,"column":28}},"loc":{"start":{"line":146,"column":33},"end":{"line":146,"column":62}},"line":146}},"branchMap":{"0":{"loc":{"start":{"line":25,"column":4},"end":{"line":36,"column":5}},"type":"switch","locations":[{"start":{"line":26,"column":6},"end":{"line":27,"column":25}},{"start":{"line":28,"column":6},"end":{"line":29,"column":25}},{"start":{"line":30,"column":6},"end":{"line":31,"column":25}},{"start":{"line":32,"column":6},"end":{"line":33,"column":25}},{"start":{"line":34,"column":6},"end":{"line":35,"column":25}}],"line":25},"1":{"loc":{"start":{"line":51,"column":7},"end":{"line":55,"column":7}},"type":"binary-expr","locations":[{"start":{"line":51,"column":7},"end":{"line":51,"column":42}},{"start":{"line":51,"column":46},"end":{"line":51,"column":57}},{"start":{"line":52,"column":8},"end":{"line":54,"column":27}}],"line":51},"2":{"loc":{"start":{"line":81,"column":17},"end":{"line":81,"column":39}},"type":"cond-expr","locations":[{"start":{"line":81,"column":24},"end":{"line":81,"column":32}},{"start":{"line":81,"column":35},"end":{"line":81,"column":39}}],"line":81},"3":{"loc":{"start":{"line":86,"column":8},"end":{"line":89,"column":9}},"type":"if","locations":[{"start":{"line":86,"column":8},"end":{"line":89,"column":9}},{"start":{},"end":{}}],"line":86},"4":{"loc":{"start":{"line":94,"column":8},"end":{"line":104,"column":9}},"type":"if","locations":[{"start":{"line":94,"column":8},"end":{"line":104,"column":9}},{"start":{},"end":{}}],"line":94},"5":{"loc":{"start":{"line":94,"column":12},"end":{"line":94,"column":59}},"type":"binary-expr","locations":[{"start":{"line":94,"column":12},"end":{"line":94,"column":18}},{"start":{"line":94,"column":22},"end":{"line":94,"column":59}}],"line":94},"6":{"loc":{"start":{"line":116,"column":6},"end":{"line":116,"column":86}},"type":"cond-expr","locations":[{"start":{"line":116,"column":38},"end":{"line":116,"column":78}},{"start":{"line":116,"column":81},"end":{"line":116,"column":86}}],"line":116},"7":{"loc":{"start":{"line":121,"column":48},"end":{"line":121,"column":99}},"type":"binary-expr","locations":[{"start":{"line":121,"column":48},"end":{"line":121,"column":83}},{"start":{"line":121,"column":87},"end":{"line":121,"column":99}}],"line":121}},"s":{"0":0,"1":0,"2":0,"3":0,"4":0,"5":0,"6":0,"7":0,"8":0,"9":0,"10":0,"11":0,"12":0,"13":0,"14":0,"15":0,"16":0,"17":0,"18":0,"19":0,"20":0,"21":0,"22":0,"23":0,"24":0,"25":0,"26":0,"27":0,"28":0,"29":0,"30":0,"31":0,"32":0,"33":0,"34":0,"35":0,"36":0,"37":0,"38":0,"39":0,"40":0,"41":0,"42":0},"f":{"0":0,"1":0,"2":0,"3":0,"4":0,"5":0,"6":0,"7":0,"8":0,"9":0,"10":0,"11":0,"12":0,"13":0},"b":{"0":[0,0,0,0,0],"1":[0,0,0],"2":[0,0],"3":[0,0],"4":[0,0],"5":[0,0],"6":[0,0],"7":[0,0]}}
,"/home/shin/leazy/app/screens/MessagingScreen.tsx": {"path":"/home/shin/leazy/app/screens/MessagingScreen.tsx","statementMap":{"0":{"start":{"line":16,"column":34},"end":{"line":16,"column":58}},"1":{"start":{"line":17,"column":42},"end":{"line":17,"column":57}},"2":{"start":{"line":19,"column":2},"end":{"line":36,"column":9}},"3":{"start":{"line":20,"column":27},"end":{"line":33,"column":5}},"4":{"start":{"line":21,"column":6},"end":{"line":32,"column":7}},"5":{"start":{"line":23,"column":8},"end":{"line":27,"column":10}},"6":{"start":{"line":28,"column":8},"end":{"line":28,"column":51}},"7":{"start":{"line":29,"column":8},"end":{"line":29,"column":30}},"8":{"start":{"line":31,"column":8},"end":{"line":31,"column":50}},"9":{"start":{"line":35,"column":4},"end":{"line":35,"column":21}},"10":{"start":{"line":38,"column":2},"end":{"line":75,"column":21}},"11":{"start":{"line":39,"column":4},"end":{"line":39,"column":30}},"12":{"start":{"line":39,"column":23},"end":{"line":39,"column":30}},"13":{"start":{"line":41,"column":29},"end":{"line":41,"column":53}},"14":{"start":{"line":42,"column":4},"end":{"line":42,"column":56}},"15":{"start":{"line":44,"column":4},"end":{"line":74,"column":5}},"16":{"start":{"line":45,"column":28},"end":{"line":45,"column":51}},"17":{"start":{"line":48,"column":16},"end":{"line":51,"column":7}},"18":{"start":{"line":53,"column":26},"end":{"line":71,"column":8}},"19":{"start":{"line":54,"column":28},"end":{"line":62,"column":10}},"20":{"start":{"line":55,"column":23},"end":{"line":55,"column":33}},"21":{"start":{"line":56,"column":10},"end":{"line":61,"column":24}},"22":{"start":{"line":65,"column":29},"end":{"line":67,"column":9}},"23":{"start":{"line":66,"column":23},"end":{"line":66,"column":60}},"24":{"start":{"line":69,"column":8},"end":{"line":69,"column":34}},"25":{"start":{"line":70,"column":8},"end":{"line":70,"column":55}},"26":{"start":{"line":73,"column":6},"end":{"line":73,"column":33}},"27":{"start":{"line":73,"column":19},"end":{"line":73,"column":32}},"28":{"start":{"line":77,"column":17},"end":{"line":93,"column":8}},"29":{"start":{"line":78,"column":4},"end":{"line":80,"column":6}},"30":{"start":{"line":79,"column":6},"end":{"line":79,"column":51}},"31":{"start":{"line":81,"column":43},"end":{"line":81,"column":54}},"32":{"start":{"line":84,"column":26},"end":{"line":84,"column":55}},"33":{"start":{"line":87,"column":4},"end":{"line":92,"column":7}},"34":{"start":{"line":95,"column":23},"end":{"line":119,"column":3}},"35":{"start":{"line":96,"column":4},"end":{"line":118,"column":6}},"36":{"start":{"line":121,"column":2},"end":{"line":140,"column":4}},"37":{"start":{"line":129,"column":30},"end":{"line":129,"column":46}}},"fnMap":{"0":{"name":"Chat","decl":{"start":{"line":15,"column":24},"end":{"line":15,"column":28}},"loc":{"start":{"line":15,"column":31},"end":{"line":141,"column":1}},"line":15},"1":{"name":"(anonymous_1)","decl":{"start":{"line":19,"column":18},"end":{"line":19,"column":19}},"loc":{"start":{"line":19,"column":24},"end":{"line":36,"column":3}},"line":19},"2":{"name":"(anonymous_2)","decl":{"start":{"line":20,"column":27},"end":{"line":20,"column":28}},"loc":{"start":{"line":20,"column":39},"end":{"line":33,"column":5}},"line":20},"3":{"name":"(anonymous_3)","decl":{"start":{"line":38,"column":18},"end":{"line":38,"column":19}},"loc":{"start":{"line":38,"column":24},"end":{"line":75,"column":3}},"line":38},"4":{"name":"(anonymous_4)","decl":{"start":{"line":53,"column":40},"end":{"line":53,"column":41}},"loc":{"start":{"line":53,"column":59},"end":{"line":71,"column":7}},"line":53},"5":{"name":"(anonymous_5)","decl":{"start":{"line":54,"column":51},"end":{"line":54,"column":52}},"loc":{"start":{"line":54,"column":60},"end":{"line":62,"column":9}},"line":54},"6":{"name":"(anonymous_6)","decl":{"start":{"line":66,"column":10},"end":{"line":66,"column":11}},"loc":{"start":{"line":66,"column":23},"end":{"line":66,"column":60}},"line":66},"7":{"name":"(anonymous_7)","decl":{"start":{"line":73,"column":13},"end":{"line":73,"column":14}},"loc":{"start":{"line":73,"column":19},"end":{"line":73,"column":32}},"line":73},"8":{"name":"(anonymous_8)","decl":{"start":{"line":77,"column":29},"end":{"line":77,"column":30}},"loc":{"start":{"line":77,"column":60},"end":{"line":93,"column":3}},"line":77},"9":{"name":"(anonymous_9)","decl":{"start":{"line":78,"column":16},"end":{"line":78,"column":17}},"loc":{"start":{"line":79,"column":6},"end":{"line":79,"column":51}},"line":79},"10":{"name":"(anonymous_10)","decl":{"start":{"line":95,"column":23},"end":{"line":95,"column":24}},"loc":{"start":{"line":95,"column":39},"end":{"line":119,"column":3}},"line":95},"11":{"name":"(anonymous_11)","decl":{"start":{"line":129,"column":16},"end":{"line":129,"column":17}},"loc":{"start":{"line":129,"column":30},"end":{"line":129,"column":46}},"line":129}},"branchMap":{"0":{"loc":{"start":{"line":39,"column":4},"end":{"line":39,"column":30}},"type":"if","locations":[{"start":{"line":39,"column":4},"end":{"line":39,"column":30}},{"start":{},"end":{}}],"line":39},"1":{"loc":{"start":{"line":44,"column":4},"end":{"line":74,"column":5}},"type":"if","locations":[{"start":{"line":44,"column":4},"end":{"line":74,"column":5}},{"start":{},"end":{}}],"line":44},"2":{"loc":{"start":{"line":77,"column":30},"end":{"line":77,"column":55}},"type":"default-arg","locations":[{"start":{"line":77,"column":53},"end":{"line":77,"column":55}}],"line":77},"3":{"loc":{"start":{"line":135,"column":15},"end":{"line":135,"column":45}},"type":"binary-expr","locations":[{"start":{"line":135,"column":15},"end":{"line":135,"column":39}},{"start":{"line":135,"column":43},"end":{"line":135,"column":45}}],"line":135}},"s":{"0":0,"1":0,"2":0,"3":0,"4":0,"5":0,"6":0,"7":0,"8":0,"9":0,"10":0,"11":0,"12":0,"13":0,"14":0,"15":0,"16":0,"17":0,"18":0,"19":0,"20":0,"21":0,"22":0,"23":0,"24":0,"25":0,"26":0,"27":0,"28":0,"29":0,"30":0,"31":0,"32":0,"33":0,"34":0,"35":0,"36":0,"37":0},"f":{"0":0,"1":0,"2":0,"3":0,"4":0,"5":0,"6":0,"7":0,"8":0,"9":0,"10":0,"11":0},"b":{"0":[0,0],"1":[0,0],"2":[0],"3":[0,0]}}
,"/home/shin/leazy/app/screens/MyRentScreen.tsx": {"path":"/home/shin/leazy/app/screens/MyRentScreen.tsx","statementMap":{"0":{"start":{"line":7,"column":2},"end":{"line":27,"column":4}},"1":{"start":{"line":30,"column":15},"end":{"line":51,"column":2}}},"fnMap":{"0":{"name":"MyRentScreen","decl":{"start":{"line":6,"column":24},"end":{"line":6,"column":36}},"loc":{"start":{"line":6,"column":39},"end":{"line":28,"column":1}},"line":6}},"branchMap":{},"s":{"0":0,"1":0},"f":{"0":0},"b":{}}
,"/home/shin/leazy/app/screens/PhotoScreen.tsx": {"path":"/home/shin/leazy/app/screens/PhotoScreen.tsx","statementMap":{},"fnMap":{},"branchMap":{},"s":{},"f":{},"b":{}}
,"/home/shin/leazy/app/screens/ReportScreen.tsx": {"path":"/home/shin/leazy/app/screens/ReportScreen.tsx","statementMap":{"0":{"start":{"line":7,"column":28},"end":{"line":7,"column":40}},"1":{"start":{"line":8,"column":40},"end":{"line":8,"column":52}},"2":{"start":{"line":11,"column":27},"end":{"line":13,"column":3}},"3":{"start":{"line":15,"column":2},"end":{"line":52,"column":4}},"4":{"start":{"line":55,"column":15},"end":{"line":98,"column":2}}},"fnMap":{"0":{"name":"ReportScreen","decl":{"start":{"line":6,"column":24},"end":{"line":6,"column":36}},"loc":{"start":{"line":6,"column":39},"end":{"line":53,"column":1}},"line":6},"1":{"name":"(anonymous_1)","decl":{"start":{"line":11,"column":27},"end":{"line":11,"column":28}},"loc":{"start":{"line":11,"column":33},"end":{"line":13,"column":3}},"line":11},"2":{"name":"(anonymous_2)","decl":{"start":{"line":49,"column":40},"end":{"line":49,"column":41}},"loc":{"start":{"line":49,"column":46},"end":{"line":49,"column":69}},"line":49}},"branchMap":{},"s":{"0":0,"1":0,"2":0,"3":0,"4":0},"f":{"0":0,"1":0,"2":0},"b":{}}
,"/home/shin/leazy/app/screens/SettingsScreen.tsx": {"path":"/home/shin/leazy/app/screens/SettingsScreen.tsx","statementMap":{"0":{"start":{"line":9,"column":21},"end":{"line":9,"column":36}},"1":{"start":{"line":11,"column":2},"end":{"line":23,"column":4}},"2":{"start":{"line":14,"column":89},"end":{"line":14,"column":108}},"3":{"start":{"line":26,"column":15},"end":{"line":56,"column":2}}},"fnMap":{"0":{"name":"SettingsScreen","decl":{"start":{"line":8,"column":24},"end":{"line":8,"column":38}},"loc":{"start":{"line":8,"column":41},"end":{"line":24,"column":1}},"line":8},"1":{"name":"(anonymous_1)","decl":{"start":{"line":14,"column":83},"end":{"line":14,"column":84}},"loc":{"start":{"line":14,"column":89},"end":{"line":14,"column":108}},"line":14}},"branchMap":{},"s":{"0":1,"1":1,"2":1,"3":1},"f":{"0":1,"1":1},"b":{},"_coverageSchema":"1a1c01bbd47fc00a2c39e90264f33305004495a9","hash":"6b8419e7e3a39d3baff3870b869c3d1a818abb5c"}
,"/home/shin/leazy/app/screens/SharedElementsScreen.tsx": {"path":"/home/shin/leazy/app/screens/SharedElementsScreen.tsx","statementMap":{"0":{"start":{"line":7,"column":2},"end":{"line":12,"column":4}},"1":{"start":{"line":15,"column":15},"end":{"line":32,"column":2}}},"fnMap":{"0":{"name":"SharedElementsScreen","decl":{"start":{"line":6,"column":24},"end":{"line":6,"column":44}},"loc":{"start":{"line":6,"column":47},"end":{"line":13,"column":1}},"line":6}},"branchMap":{},"s":{"0":0,"1":0},"f":{"0":0},"b":{}}
,"/home/shin/leazy/app/screens/SignInScreen.tsx": {"path":"/home/shin/leazy/app/screens/SignInScreen.tsx","statementMap":{"0":{"start":{"line":17,"column":21},"end":{"line":17,"column":72}},"1":{"start":{"line":18,"column":28},"end":{"line":18,"column":40}},"2":{"start":{"line":19,"column":34},"end":{"line":19,"column":46}},"3":{"start":{"line":20,"column":30},"end":{"line":20,"column":54}},"4":{"start":{"line":21,"column":28},"end":{"line":21,"column":43}},"5":{"start":{"line":23,"column":23},"end":{"line":29,"column":3}},"6":{"start":{"line":24,"column":32},"end":{"line":24,"column":34}},"7":{"start":{"line":25,"column":4},"end":{"line":26,"column":79}},"8":{"start":{"line":25,"column":16},"end":{"line":25,"column":54}},"9":{"start":{"line":26,"column":9},"end":{"line":26,"column":79}},"10":{"start":{"line":26,"column":42},"end":{"line":26,"column":79}},"11":{"start":{"line":27,"column":4},"end":{"line":27,"column":63}},"12":{"start":{"line":27,"column":19},"end":{"line":27,"column":63}},"13":{"start":{"line":28,"column":4},"end":{"line":28,"column":21}},"14":{"start":{"line":31,"column":23},"end":{"line":48,"column":3}},"15":{"start":{"line":32,"column":23},"end":{"line":32,"column":37}},"16":{"start":{"line":34,"column":4},"end":{"line":37,"column":5}},"17":{"start":{"line":35,"column":6},"end":{"line":35,"column":28}},"18":{"start":{"line":36,"column":6},"end":{"line":36,"column":13}},"19":{"start":{"line":39,"column":4},"end":{"line":47,"column":7}},"20":{"start":{"line":40,"column":6},"end":{"line":43,"column":7}},"21":{"start":{"line":41,"column":8},"end":{"line":41,"column":67}},"22":{"start":{"line":42,"column":8},"end":{"line":42,"column":45}},"23":{"start":{"line":45,"column":6},"end":{"line":45,"column":21}},"24":{"start":{"line":50,"column":28},"end":{"line":52,"column":3}},"25":{"start":{"line":51,"column":4},"end":{"line":51,"column":43}},"26":{"start":{"line":54,"column":2},"end":{"line":87,"column":4}},"27":{"start":{"line":59,"column":25},"end":{"line":59,"column":40}},"28":{"start":{"line":90,"column":15},"end":{"line":179,"column":2}}},"fnMap":{"0":{"name":"SignInScreen","decl":{"start":{"line":16,"column":24},"end":{"line":16,"column":36}},"loc":{"start":{"line":16,"column":39},"end":{"line":88,"column":1}},"line":16},"1":{"name":"(anonymous_1)","decl":{"start":{"line":23,"column":23},"end":{"line":23,"column":24}},"loc":{"start":{"line":23,"column":41},"end":{"line":29,"column":3}},"line":23},"2":{"name":"(anonymous_2)","decl":{"start":{"line":31,"column":23},"end":{"line":31,"column":24}},"loc":{"start":{"line":31,"column":29},"end":{"line":48,"column":3}},"line":31},"3":{"name":"(anonymous_3)","decl":{"start":{"line":39,"column":48},"end":{"line":39,"column":49}},"loc":{"start":{"line":39,"column":58},"end":{"line":44,"column":5}},"line":39},"4":{"name":"(anonymous_4)","decl":{"start":{"line":44,"column":13},"end":{"line":44,"column":14}},"loc":{"start":{"line":44,"column":24},"end":{"line":47,"column":5}},"line":44},"5":{"name":"(anonymous_5)","decl":{"start":{"line":50,"column":28},"end":{"line":50,"column":29}},"loc":{"start":{"line":50,"column":34},"end":{"line":52,"column":3}},"line":50},"6":{"name":"(anonymous_6)","decl":{"start":{"line":59,"column":19},"end":{"line":59,"column":20}},"loc":{"start":{"line":59,"column":25},"end":{"line":59,"column":40}},"line":59}},"branchMap":{"0":{"loc":{"start":{"line":25,"column":4},"end":{"line":26,"column":79}},"type":"if","locations":[{"start":{"line":25,"column":4},"end":{"line":26,"column":79}},{"start":{"line":26,"column":9},"end":{"line":26,"column":79}}],"line":25},"1":{"loc":{"start":{"line":26,"column":9},"end":{"line":26,"column":79}},"type":"if","locations":[{"start":{"line":26,"column":9},"end":{"line":26,"column":79}},{"start":{},"end":{}}],"line":26},"2":{"loc":{"start":{"line":27,"column":4},"end":{"line":27,"column":63}},"type":"if","locations":[{"start":{"line":27,"column":4},"end":{"line":27,"column":63}},{"start":{},"end":{}}],"line":27},"3":{"loc":{"start":{"line":34,"column":4},"end":{"line":37,"column":5}},"type":"if","locations":[{"start":{"line":34,"column":4},"end":{"line":37,"column":5}},{"start":{},"end":{}}],"line":34},"4":{"loc":{"start":{"line":40,"column":6},"end":{"line":43,"column":7}},"type":"if","locations":[{"start":{"line":40,"column":6},"end":{"line":43,"column":7}},{"start":{},"end":{}}],"line":40},"5":{"loc":{"start":{"line":56,"column":7},"end":{"line":60,"column":8}},"type":"binary-expr","locations":[{"start":{"line":56,"column":7},"end":{"line":56,"column":12}},{"start":{"line":56,"column":16},"end":{"line":60,"column":8}}],"line":56},"6":{"loc":{"start":{"line":71,"column":7},"end":{"line":71,"column":75}},"type":"binary-expr","locations":[{"start":{"line":71,"column":7},"end":{"line":71,"column":19}},{"start":{"line":71,"column":23},"end":{"line":71,"column":75}}],"line":71},"7":{"loc":{"start":{"line":79,"column":7},"end":{"line":79,"column":81}},"type":"binary-expr","locations":[{"start":{"line":79,"column":7},"end":{"line":79,"column":22}},{"start":{"line":79,"column":26},"end":{"line":79,"column":81}}],"line":79}},"s":{"0":0,"1":0,"2":0,"3":0,"4":0,"5":0,"6":0,"7":0,"8":0,"9":0,"10":0,"11":0,"12":0,"13":0,"14":0,"15":0,"16":0,"17":0,"18":0,"19":0,"20":0,"21":0,"22":0,"23":0,"24":0,"25":0,"26":0,"27":0,"28":0},"f":{"0":0,"1":0,"2":0,"3":0,"4":0,"5":0,"6":0},"b":{"0":[0,0],"1":[0,0],"2":[0,0],"3":[0,0],"4":[0,0],"5":[0,0],"6":[0,0],"7":[0,0]}}
,"/home/shin/leazy/app/screens/SignUpScreen.tsx": {"path":"/home/shin/leazy/app/screens/SignUpScreen.tsx","statementMap":{"0":{"start":{"line":22,"column":21},"end":{"line":22,"column":72}},"1":{"start":{"line":23,"column":34},"end":{"line":23,"column":59}},"2":{"start":{"line":24,"column":36},"end":{"line":24,"column":48}},"3":{"start":{"line":25,"column":34},"end":{"line":25,"column":46}},"4":{"start":{"line":26,"column":28},"end":{"line":26,"column":40}},"5":{"start":{"line":27,"column":34},"end":{"line":27,"column":46}},"6":{"start":{"line":28,"column":48},"end":{"line":28,"column":60}},"7":{"start":{"line":29,"column":30},"end":{"line":29,"column":54}},"8":{"start":{"line":30,"column":28},"end":{"line":30,"column":43}},"9":{"start":{"line":32,"column":23},"end":{"line":43,"column":3}},"10":{"start":{"line":33,"column":32},"end":{"line":33,"column":34}},"11":{"start":{"line":34,"column":4},"end":{"line":34,"column":67}},"12":{"start":{"line":34,"column":20},"end":{"line":34,"column":67}},"13":{"start":{"line":35,"column":4},"end":{"line":35,"column":64}},"14":{"start":{"line":35,"column":19},"end":{"line":35,"column":64}},"15":{"start":{"line":36,"column":4},"end":{"line":37,"column":79}},"16":{"start":{"line":36,"column":16},"end":{"line":36,"column":54}},"17":{"start":{"line":37,"column":9},"end":{"line":37,"column":79}},"18":{"start":{"line":37,"column":42},"end":{"line":37,"column":79}},"19":{"start":{"line":38,"column":4},"end":{"line":39,"column":96}},"20":{"start":{"line":38,"column":19},"end":{"line":38,"column":63}},"21":{"start":{"line":39,"column":9},"end":{"line":39,"column":96}},"22":{"start":{"line":39,"column":34},"end":{"line":39,"column":96}},"23":{"start":{"line":40,"column":4},"end":{"line":40,"column":85}},"24":{"start":{"line":40,"column":26},"end":{"line":40,"column":85}},"25":{"start":{"line":41,"column":4},"end":{"line":41,"column":90}},"26":{"start":{"line":41,"column":37},"end":{"line":41,"column":90}},"27":{"start":{"line":42,"column":4},"end":{"line":42,"column":21}},"28":{"start":{"line":45,"column":28},"end":{"line":61,"column":3}},"29":{"start":{"line":46,"column":23},"end":{"line":46,"column":37}},"30":{"start":{"line":47,"column":4},"end":{"line":50,"column":5}},"31":{"start":{"line":48,"column":6},"end":{"line":48,"column":28}},"32":{"start":{"line":49,"column":6},"end":{"line":49,"column":13}},"33":{"start":{"line":53,"column":4},"end":{"line":60,"column":7}},"34":{"start":{"line":54,"column":6},"end":{"line":59,"column":7}},"35":{"start":{"line":55,"column":8},"end":{"line":55,"column":45}},"36":{"start":{"line":57,"column":8},"end":{"line":57,"column":38}},"37":{"start":{"line":58,"column":8},"end":{"line":58,"column":22}},"38":{"start":{"line":63,"column":29},"end":{"line":65,"column":3}},"39":{"start":{"line":64,"column":4},"end":{"line":64,"column":93}},"40":{"start":{"line":67,"column":2},"end":{"line":145,"column":4}},"41":{"start":{"line":73,"column":25},"end":{"line":73,"column":40}},"42":{"start":{"line":81,"column":40},"end":{"line":81,"column":62}},"43":{"start":{"line":148,"column":15},"end":{"line":191,"column":2}}},"fnMap":{"0":{"name":"SignUpScreen","decl":{"start":{"line":21,"column":24},"end":{"line":21,"column":36}},"loc":{"start":{"line":21,"column":39},"end":{"line":146,"column":1}},"line":21},"1":{"name":"(anonymous_1)","decl":{"start":{"line":32,"column":23},"end":{"line":32,"column":24}},"loc":{"start":{"line":32,"column":41},"end":{"line":43,"column":3}},"line":32},"2":{"name":"(anonymous_2)","decl":{"start":{"line":45,"column":28},"end":{"line":45,"column":29}},"loc":{"start":{"line":45,"column":34},"end":{"line":61,"column":3}},"line":45},"3":{"name":"(anonymous_3)","decl":{"start":{"line":53,"column":59},"end":{"line":53,"column":60}},"loc":{"start":{"line":53,"column":69},"end":{"line":60,"column":5}},"line":53},"4":{"name":"(anonymous_4)","decl":{"start":{"line":63,"column":29},"end":{"line":63,"column":30}},"loc":{"start":{"line":63,"column":35},"end":{"line":65,"column":3}},"line":63},"5":{"name":"(anonymous_5)","decl":{"start":{"line":73,"column":19},"end":{"line":73,"column":20}},"loc":{"start":{"line":73,"column":25},"end":{"line":73,"column":40}},"line":73},"6":{"name":"(anonymous_6)","decl":{"start":{"line":81,"column":25},"end":{"line":81,"column":26}},"loc":{"start":{"line":81,"column":40},"end":{"line":81,"column":62}},"line":81}},"branchMap":{"0":{"loc":{"start":{"line":34,"column":4},"end":{"line":34,"column":67}},"type":"if","locations":[{"start":{"line":34,"column":4},"end":{"line":34,"column":67}},{"start":{},"end":{}}],"line":34},"1":{"loc":{"start":{"line":35,"column":4},"end":{"line":35,"column":64}},"type":"if","locations":[{"start":{"line":35,"column":4},"end":{"line":35,"column":64}},{"start":{},"end":{}}],"line":35},"2":{"loc":{"start":{"line":36,"column":4},"end":{"line":37,"column":79}},"type":"if","locations":[{"start":{"line":36,"column":4},"end":{"line":37,"column":79}},{"start":{"line":37,"column":9},"end":{"line":37,"column":79}}],"line":36},"3":{"loc":{"start":{"line":37,"column":9},"end":{"line":37,"column":79}},"type":"if","locations":[{"start":{"line":37,"column":9},"end":{"line":37,"column":79}},{"start":{},"end":{}}],"line":37},"4":{"loc":{"start":{"line":38,"column":4},"end":{"line":39,"column":96}},"type":"if","locations":[{"start":{"line":38,"column":4},"end":{"line":39,"column":96}},{"start":{"line":39,"column":9},"end":{"line":39,"column":96}}],"line":38},"5":{"loc":{"start":{"line":39,"column":9},"end":{"line":39,"column":96}},"type":"if","locations":[{"start":{"line":39,"column":9},"end":{"line":39,"column":96}},{"start":{},"end":{}}],"line":39},"6":{"loc":{"start":{"line":40,"column":4},"end":{"line":40,"column":85}},"type":"if","locations":[{"start":{"line":40,"column":4},"end":{"line":40,"column":85}},{"start":{},"end":{}}],"line":40},"7":{"loc":{"start":{"line":41,"column":4},"end":{"line":41,"column":90}},"type":"if","locations":[{"start":{"line":41,"column":4},"end":{"line":41,"column":90}},{"start":{},"end":{}}],"line":41},"8":{"loc":{"start":{"line":47,"column":4},"end":{"line":50,"column":5}},"type":"if","locations":[{"start":{"line":47,"column":4},"end":{"line":50,"column":5}},{"start":{},"end":{}}],"line":47},"9":{"loc":{"start":{"line":54,"column":6},"end":{"line":59,"column":7}},"type":"if","locations":[{"start":{"line":54,"column":6},"end":{"line":59,"column":7}},{"start":{"line":56,"column":13},"end":{"line":59,"column":7}}],"line":54},"10":{"loc":{"start":{"line":70,"column":9},"end":{"line":74,"column":10}},"type":"binary-expr","locations":[{"start":{"line":70,"column":9},"end":{"line":70,"column":14}},{"start":{"line":70,"column":18},"end":{"line":74,"column":10}}],"line":70},"11":{"loc":{"start":{"line":91,"column":9},"end":{"line":91,"column":85}},"type":"binary-expr","locations":[{"start":{"line":91,"column":9},"end":{"line":91,"column":25}},{"start":{"line":91,"column":29},"end":{"line":91,"column":85}}],"line":91},"12":{"loc":{"start":{"line":99,"column":9},"end":{"line":99,"column":83}},"type":"binary-expr","locations":[{"start":{"line":99,"column":9},"end":{"line":99,"column":24}},{"start":{"line":99,"column":28},"end":{"line":99,"column":83}}],"line":99},"13":{"loc":{"start":{"line":111,"column":9},"end":{"line":111,"column":77}},"type":"binary-expr","locations":[{"start":{"line":111,"column":9},"end":{"line":111,"column":21}},{"start":{"line":111,"column":25},"end":{"line":111,"column":77}}],"line":111},"14":{"loc":{"start":{"line":120,"column":9},"end":{"line":120,"column":83}},"type":"binary-expr","locations":[{"start":{"line":120,"column":9},"end":{"line":120,"column":24}},{"start":{"line":120,"column":28},"end":{"line":120,"column":83}}],"line":120},"15":{"loc":{"start":{"line":129,"column":9},"end":{"line":129,"column":97}},"type":"binary-expr","locations":[{"start":{"line":129,"column":9},"end":{"line":129,"column":31}},{"start":{"line":129,"column":35},"end":{"line":129,"column":97}}],"line":129}},"s":{"0":0,"1":0,"2":0,"3":0,"4":0,"5":0,"6":0,"7":0,"8":0,"9":0,"10":0,"11":0,"12":0,"13":0,"14":0,"15":0,"16":0,"17":0,"18":0,"19":0,"20":0,"21":0,"22":0,"23":0,"24":0,"25":0,"26":0,"27":0,"28":0,"29":0,"30":0,"31":0,"32":0,"33":0,"34":0,"35":0,"36":0,"37":0,"38":0,"39":0,"40":0,"41":0,"42":0,"43":0},"f":{"0":0,"1":0,"2":0,"3":0,"4":0,"5":0,"6":0},"b":{"0":[0,0],"1":[0,0],"2":[0,0],"3":[0,0],"4":[0,0],"5":[0,0],"6":[0,0],"7":[0,0],"8":[0,0],"9":[0,0],"10":[0,0],"11":[0,0],"12":[0,0],"13":[0,0],"14":[0,0],"15":[0,0]}}
,"/home/shin/leazy/app/screens/SubrentScreen.tsx": {"path":"/home/shin/leazy/app/screens/SubrentScreen.tsx","statementMap":{"0":{"start":{"line":7,"column":2},"end":{"line":12,"column":4}},"1":{"start":{"line":15,"column":15},"end":{"line":32,"column":2}}},"fnMap":{"0":{"name":"SubrentScreen","decl":{"start":{"line":6,"column":24},"end":{"line":6,"column":37}},"loc":{"start":{"line":6,"column":40},"end":{"line":13,"column":1}},"line":6}},"branchMap":{},"s":{"0":0,"1":0},"f":{"0":0},"b":{}}
,"/home/shin/leazy/constants/Colors.ts": {"path":"/home/shin/leazy/constants/Colors.ts","statementMap":{"0":{"start":{"line":6,"column":23},"end":{"line":6,"column":32}},"1":{"start":{"line":7,"column":22},"end":{"line":7,"column":28}},"2":{"start":{"line":9,"column":22},"end":{"line":26,"column":1}}},"fnMap":{},"branchMap":{},"s":{"0":0,"1":0,"2":0},"f":{},"b":{}}
,"/home/shin/leazy/firebase/firebase.js": {"path":"/home/shin/leazy/firebase/firebase.js","statementMap":{"0":{"start":{"line":2,"column":0},"end":{"line":2,"column":62}},"1":{"start":{"line":3,"column":0},"end":{"line":3,"column":53}},"2":{"start":{"line":5,"column":12},"end":{"line":5,"column":35}},"3":{"start":{"line":6,"column":18},"end":{"line":6,"column":47}},"4":{"start":{"line":7,"column":18},"end":{"line":7,"column":47}},"5":{"start":{"line":8,"column":13},"end":{"line":8,"column":37}},"6":{"start":{"line":9,"column":16},"end":{"line":9,"column":43}},"7":{"start":{"line":14,"column":21},"end":{"line":22,"column":1}},"8":{"start":{"line":24,"column":10},"end":{"line":24,"column":50}},"9":{"start":{"line":25,"column":16},"end":{"line":25,"column":50}},"10":{"start":{"line":26,"column":0},"end":{"line":26,"column":48}},"11":{"start":{"line":27,"column":0},"end":{"line":27,"column":40}},"12":{"start":{"line":28,"column":0},"end":{"line":28,"column":49}}},"fnMap":{},"branchMap":{},"s":{"0":0,"1":0,"2":0,"3":0,"4":0,"5":0,"6":0,"7":0,"8":0,"9":0,"10":0,"11":0,"12":0},"f":{},"b":{}}
,"/home/shin/leazy/firebase/firebase.ts": {"path":"/home/shin/leazy/firebase/firebase.ts","statementMap":{"0":{"start":{"line":12,"column":0},"end":{"line":12,"column":21}},"1":{"start":{"line":15,"column":23},"end":{"line":23,"column":1}},"2":{"start":{"line":26,"column":12},"end":{"line":26,"column":41}},"3":{"start":{"line":28,"column":18},"end":{"line":28,"column":35}},"4":{"start":{"line":29,"column":20},"end":{"line":31,"column":2}},"5":{"start":{"line":33,"column":23},"end":{"line":33,"column":38}}},"fnMap":{},"branchMap":{},"s":{"0":0,"1":0,"2":0,"3":0,"4":0,"5":0},"f":{},"b":{}}
,"/home/shin/leazy/firebase/auth/auth.ts": {"path":"/home/shin/leazy/firebase/auth/auth.ts","statementMap":{"0":{"start":{"line":18,"column":17},"end":{"line":18,"column":41}},"1":{"start":{"line":29,"column":4},"end":{"line":41,"column":5}},"2":{"start":{"line":30,"column":31},"end":{"line":30,"column":90}},"3":{"start":{"line":31,"column":21},"end":{"line":31,"column":40}},"4":{"start":{"line":32,"column":8},"end":{"line":36,"column":9}},"5":{"start":{"line":33,"column":12},"end":{"line":33,"column":61}},"6":{"start":{"line":34,"column":15},"end":{"line":36,"column":9}},"7":{"start":{"line":35,"column":12},"end":{"line":35,"column":63}},"8":{"start":{"line":37,"column":8},"end":{"line":37,"column":20}},"9":{"start":{"line":39,"column":8},"end":{"line":39,"column":27}},"10":{"start":{"line":40,"column":8},"end":{"line":40,"column":20}},"11":{"start":{"line":45,"column":27},"end":{"line":45,"column":82}},"12":{"start":{"line":46,"column":4},"end":{"line":46,"column":31}},"13":{"start":{"line":50,"column":4},"end":{"line":61,"column":5}},"14":{"start":{"line":51,"column":8},"end":{"line":57,"column":9}},"15":{"start":{"line":52,"column":12},"end":{"line":52,"column":46}},"16":{"start":{"line":53,"column":12},"end":{"line":53,"column":47}},"17":{"start":{"line":59,"column":8},"end":{"line":59,"column":45}},"18":{"start":{"line":65,"column":4},"end":{"line":76,"column":5}},"19":{"start":{"line":66,"column":8},"end":{"line":72,"column":9}},"20":{"start":{"line":67,"column":12},"end":{"line":67,"column":32}},"21":{"start":{"line":68,"column":12},"end":{"line":68,"column":30}},"22":{"start":{"line":71,"column":12},"end":{"line":71,"column":33}},"23":{"start":{"line":74,"column":8},"end":{"line":74,"column":45}},"24":{"start":{"line":81,"column":4},"end":{"line":83,"column":5}},"25":{"start":{"line":82,"column":8},"end":{"line":82,"column":61}},"26":{"start":{"line":87,"column":4},"end":{"line":89,"column":5}},"27":{"start":{"line":88,"column":8},"end":{"line":88,"column":54}}},"fnMap":{"0":{"name":"emailAndPasswordSignIn","decl":{"start":{"line":28,"column":22},"end":{"line":28,"column":44}},"loc":{"start":{"line":28,"column":117},"end":{"line":42,"column":1}},"line":28},"1":{"name":"emailAndPasswordLogIn","decl":{"start":{"line":44,"column":22},"end":{"line":44,"column":43}},"loc":{"start":{"line":44,"column":95},"end":{"line":47,"column":1}},"line":44},"2":{"name":"deleteAccount","decl":{"start":{"line":49,"column":22},"end":{"line":49,"column":35}},"loc":{"start":{"line":49,"column":37},"end":{"line":62,"column":1}},"line":49},"3":{"name":"signOutUser","decl":{"start":{"line":64,"column":22},"end":{"line":64,"column":33}},"loc":{"start":{"line":64,"column":85},"end":{"line":77,"column":1}},"line":64},"4":{"name":"resetUserPassword","decl":{"start":{"line":80,"column":22},"end":{"line":80,"column":39}},"loc":{"start":{"line":80,"column":61},"end":{"line":84,"column":1}},"line":80},"5":{"name":"updateUserEmail","decl":{"start":{"line":86,"column":22},"end":{"line":86,"column":37}},"loc":{"start":{"line":86,"column":55},"end":{"line":90,"column":1}},"line":86}},"branchMap":{"0":{"loc":{"start":{"line":32,"column":8},"end":{"line":36,"column":9}},"type":"if","locations":[{"start":{"line":32,"column":8},"end":{"line":36,"column":9}},{"start":{"line":34,"column":15},"end":{"line":36,"column":9}}],"line":32},"1":{"loc":{"start":{"line":34,"column":15},"end":{"line":36,"column":9}},"type":"if","locations":[{"start":{"line":34,"column":15},"end":{"line":36,"column":9}},{"start":{},"end":{}}],"line":34},"2":{"loc":{"start":{"line":50,"column":4},"end":{"line":61,"column":5}},"type":"if","locations":[{"start":{"line":50,"column":4},"end":{"line":61,"column":5}},{"start":{"line":58,"column":11},"end":{"line":61,"column":5}}],"line":50},"3":{"loc":{"start":{"line":65,"column":4},"end":{"line":76,"column":5}},"type":"if","locations":[{"start":{"line":65,"column":4},"end":{"line":76,"column":5}},{"start":{"line":73,"column":11},"end":{"line":76,"column":5}}],"line":65},"4":{"loc":{"start":{"line":81,"column":4},"end":{"line":83,"column":5}},"type":"if","locations":[{"start":{"line":81,"column":4},"end":{"line":83,"column":5}},{"start":{},"end":{}}],"line":81},"5":{"loc":{"start":{"line":87,"column":4},"end":{"line":89,"column":5}},"type":"if","locations":[{"start":{"line":87,"column":4},"end":{"line":89,"column":5}},{"start":{},"end":{}}],"line":87}},"s":{"0":0,"1":0,"2":0,"3":0,"4":0,"5":0,"6":0,"7":0,"8":0,"9":0,"10":0,"11":0,"12":0,"13":0,"14":0,"15":0,"16":0,"17":0,"18":0,"19":0,"20":0,"21":0,"22":0,"23":0,"24":0,"25":0,"26":0,"27":0},"f":{"0":0,"1":0,"2":0,"3":0,"4":0,"5":0},"b":{"0":[0,0],"1":[0,0],"2":[0,0],"3":[0,0],"4":[0,0],"5":[0,0]}}
,"/home/shin/leazy/firebase/firestore/firestore.js": {"path":"/home/shin/leazy/firebase/firestore/firestore.js","statementMap":{"0":{"start":{"line":2,"column":16},"end":{"line":10,"column":1}},"1":{"start":{"line":3,"column":28},"end":{"line":3,"column":110}},"2":{"start":{"line":3,"column":91},"end":{"line":3,"column":106}},"3":{"start":{"line":4,"column":4},"end":{"line":9,"column":7}},"4":{"start":{"line":5,"column":36},"end":{"line":5,"column":97}},"5":{"start":{"line":5,"column":42},"end":{"line":5,"column":70}},"6":{"start":{"line":5,"column":85},"end":{"line":5,"column":95}},"7":{"start":{"line":6,"column":35},"end":{"line":6,"column":100}},"8":{"start":{"line":6,"column":41},"end":{"line":6,"column":73}},"9":{"start":{"line":6,"column":88},"end":{"line":6,"column":98}},"10":{"start":{"line":7,"column":32},"end":{"line":7,"column":116}},"11":{"start":{"line":8,"column":8},"end":{"line":8,"column":78}},"12":{"start":{"line":11,"column":18},"end":{"line":37,"column":1}},"13":{"start":{"line":12,"column":12},"end":{"line":12,"column":104}},"14":{"start":{"line":12,"column":43},"end":{"line":12,"column":68}},"15":{"start":{"line":12,"column":57},"end":{"line":12,"column":68}},"16":{"start":{"line":12,"column":69},"end":{"line":12,"column":81}},"17":{"start":{"line":13,"column":4},"end":{"line":13,"column":157}},"18":{"start":{"line":13,"column":138},"end":{"line":13,"column":150}},"19":{"start":{"line":14,"column":23},"end":{"line":14,"column":68}},"20":{"start":{"line":14,"column":45},"end":{"line":14,"column":65}},"21":{"start":{"line":16,"column":8},"end":{"line":16,"column":70}},"22":{"start":{"line":16,"column":15},"end":{"line":16,"column":70}},"23":{"start":{"line":17,"column":8},"end":{"line":34,"column":66}},"24":{"start":{"line":17,"column":50},"end":{"line":34,"column":66}},"25":{"start":{"line":18,"column":12},"end":{"line":18,"column":169}},"26":{"start":{"line":18,"column":160},"end":{"line":18,"column":169}},"27":{"start":{"line":19,"column":12},"end":{"line":19,"column":52}},"28":{"start":{"line":19,"column":26},"end":{"line":19,"column":52}},"29":{"start":{"line":20,"column":12},"end":{"line":32,"column":13}},"30":{"start":{"line":21,"column":32},"end":{"line":21,"column":39}},"31":{"start":{"line":21,"column":40},"end":{"line":21,"column":46}},"32":{"start":{"line":22,"column":24},"end":{"line":22,"column":34}},"33":{"start":{"line":22,"column":35},"end":{"line":22,"column":72}},"34":{"start":{"line":23,"column":24},"end":{"line":23,"column":34}},"35":{"start":{"line":23,"column":35},"end":{"line":23,"column":45}},"36":{"start":{"line":23,"column":46},"end":{"line":23,"column":55}},"37":{"start":{"line":23,"column":56},"end":{"line":23,"column":65}},"38":{"start":{"line":24,"column":24},"end":{"line":24,"column":41}},"39":{"start":{"line":24,"column":42},"end":{"line":24,"column":55}},"40":{"start":{"line":24,"column":56},"end":{"line":24,"column":65}},"41":{"start":{"line":26,"column":20},"en
[...]
},"41":{"start":{"line":211,"column":17},"end":{"line":211,"column":51}},"42":{"start":{"line":212,"column":2},"end":{"line":212,"column":37}},"43":{"start":{"line":220,"column":17},"end":{"line":220,"column":51}},"44":{"start":{"line":221,"column":2},"end":{"line":221,"column":26}},"45":{"start":{"line":229,"column":17},"end":{"line":229,"column":66}},"46":{"start":{"line":230,"column":2},"end":{"line":230,"column":32}},"47":{"start":{"line":241,"column":17},"end":{"line":241,"column":58}},"48":{"start":{"line":242,"column":18},"end":{"line":242,"column":38}},"49":{"start":{"line":243,"column":2},"end":{"line":243,"column":74}},"50":{"start":{"line":255,"column":17},"end":{"line":255,"column":58}},"51":{"start":{"line":256,"column":2},"end":{"line":256,"column":35}},"52":{"start":{"line":264,"column":17},"end":{"line":264,"column":58}},"53":{"start":{"line":265,"column":2},"end":{"line":265,"column":26}},"54":{"start":{"line":277,"column":17},"end":{"line":281,"column":3}},"55":{"start":{"line":282,"column":2},"end":{"line":282,"column":32}},"56":{"start":{"line":295,"column":17},"end":{"line":299,"column":3}},"57":{"start":{"line":300,"column":18},"end":{"line":300,"column":38}},"58":{"start":{"line":301,"column":2},"end":{"line":301,"column":70}},"59":{"start":{"line":315,"column":17},"end":{"line":319,"column":3}},"60":{"start":{"line":320,"column":2},"end":{"line":320,"column":35}},"61":{"start":{"line":332,"column":17},"end":{"line":336,"column":3}},"62":{"start":{"line":337,"column":2},"end":{"line":337,"column":26}}},"fnMap":{"0":{"name":"createUser","decl":{"start":{"line":20,"column":22},"end":{"line":20,"column":32}},"loc":{"start":{"line":20,"column":45},"end":{"line":23,"column":1}},"line":20},"1":{"name":"getUser","decl":{"start":{"line":30,"column":22},"end":{"line":30,"column":29}},"loc":{"start":{"line":30,"column":65},"end":{"line":34,"column":1}},"line":30},"2":{"name":"updateUser","decl":{"start":{"line":41,"column":22},"end":{"line":41,"column":32}},"loc":{"start":{"line":41,"column":67},"end":{"line":44,"column":1}},"line":41},"3":{"name":"deleteUser","decl":{"start":{"line":50,"column":22},"end":{"line":50,"column":32}},"loc":{"start":{"line":50,"column":46},"end":{"line":53,"column":1}},"line":50},"4":{"name":"createLandlord","decl":{"start":{"line":59,"column":22},"end":{"line":59,"column":36}},"loc":{"start":{"line":59,"column":57},"end":{"line":62,"column":1}},"line":59},"5":{"name":"getLandlord","decl":{"start":{"line":69,"column":22},"end":{"line":69,"column":33}},"loc":{"start":{"line":69,"column":76},"end":{"line":73,"column":1}},"line":69},"6":{"name":"updateLandlord","decl":{"start":{"line":80,"column":22},"end":{"line":80,"column":36}},"loc":{"start":{"line":83,"column":2},"end":{"line":86,"column":1}},"line":83},"7":{"name":"deleteLandlord","decl":{"start":{"line":92,"column":22},"end":{"line":92,"column":36}},"loc":{"start":{"line":92,"column":53},"end":{"line":95,"column":1}},"line":92},"8":{"name":"createTenant","decl":{"start":{"line":101,"column":22},"end":{"line":101,"column":34}},"loc":{"start":{"line":101,"column":51},"end":{"line":104,"column":1}},"line":101},"9":{"name":"getTenant","decl":{"start":{"line":111,"column":22},"end":{"line":111,"column":31}},"loc":{"start":{"line":111,"column":72},"end":{"line":115,"column":1}},"line":111},"10":{"name":"updateTenant","decl":{"start":{"line":122,"column":22},"end":{"line":122,"column":34}},"loc":{"start":{"line":122,"column":76},"end":{"line":125,"column":1}},"line":122},"11":{"name":"deleteTenant","decl":{"start":{"line":131,"column":22},"end":{"line":131,"column":34}},"loc":{"start":{"line":131,"column":51},"end":{"line":134,"column":1}},"line":131},"12":{"name":"createResidence","decl":{"start":{"line":140,"column":22},"end":{"line":140,"column":37}},"loc":{"start":{"line":140,"column":60},"end":{"line":143,"column":1}},"line":140},"13":{"name":"getResidence","decl":{"start":{"line":150,"column":22},"end":{"line":150,"column":34}},"loc":{"start":{"line":152,"column":29},"end":{"line":156,"column":1}},"line":152},"14":{"name":"updateResidence","decl":{"start":{"line":163,"column":22},"end":{"line":163,"column":37}},"loc":{"start":{"line":166,"column":2},"end":{"line":169,"column":1}},"line":166},"15":{"name":"deleteResidence","decl":{"start":{"line":175,"column":22},"end":{"line":175,"column":37}},"loc":{"start":{"line":175,"column":59},"end":{"line":178,"column":1}},"line":175},"16":{"name":"createApartment","decl":{"start":{"line":184,"column":22},"end":{"line":184,"column":37}},"loc":{"start":{"line":184,"column":60},"end":{"line":187,"column":1}},"line":184},"17":{"name":"getApartment","decl":{"start":{"line":194,"column":22},"end":{"line":194,"column":34}},"loc":{"start":{"line":196,"column":29},"end":{"line":200,"column":1}},"line":196},"18":{"name":"updateApartment","decl":{"start":{"line":207,"column":22},"end":{"line":207,"column":37}},"loc":{"start":{"line":210,"column":2},"end":{"line":213,"column":1}},"line":210},"19":{"name":"deleteApartment","decl":{"start":{"line":219,"column":22},"end":{"line":219,"column":37}},"loc":{"start":{"line":219,"column":59},"end":{"line":222,"column":1}},"line":219},"20":{"name":"createMaintenanceRequest","decl":{"start":{"line":228,"column":22},"end":{"line":228,"column":46}},"loc":{"start":{"line":228,"column":76},"end":{"line":231,"column":1}},"line":228},"21":{"name":"getMaintenanceRequest","decl":{"start":{"line":238,"column":22},"end":{"line":238,"column":43}},"loc":{"start":{"line":240,"column":38},"end":{"line":244,"column":1}},"line":240},"22":{"name":"updateMaintenanceRequest","decl":{"start":{"line":251,"column":22},"end":{"line":251,"column":46}},"loc":{"start":{"line":254,"column":2},"end":{"line":257,"column":1}},"line":254},"23":{"name":"deleteMaintenanceRequest","decl":{"start":{"line":263,"column":22},"end":{"line":263,"column":46}},"loc":{"start":{"line":263,"column":66},"end":{"line":266,"column":1}},"line":263},"24":{"name":"createLaundryMachine","decl":{"start":{"line":273,"column":22},"end":{"line":273,"column":42}},"loc":{"start":{"line":276,"column":2},"end":{"line":283,"column":1}},"line":276},"25":{"name":"getLaundryMachine","decl":{"start":{"line":291,"column":22},"end":{"line":291,"column":39}},"loc":{"start":{"line":294,"column":34},"end":{"line":302,"column":1}},"line":294},"26":{"name":"updateLaundryMachine","decl":{"start":{"line":310,"column":22},"end":{"line":310,"column":42}},"loc":{"start":{"line":314,"column":2},"end":{"line":321,"column":1}},"line":314},"27":{"name":"deleteLaundryMachine","decl":{"start":{"line":328,"column":22},"end":{"line":328,"column":42}},"loc":{"start":{"line":331,"column":2},"end":{"line":338,"column":1}},"line":331}},"branchMap":{"0":{"loc":{"start":{"line":33,"column":9},"end":{"line":33,"column":59}},"type":"cond-expr","locations":[{"start":{"line":33,"column":29},"end":{"line":33,"column":51}},{"start":{"line":33,"column":55},"end":{"line":33,"column":59}}],"line":33},"1":{"loc":{"start":{"line":72,"column":9},"end":{"line":72,"column":63}},"type":"cond-expr","locations":[{"start":{"line":72,"column":29},"end":{"line":72,"column":55}},{"start":{"line":72,"column":59},"end":{"line":72,"column":63}}],"line":72},"2":{"loc":{"start":{"line":114,"column":9},"end":{"line":114,"column":61}},"type":"cond-expr","locations":[{"start":{"line":114,"column":29},"end":{"line":114,"column":53}},{"start":{"line":114,"column":57},"end":{"line":114,"column":61}}],"line":114},"3":{"loc":{"start":{"line":155,"column":9},"end":{"line":155,"column":64}},"type":"cond-expr","locations":[{"start":{"line":155,"column":29},"end":{"line":155,"column":56}},{"start":{"line":155,"column":60},"end":{"line":155,"column":64}}],"line":155},"4":{"loc":{"start":{"line":199,"column":9},"end":{"line":199,"column":64}},"type":"cond-expr","locations":[{"start":{"line":199,"column":29},"end":{"line":199,"column":56}},{"start":{"line":199,"column":60},"end":{"line":199,"column":64}}],"line":199},"5":{"loc":{"start":{"line":243,"column":9},"end":{"line":243,"column":73}},"type":"cond-expr","locations":[{"start":{"line":243,"column":29},"end":{"line":243,"column":65}},{"start":{"line":243,"column":69},"end":{"line":243,"column":73}}],"line":243},"6":{"loc":{"start":{"line":301,"column":9},"end":{"line":301,"column":69}},"type":"cond-expr","locations":[{"start":{"line":301,"column":29},"end":{"line":301,"column":61}},{"start":{"line":301,"column":65},"end":{"line":301,"column":69}}],"line":301}},"s":{"0":0,"1":0,"2":0,"3":0,"4":0,"5":0,"6":0,"7":0,"8":0,"9":0,"10":0,"11":0,"12":0,"13":0,"14":0,"15":0,"16":0,"17":0,"18":0,"19":0,"20":0,"21":0,"22":0,"23":0,"24":0,"25":0,"26":0,"27":0,"28":0,"29":0,"30":0,"31":0,"32":0,"33":0,"34":0,"35":0,"36":0,"37":0,"38":0,"39":0,"40":0,"41":0,"42":0,"43":0,"44":0,"45":0,"46":0,"47":0,"48":0,"49":0,"50":0,"51":0,"52":0,"53":0,"54":0,"55":0,"56":0,"57":0,"58":0,"59":0,"60":0,"61":0,"62":0},"f":{"0":0,"1":0,"2":0,"3":0,"4":0,"5":0,"6":0,"7":0,"8":0,"9":0,"10":0,"11":0,"12":0,"13":0,"14":0,"15":0,"16":0,"17":0,"18":0,"19":0,"20":0,"21":0,"22":0,"23":0,"24":0,"25":0,"26":0,"27":0},"b":{"0":[0,0],"1":[0,0],"2":[0,0],"3":[0,0],"4":[0,0],"5":[0,0],"6":[0,0]}}
,"/home/shin/leazy/firebase/storage/storage.ts": {"path":"/home/shin/leazy/firebase/storage/storage.ts","statementMap":{"0":{"start":{"line":11,"column":19},"end":{"line":11,"column":31}},"1":{"start":{"line":12,"column":15},"end":{"line":12,"column":40}},"2":{"start":{"line":13,"column":15},"end":{"line":13,"column":40}},"3":{"start":{"line":16,"column":4},"end":{"line":23,"column":5}},"4":{"start":{"line":17,"column":27},"end":{"line":17,"column":48}},"5":{"start":{"line":18,"column":8},"end":{"line":18,"column":44}},"6":{"start":{"line":19,"column":8},"end":{"line":19,"column":37}},"7":{"start":{"line":21,"column":8},"end":{"line":21,"column":29}},"8":{"start":{"line":22,"column":8},"end":{"line":22,"column":19}},"9":{"start":{"line":27,"column":4},"end":{"line":34,"column":5}},"10":{"start":{"line":28,"column":27},"end":{"line":28,"column":48}},"11":{"start":{"line":29,"column":8},"end":{"line":29,"column":53}},"12":{"start":{"line":30,"column":8},"end":{"line":30,"column":37}},"13":{"start":{"line":32,"column":8},"end":{"line":32,"column":29}},"14":{"start":{"line":33,"column":8},"end":{"line":33,"column":19}},"15":{"start":{"line":38,"column":23},"end":{"line":38,"column":44}},"16":{"start":{"line":39,"column":4},"end":{"line":39,"column":44}},"17":{"start":{"line":43,"column":23},"end":{"line":43,"column":44}},"18":{"start":{"line":44,"column":4},"end":{"line":44,"column":44}},"19":{"start":{"line":48,"column":23},"end":{"line":48,"column":43}},"20":{"start":{"line":49,"column":4},"end":{"line":49,"column":35}},"21":{"start":{"line":53,"column":23},"end":{"line":53,"column":43}},"22":{"start":{"line":54,"column":4},"end":{"line":54,"column":35}}},"fnMap":{"0":{"name":"uploadImage","decl":{"start":{"line":15,"column":22},"end":{"line":15,"column":33}},"loc":{"start":{"line":15,"column":114},"end":{"line":24,"column":1}},"line":15},"1":{"name":"uploadVideo","decl":{"start":{"line":26,"column":22},"end":{"line":26,"column":33}},"loc":{"start":{"line":26,"column":114},"end":{"line":35,"column":1}},"line":26},"2":{"name":"getImageUrl","decl":{"start":{"line":37,"column":15},"end":{"line":37,"column":26}},"loc":{"start":{"line":37,"column":61},"end":{"line":40,"column":1}},"line":37},"3":{"name":"getVideoUrl","decl":{"start":{"line":42,"column":15},"end":{"line":42,"column":26}},"loc":{"start":{"line":42,"column":61},"end":{"line":45,"column":1}},"line":42},"4":{"name":"deleteImage","decl":{"start":{"line":47,"column":22},"end":{"line":47,"column":33}},"loc":{"start":{"line":47,"column":50},"end":{"line":50,"column":1}},"line":47},"5":{"name":"deleteVideo","decl":{"start":{"line":52,"column":22},"end":{"line":52,"column":33}},"loc":{"start":{"line":52,"column":50},"end":{"line":55,"column":1}},"line":52}},"branchMap":{},"s":{"0":0,"1":0,"2":0,"3":0,"4":0,"5":0,"6":0,"7":0,"8":0,"9":0,"10":0,"11":0,"12":0,"13":0,"14":0,"15":0,"16":0,"17":0,"18":0,"19":0,"20":0,"21":0,"22":0},"f":{"0":0,"1":0,"2":0,"3":0,"4":0,"5":0},"b":{}}
,"/home/shin/leazy/hooks/useColorScheme.ts": {"path":"/home/shin/leazy/hooks/useColorScheme.ts","statementMap":{},"fnMap":{},"branchMap":{},"s":{},"f":{},"b":{}}
,"/home/shin/leazy/hooks/useColorScheme.web.ts": {"path":"/home/shin/leazy/hooks/useColorScheme.web.ts","statementMap":{"0":{"start":{"line":7,"column":2},"end":{"line":7,"column":17}}},"fnMap":{"0":{"name":"useColorScheme","decl":{"start":{"line":6,"column":16},"end":{"line":6,"column":30}},"loc":{"start":{"line":6,"column":33},"end":{"line":8,"column":1}},"line":6}},"branchMap":{},"s":{"0":0},"f":{"0":0},"b":{}}
,"/home/shin/leazy/hooks/useThemeColor.ts": {"path":"/home/shin/leazy/hooks/useThemeColor.ts","statementMap":{"0":{"start":{"line":14,"column":16},"end":{"line":14,"column":43}},"1":{"start":{"line":15,"column":25},"end":{"line":15,"column":37}},"2":{"start":{"line":17,"column":2},"end":{"line":21,"column":3}},"3":{"start":{"line":18,"column":4},"end":{"line":18,"column":26}},"4":{"start":{"line":20,"column":4},"end":{"line":20,"column":36}}},"fnMap":{"0":{"name":"useThemeColor","decl":{"start":{"line":10,"column":16},"end":{"line":10,"column":29}},"loc":{"start":{"line":13,"column":2},"end":{"line":22,"column":1}},"line":13}},"branchMap":{"0":{"loc":{"start":{"line":14,"column":16},"end":{"line":14,"column":43}},"type":"binary-expr","locations":[{"start":{"line":14,"column":16},"end":{"line":14,"column":32}},{"start":{"line":14,"column":36},"end":{"line":14,"column":43}}],"line":14},"1":{"loc":{"start":{"line":17,"column":2},"end":{"line":21,"column":3}},"type":"if","locations":[{"start":{"line":17,"column":2},"end":{"line":21,"column":3}},{"start":{"line":19,"column":9},"end":{"line":21,"column":3}}],"line":17}},"s":{"0":0,"1":0,"2":0,"3":0,"4":0},"f":{"0":0},"b":{"0":[0,0],"1":[0,0]}}
,"/home/shin/leazy/jest/jest.config.js": {"path":"/home/shin/leazy/jest/jest.config.js","statementMap":{"0":{"start":{"line":1,"column":0},"end":{"line":11,"column":4}}},"fnMap":{},"branchMap":{},"s":{"0":0},"f":{},"b":{}}
,"/home/shin/leazy/scripts/reset-project.js": {"path":"/home/shin/leazy/scripts/reset-project.js","statementMap":{},"fnMap":{},"branchMap":{},"s":{},"f":{},"b":{}}
,"/home/shin/leazy/tests_examples/snapshot_test/ExampleSnapshot.tsx": {"path":"/home/shin/leazy/tests_examples/snapshot_test/ExampleSnapshot.tsx","statementMap":{"0":{"start":{"line":10,"column":4},"end":{"line":15,"column":5}}},"fnMap":{"0":{"name":"Profile","decl":{"start":{"line":9,"column":24},"end":{"line":9,"column":31}},"loc":{"start":{"line":9,"column":64},"end":{"line":16,"column":1}},"line":9}},"branchMap":{},"s":{"0":3},"f":{"0":3},"b":{},"_coverageSchema":"1a1c01bbd47fc00a2c39e90264f33305004495a9","hash":"d316255863a650681de115a4ac09a1a7b5bf6499"}
,"/home/shin/leazy/tests_examples/testing_basic/UnitTestComponent.tsx": {"path":"/home/shin/leazy/tests_examples/testing_basic/UnitTestComponent.tsx","statementMap":{"0":{"start":{"line":5,"column":4},"end":{"line":9,"column":5}}},"fnMap":{"0":{"name":"UnitExample","decl":{"start":{"line":4,"column":24},"end":{"line":4,"column":35}},"loc":{"start":{"line":4,"column":38},"end":{"line":10,"column":1}},"line":4}},"branchMap":{},"s":{"0":3},"f":{"0":3},"b":{},"_coverageSchema":"1a1c01bbd47fc00a2c39e90264f33305004495a9","hash":"6231dc2259da2c2791eb03668d8a01bfa9f96828"}
,"/home/shin/leazy/tests_examples/testing_mocking/ExampleApi.tsx": {"path":"/home/shin/leazy/tests_examples/testing_mocking/ExampleApi.tsx","statementMap":{"0":{"start":{"line":2,"column":21},"end":{"line":2,"column":72}},"1":{"start":{"line":4,"column":4},"end":{"line":4,"column":33}}},"fnMap":{"0":{"name":"getUserProfile","decl":{"start":{"line":1,"column":22},"end":{"line":1,"column":36}},"loc":{"start":{"line":1,"column":39},"end":{"line":5,"column":1}},"line":1}},"branchMap":{},"s":{"0":0,"1":0},"f":{"0":0},"b":{}}
,"/home/shin/leazy/tests_examples/testing_mocking/UserProfile.tsx": {"path":"/home/shin/leazy/tests_examples/testing_mocking/UserProfile.tsx","statementMap":{"0":{"start":{"line":11,"column":28},"end":{"line":11,"column":55}},"1":{"start":{"line":13,"column":4},"end":{"line":19,"column":11}},"2":{"start":{"line":15,"column":25},"end":{"line":15,"column":47}},"3":{"start":{"line":16,"column":12},"end":{"line":16,"column":26}},"4":{"start":{"line":18,"column":8},"end":{"line":18,"column":20}},"5":{"start":{"line":21,"column":4},"end":{"line":23,"column":5}},"6":{"start":{"line":22,"column":8},"end":{"line":22,"column":39}},"7":{"start":{"line":25,"column":4},"end":{"line":30,"column":6}}},"fnMap":{"0":{"name":"UserProfile","decl":{"start":{"line":10,"column":24},"end":{"line":10,"column":35}},"loc":{"start":{"line":10,"column":38},"end":{"line":31,"column":1}},"line":10},"1":{"name":"(anonymous_1)","decl":{"start":{"line":13,"column":14},"end":{"line":13,"column":15}},"loc":{"start":{"line":13,"column":20},"end":{"line":19,"column":5}},"line":13},"2":{"name":"fetchData","decl":{"start":{"line":14,"column":23},"end":{"line":14,"column":32}},"loc":{"start":{"line":14,"column":35},"end":{"line":17,"column":9}},"line":14}},"branchMap":{"0":{"loc":{"start":{"line":21,"column":4},"end":{"line":23,"column":5}},"type":"if","locations":[{"start":{"line":21,"column":4},"end":{"line":23,"column":5}},{"start":{},"end":{}}],"line":21}},"s":{"0":2,"1":2,"2":1,"3":1,"4":1,"5":2,"6":1,"7":1},"f":{"0":2,"1":1,"2":1},"b":{"0":[1,1]},"_coverageSchema":"1a1c01bbd47fc00a2c39e90264f33305004495a9","hash":"f5d98e5736b2199d328529d73f982d69fd3ea2df"}
,"/home/shin/leazy/tests_examples/testing_props/ExampleWithProps.tsx": {"path":"/home/shin/leazy/tests_examples/testing_props/ExampleWithProps.tsx","statementMap":{"0":{"start":{"line":10,"column":4},"end":{"line":14,"column":5}}},"fnMap":{"0":{"name":"Greeting","decl":{"start":{"line":9,"column":24},"end":{"line":9,"column":32}},"loc":{"start":{"line":9,"column":68},"end":{"line":15,"column":1}},"line":9}},"branchMap":{"0":{"loc":{"start":{"line":12,"column":20},"end":{"line":12,"column":65}},"type":"cond-expr","locations":[{"start":{"line":12,"column":32},"end":{"line":12,"column":46}},{"start":{"line":12,"column":49},"end":{"line":12,"column":65}}],"line":12}},"s":{"0":2},"f":{"0":2},"b":{"0":[1,1]},"_coverageSchema":"1a1c01bbd47fc00a2c39e90264f33305004495a9","hash":"3eba1672f81464a80c010816b286a003fc28bedd"}
,"/home/shin/leazy/tests_examples/testing_states/ExampleWithState.tsx": {"path":"/home/shin/leazy/tests_examples/testing_states/ExampleWithState.tsx","statementMap":{"0":{"start":{"line":11,"column":30},"end":{"line":11,"column":49}},"1":{"start":{"line":12,"column":4},"end":{"line":17,"column":5}},"2":{"start":{"line":15,"column":53},"end":{"line":15,"column":72}}},"fnMap":{"0":{"name":"SimpleCounter","decl":{"start":{"line":10,"column":24},"end":{"line":10,"column":37}},"loc":{"start":{"line":10,"column":71},"end":{"line":18,"column":1}},"line":10},"1":{"name":"(anonymous_1)","decl":{"start":{"line":15,"column":47},"end":{"line":15,"column":48}},"loc":{"start":{"line":15,"column":53},"end":{"line":15,"column":72}},"line":15}},"branchMap":{},"s":{"0":8,"1":8,"2":6},"f":{"0":8,"1":6},"b":{},"_coverageSchema":"1a1c01bbd47fc00a2c39e90264f33305004495a9","hash":"16780a0870495c50ce79f5006a180d7cb18e8996"}
,"/home/shin/leazy/types/types.js": {"path":"/home/shin/leazy/types/types.js","statementMap":{"0":{"start":{"line":3,"column":0},"end":{"line":3,"column":62}}},"fnMap":{},"branchMap":{},"s":{"0":0},"f":{},"b":{}}
,"/home/shin/leazy/types/types.ts": {"path":"/home/shin/leazy/types/types.ts","statementMap":{"0":{"start":{"line":84,"column":25},"end":{"line":95,"column":1}},"1":{"start":{"line":97,"column":26},"end":{"line":104,"column":1}},"2":{"start":{"line":106,"column":21},"end":{"line":128,"column":1}}},"fnMap":{},"branchMap":{},"s":{"0":0,"1":0,"2":0},"f":{},"b":{}}
}
