TN:
SF:app/index.tsx
FN:31,App
FN:35,(anonymous_1)
FN:37,(anonymous_2)
FN:57,(anonymous_3)
FN:73,(anonymous_4)
FN:87,(anonymous_5)
FNF:6
FNH:0
FNDA:0,App
FNDA:0,(anonymous_1)
FNDA:0,(anonymous_2)
FNDA:0,(anonymous_3)
FNDA:0,(anonymous_4)
FNDA:0,(anonymous_5)
DA:24,0
DA:25,0
DA:28,0
DA:32,0
DA:33,0
DA:35,0
DA:37,0
DA:38,0
DA:39,0
DA:42,0
DA:45,0
DA:47,0
DA:50,0
DA:57,0
DA:58,0
DA:73,0
DA:74,0
DA:87,0
DA:88,0
LF:19
LH:0
BRDA:45,0,0,0
BRDA:45,0,1,0
BRDA:52,1,0,0
BRDA:52,1,1,0
BRF:4
BRH:0
end_of_record
TN:
SF:app/components/AdaptiveButton.tsx
FN:16,(anonymous_0)
FNF:1
FNH:0
FNDA:0,(anonymous_0)
DA:16,0
DA:25,0
DA:32,0
DA:42,0
LF:4
LH:0
BRDA:20,0,0,0
BRDA:25,1,0,0
BRDA:25,1,1,0
BRDA:35,2,0,0
BRDA:35,2,1,0
BRDA:37,3,0,0
BRDA:37,3,1,0
BRF:7
BRH:0
end_of_record
TN:
SF:app/components/CustomButton.tsx
FN:4,CustomButton
FN:6,(anonymous_1)
FNF:2
FNH:0
FNDA:0,CustomButton
FNDA:0,(anonymous_1)
DA:6,0
DA:7,0
DA:9,0
DA:11,0
DA:13,0
DA:17,0
DA:27,0
LF:7
LH:0
BRDA:4,0,0,0
BRDA:4,1,0,0
BRDA:7,2,0,0
BRDA:7,2,1,0
BRDA:7,2,2,0
BRDA:20,3,0,0
BRDA:20,3,1,0
BRF:7
BRH:0
end_of_record
TN:
SF:app/components/CustomPicker.tsx
FN:6,CustomPicker
FN:16,(anonymous_1)
FNF:2
FNH:0
FNDA:0,CustomPicker
FNDA:0,(anonymous_1)
DA:7,0
DA:17,0
DA:24,0
LF:3
LH:0
BRF:0
BRH:0
end_of_record
TN:
SF:app/components/CustomPopUp.tsx
FN:5,CustomPopUp
FNF:1
FNH:0
FNDA:0,CustomPopUp
DA:6,0
DA:26,0
LF:2
LH:0
BRF:0
BRH:0
end_of_record
TN:
SF:app/components/CustomTextField.tsx
FN:4,CustomTextField
FNF:1
FNH:0
FNDA:0,CustomTextField
DA:21,0
DA:38,0
LF:2
LH:0
BRDA:9,0,0,0
BRDA:10,1,0,0
BRDA:11,2,0,0
BRF:3
BRH:0
end_of_record
TN:
SF:app/components/GoogleSignInButton.tsx
FN:12,(anonymous_0)
FN:19,(anonymous_1)
FN:24,(anonymous_2)
FN:25,(anonymous_3)
FN:35,(anonymous_4)
FN:45,(anonymous_5)
FNF:6
FNH:0
FNDA:0,(anonymous_0)
FNDA:0,(anonymous_1)
FNDA:0,(anonymous_2)
FNDA:0,(anonymous_3)
FNDA:0,(anonymous_4)
FNDA:0,(anonymous_5)
DA:12,0
DA:13,0
DA:17,0
DA:19,0
DA:20,0
DA:21,0
DA:22,0
DA:23,0
DA:25,0
DA:26,0
DA:27,0
DA:36,0
DA:41,0
DA:45,0
DA:63,0
LF:15
LH:0
BRDA:20,0,0,0
BRDA:20,0,1,0
BRDA:26,1,0,0
BRDA:26,1,1,0
BRF:4
BRH:0
end_of_record
TN:
SF:app/components/Header.tsx
FN:13,(anonymous_0)
FN:18,(anonymous_1)
FNF:2
FNH:0
FNDA:0,(anonymous_0)
FNDA:0,(anonymous_1)
DA:11,0
DA:13,0
DA:14,0
DA:15,0
DA:18,0
DA:38,0
LF:6
LH:0
BRF:0
BRH:0
end_of_record
TN:
SF:app/components/StatusBadge.tsx
FN:11,(anonymous_0)
FN:12,(anonymous_1)
FNF:2
FNH:0
FNDA:0,(anonymous_0)
FNDA:0,(anonymous_1)
DA:11,0
DA:12,0
DA:13,0
DA:15,0
DA:17,0
DA:19,0
DA:21,0
DA:25,0
DA:34,0
LF:9
LH:0
BRDA:13,0,0,0
BRDA:13,0,1,0
BRDA:13,0,2,0
BRDA:13,0,3,0
BRF:4
BRH:0
end_of_record
TN:
SF:app/components/StatusDropdown.tsx
FN:13,(anonymous_0)
FNF:1
FNH:0
FNDA:0,(anonymous_0)
DA:13,0
DA:14,0
DA:15,0
DA:21,0
DA:41,0
LF:5
LH:0
BRF:0
BRH:0
end_of_record
TN:
SF:app/screens/CameraScreen.tsx
FN:10,CameraScreen
FN:18,(anonymous_1)
FN:19,(anonymous_2)
FN:31,(anonymous_3)
FN:47,(anonymous_4)
FN:48,(anonymous_5)
FN:51,(anonymous_6)
FN:52,(anonymous_7)
FN:55,(anonymous_8)
FN:56,(anonymous_9)
FN:87,(anonymous_10)
FN:90,(anonymous_11)
FNF:12
FNH:0
FNDA:0,CameraScreen
FNDA:0,(anonymous_1)
FNDA:0,(anonymous_2)
FNDA:0,(anonymous_3)
FNDA:0,(anonymous_4)
FNDA:0,(anonymous_5)
FNDA:0,(anonymous_6)
FNDA:0,(anonymous_7)
FNDA:0,(anonymous_8)
FNDA:0,(anonymous_9)
FNDA:0,(anonymous_10)
FNDA:0,(anonymous_11)
DA:11,0
DA:12,0
DA:13,0
DA:14,0
DA:15,0
DA:16,0
DA:18,0
DA:19,0
DA:20,0
DA:21,0
DA:22,0
DA:23,0
DA:31,0
DA:32,0
DA:33,0
DA:34,0
DA:38,0
DA:39,0
DA:41,0
DA:42,0
DA:47,0
DA:48,0
DA:51,0
DA:52,0
DA:55,0
DA:56,0
DA:57,0
DA:58,0
DA:62,0
DA:63,0
DA:65,0
DA:66,0
DA:69,0
DA:87,0
DA:90,0
DA:107,0
LF:36
LH:0
BRDA:24,0,0,0
BRDA:24,0,1,0
BRDA:24,0,2,0
BRDA:32,1,0,0
BRDA:32,1,1,0
BRDA:48,2,0,0
BRDA:48,2,1,0
BRDA:52,3,0,0
BRDA:52,3,1,0
BRDA:57,4,0,0
BRDA:57,4,1,0
BRDA:62,5,0,0
BRDA:62,5,1,0
BRDA:65,6,0,0
BRDA:65,6,1,0
BRDA:83,7,0,0
BRDA:83,7,1,0
BRF:17
BRH:0
end_of_record
TN:
SF:app/screens/CapturedMediaScreen.tsx
FN:16,CapturedMediaScreen
FN:22,(anonymous_1)
FN:44,(anonymous_2)
FN:46,(anonymous_3)
FN:47,(anonymous_4)
FN:51,(anonymous_5)
FN:59,(anonymous_6)
FNF:7
FNH:0
FNDA:0,CapturedMediaScreen
FNDA:0,(anonymous_1)
FNDA:0,(anonymous_2)
FNDA:0,(anonymous_3)
FNDA:0,(anonymous_4)
FNDA:0,(anonymous_5)
FNDA:0,(anonymous_6)
DA:17,0
DA:18,0
DA:19,0
DA:20,0
DA:22,0
DA:23,0
DA:25,0
DA:26,0
DA:28,0
DA:29,0
DA:32,0
DA:35,0
DA:36,0
DA:37,0
DA:39,0
DA:40,0
DA:44,0
DA:45,0
DA:47,0
DA:52,0
DA:59,0
DA:60,0
DA:63,0
DA:95,0
LF:24
LH:0
BRDA:28,0,0,0
BRDA:28,0,1,0
BRDA:29,1,0,0
BRDA:29,1,1,0
BRDA:65,2,0,0
BRDA:65,2,1,0
BRDA:78,3,0,0
BRDA:78,3,1,0
BRDA:87,4,0,0
BRDA:87,4,1,0
BRF:10
BRH:0
end_of_record
TN:
SF:app/screens/CodeApprovedScreen.tsx
FN:7,CodeApprovedScreen
FN:9,(anonymous_1)
FNF:2
FNH:0
FNDA:0,CodeApprovedScreen
FNDA:0,(anonymous_1)
DA:8,0
DA:9,0
DA:10,0
DA:13,0
DA:24,0
LF:5
LH:0
BRF:0
BRH:0
end_of_record
TN:
SF:app/screens/CodeEntryScreen.tsx
FN:16,CodeEntryScreen
FN:21,(anonymous_1)
FN:27,(anonymous_2)
FNF:3
FNH:0
FNDA:0,CodeEntryScreen
FNDA:0,(anonymous_1)
FNDA:0,(anonymous_2)
DA:10,0
DA:17,0
DA:18,0
DA:19,0
DA:21,0
DA:22,0
DA:23,0
DA:24,0
DA:27,0
DA:28,0
DA:29,0
DA:30,0
DA:32,0
DA:33,0
DA:34,0
DA:37,0
DA:40,0
DA:58,0
LF:18
LH:0
BRDA:23,0,0,0
BRDA:23,0,1,0
BRDA:30,1,0,0
BRDA:30,1,1,0
BRDA:32,2,0,0
BRDA:32,2,1,0
BRDA:50,3,0,0
BRDA:50,3,1,0
BRF:8
BRH:0
end_of_record
TN:
SF:app/screens/HomepageScreen.tsx
FN:11,HomepageScreen
FN:26,(anonymous_1)
FNF:2
FNH:0
FNDA:0,HomepageScreen
FNDA:0,(anonymous_1)
DA:12,0
DA:14,0
DA:26,0
DA:34,0
LF:4
LH:0
BRF:0
BRH:0
end_of_record
TN:
SF:app/screens/IssueDetailsScreen.tsx
FN:26,(anonymous_0)
FN:40,(anonymous_1)
FN:42,(anonymous_2)
FN:47,(anonymous_3)
FN:49,(anonymous_4)
FN:54,(anonymous_5)
FN:55,(anonymous_6)
FN:77,(anonymous_7)
FN:99,(anonymous_8)
FNF:9
FNH:0
FNDA:0,(anonymous_0)
FNDA:0,(anonymous_1)
FNDA:0,(anonymous_2)
FNDA:0,(anonymous_3)
FNDA:0,(anonymous_4)
FNDA:0,(anonymous_5)
FNDA:0,(anonymous_6)
FNDA:0,(anonymous_7)
FNDA:0,(anonymous_8)
DA:26,0
DA:27,0
DA:29,0
DA:30,0
DA:32,0
DA:33,0
DA:35,0
DA:36,0
DA:37,0
DA:40,0
DA:41,0
DA:42,0
DA:47,0
DA:48,0
DA:49,0
DA:54,0
DA:55,0
DA:56,0
DA:57,0
DA:58,0
DA:59,0
DA:60,0
DA:62,0
DA:65,0
DA:68,0
DA:69,0
DA:72,0
DA:73,0
DA:77,0
DA:78,0
DA:79,0
DA:85,0
DA:89,0
DA:99,0
DA:142,0
LF:35
LH:0
BRDA:41,0,0,0
BRDA:41,0,1,0
BRDA:42,1,0,0
BRDA:42,1,1,0
BRDA:48,2,0,0
BRDA:48,2,1,0
BRDA:49,3,0,0
BRDA:49,3,1,0
BRDA:57,4,0,0
BRDA:57,4,1,0
BRDA:68,5,0,0
BRDA:68,5,1,0
BRDA:72,6,0,0
BRDA:72,6,1,0
BRDA:78,7,0,0
BRDA:78,7,1,0
BRF:16
BRH:0
end_of_record
TN:
SF:app/screens/ListIssueScreen.tsx
FN:21,(anonymous_0)
FN:24,(anonymous_1)
FN:59,(anonymous_2)
FN:67,(anonymous_3)
FN:83,(anonymous_4)
FN:84,(anonymous_5)
FN:96,(anonymous_6)
FN:100,(anonymous_7)
FN:114,(anonymous_8)
FN:115,(anonymous_9)
FN:121,(anonymous_10)
FN:141,(anonymous_11)
FN:145,(anonymous_12)
FN:146,(anonymous_13)
FNF:14
FNH:0
FNDA:0,(anonymous_0)
FNDA:0,(anonymous_1)
FNDA:0,(anonymous_2)
FNDA:0,(anonymous_3)
FNDA:0,(anonymous_4)
FNDA:0,(anonymous_5)
FNDA:0,(anonymous_6)
FNDA:0,(anonymous_7)
FNDA:0,(anonymous_8)
FNDA:0,(anonymous_9)
FNDA:0,(anonymous_10)
FNDA:0,(anonymous_11)
FNDA:0,(anonymous_12)
FNDA:0,(anonymous_13)
DA:21,0
DA:22,0
DA:24,0
DA:25,0
DA:27,0
DA:29,0
DA:31,0
DA:33,0
DA:35,0
DA:39,0
DA:59,0
DA:67,0
DA:68,0
DA:69,0
DA:74,0
DA:77,0
DA:80,0
DA:81,0
DA:83,0
DA:84,0
DA:85,0
DA:86,0
DA:87,0
DA:88,0
DA:92,0
DA:94,0
DA:95,0
DA:96,0
DA:99,0
DA:100,0
DA:106,0
DA:110,0
DA:114,0
DA:115,0
DA:116,0
DA:118,0
DA:121,0
DA:123,0
DA:142,0
DA:145,0
DA:146,0
DA:164,0
LF:42
LH:0
BRDA:25,0,0,0
BRDA:25,0,1,0
BRDA:25,0,2,0
BRDA:25,0,3,0
BRDA:25,0,4,0
BRDA:51,1,0,0
BRDA:51,1,1,0
BRDA:51,1,2,0
BRDA:81,2,0,0
BRDA:81,2,1,0
BRDA:86,3,0,0
BRDA:86,3,1,0
BRDA:94,4,0,0
BRDA:94,4,1,0
BRDA:94,5,0,0
BRDA:94,5,1,0
BRDA:116,6,0,0
BRDA:116,6,1,0
BRDA:121,7,0,0
BRDA:121,7,1,0
BRF:20
BRH:0
end_of_record
TN:
SF:app/screens/MessagingScreen.tsx
FN:15,Chat
FN:19,(anonymous_1)
FN:20,(anonymous_2)
FN:38,(anonymous_3)
FN:53,(anonymous_4)
FN:54,(anonymous_5)
FN:66,(anonymous_6)
FN:73,(anonymous_7)
FN:77,(anonymous_8)
FN:78,(anonymous_9)
FN:95,(anonymous_10)
FN:129,(anonymous_11)
FNF:12
FNH:0
FNDA:0,Chat
FNDA:0,(anonymous_1)
FNDA:0,(anonymous_2)
FNDA:0,(anonymous_3)
FNDA:0,(anonymous_4)
FNDA:0,(anonymous_5)
FNDA:0,(anonymous_6)
FNDA:0,(anonymous_7)
FNDA:0,(anonymous_8)
FNDA:0,(anonymous_9)
FNDA:0,(anonymous_10)
FNDA:0,(anonymous_11)
DA:16,0
DA:17,0
DA:19,0
DA:20,0
DA:21,0
DA:23,0
DA:28,0
DA:29,0
DA:31,0
DA:35,0
DA:38,0
DA:39,0
DA:41,0
DA:42,0
DA:44,0
DA:45,0
DA:48,0
DA:53,0
DA:54,0
DA:55,0
DA:56,0
DA:65,0
DA:66,0
DA:69,0
DA:70,0
DA:73,0
DA:77,0
DA:78,0
DA:79,0
DA:81,0
DA:84,0
DA:87,0
DA:95,0
DA:96,0
DA:121,0
DA:129,0
LF:36
LH:0
BRDA:39,0,0,0
BRDA:39,0,1,0
BRDA:44,1,0,0
BRDA:44,1,1,0
BRDA:77,2,0,0
BRDA:135,3,0,0
BRDA:135,3,1,0
BRF:7
BRH:0
end_of_record
TN:
SF:app/screens/MyRentScreen.tsx
FN:6,MyRentScreen
FNF:1
FNH:0
FNDA:0,MyRentScreen
DA:7,0
DA:30,0
LF:2
LH:0
BRF:0
BRH:0
end_of_record
TN:
SF:app/screens/PhotoScreen.tsx
FNF:0
FNH:0
LF:0
LH:0
BRF:0
BRH:0
end_of_record
TN:
SF:app/screens/ReportScreen.tsx
FN:6,ReportScreen
FN:11,(anonymous_1)
FN:49,(anonymous_2)
FNF:3
FNH:0
FNDA:0,ReportScreen
FNDA:0,(anonymous_1)
FNDA:0,(anonymous_2)
DA:7,0
DA:8,0
DA:11,0
DA:15,0
DA:55,0
LF:5
LH:0
BRF:0
BRH:0
end_of_record
TN:
SF:app/screens/SettingsScreen.tsx
FN:8,SettingsScreen
FN:14,(anonymous_1)
FNF:2
FNH:2
FNDA:1,SettingsScreen
FNDA:1,(anonymous_1)
DA:9,1
DA:11,1
DA:14,1
DA:26,1
LF:4
LH:4
BRF:0
BRH:0
end_of_record
TN:
SF:app/screens/SharedElementsScreen.tsx
FN:6,SharedElementsScreen
FNF:1
FNH:0
FNDA:0,SharedElementsScreen
DA:7,0
DA:15,0
LF:2
LH:0
BRF:0
BRH:0
end_of_record
TN:
SF:app/screens/SignInScreen.tsx
FN:16,SignInScreen
FN:23,(anonymous_1)
FN:31,(anonymous_2)
FN:39,(anonymous_3)
FN:44,(anonymous_4)
FN:50,(anonymous_5)
FN:59,(anonymous_6)
FNF:7
FNH:0
FNDA:0,SignInScreen
FNDA:0,(anonymous_1)
FNDA:0,(anonymous_2)
FNDA:0,(anonymous_3)
FNDA:0,(anonymous_4)
FNDA:0,(anonymous_5)
FNDA:0,(anonymous_6)
DA:17,0
DA:18,0
DA:19,0
DA:20,0
DA:21,0
DA:23,0
DA:24,0
DA:25,0
DA:26,0
DA:27,0
DA:28,0
DA:31,0
DA:32,0
DA:34,0
DA:35,0
DA:36,0
DA:39,0
DA:40,0
DA:41,0
DA:42,0
DA:45,0
DA:50,0
DA:51,0
DA:54,0
DA:59,0
DA:90,0
LF:26
LH:0
BRDA:25,0,0,0
BRDA:25,0,1,0
BRDA:26,1,0,0
BRDA:26,1,1,0
BRDA:27,2,0,0
BRDA:27,2,1,0
BRDA:34,3,0,0
BRDA:34,3,1,0
BRDA:40,4,0,0
BRDA:40,4,1,0
BRDA:56,5,0,0
BRDA:56,5,1,0
BRDA:71,6,0,0
BRDA:71,6,1,0
BRDA:79,7,0,0
BRDA:79,7,1,0
BRF:16
BRH:0
end_of_record
TN:
SF:app/screens/SignUpScreen.tsx
FN:21,SignUpScreen
FN:32,(anonymous_1)
FN:45,(anonymous_2)
FN:53,(anonymous_3)
FN:63,(anonymous_4)
FN:73,(anonymous_5)
FN:81,(anonymous_6)
FNF:7
FNH:0
FNDA:0,SignUpScreen
FNDA:0,(anonymous_1)
FNDA:0,(anonymous_2)
FNDA:0,(anonymous_3)
FNDA:0,(anonymous_4)
FNDA:0,(anonymous_5)
FNDA:0,(anonymous_6)
DA:22,0
DA:23,0
DA:24,0
DA:25,0
DA:26,0
DA:27,0
DA:28,0
DA:29,0
DA:30,0
DA:32,0
DA:33,0
DA:34,0
DA:35,0
DA:36,0
DA:37,0
DA:38,0
DA:39,0
DA:40,0
DA:41,0
DA:42,0
DA:45,0
DA:46,0
DA:47,0
DA:48,0
DA:49,0
DA:53,0
DA:54,0
DA:55,0
DA:57,0
DA:58,0
DA:63,0
DA:64,0
DA:67,0
DA:73,0
DA:81,0
DA:148,0
LF:36
LH:0
BRDA:34,0,0,0
BRDA:34,0,1,0
BRDA:35,1,0,0
BRDA:35,1,1,0
BRDA:36,2,0,0
BRDA:36,2,1,0
BRDA:37,3,0,0
BRDA:37,3,1,0
BRDA:38,4,0,0
BRDA:38,4,1,0
BRDA:39,5,0,0
BRDA:39,5,1,0
BRDA:40,6,0,0
BRDA:40,6,1,0
BRDA:41,7,0,0
BRDA:41,7,1,0
BRDA:47,8,0,0
BRDA:47,8,1,0
BRDA:54,9,0,0
BRDA:54,9,1,0
BRDA:70,10,0,0
BRDA:70,10,1,0
BRDA:91,11,0,0
BRDA:91,11,1,0
BRDA:99,12,0,0
BRDA:99,12,1,0
BRDA:111,13,0,0
BRDA:111,13,1,0
BRDA:120,14,0,0
BRDA:120,14,1,0
BRDA:129,15,0,0
BRDA:129,15,1,0
BRF:32
BRH:0
end_of_record
TN:
SF:app/screens/SubrentScreen.tsx
FN:6,SubrentScreen
FNF:1
FNH:0
FNDA:0,SubrentScreen
DA:7,0
DA:15,0
LF:2
LH:0
BRF:0
BRH:0
end_of_record
TN:
SF:constants/Colors.ts
FNF:0
FNH:0
DA:6,0
DA:7,0
DA:9,0
LF:3
LH:0
BRF:0
BRH:0
end_of_record
TN:
SF:firebase/firebase.js
FNF:0
FNH:0
DA:2,0
DA:3,0
DA:5,0
DA:6,0
DA:7,0
DA:8,0
DA:9,0
DA:14,0
DA:24,0
DA:25,0
DA:26,0
DA:27,0
DA:28,0
LF:13
LH:0
BRF:0
BRH:0
end_of_record
TN:
SF:firebase/firebase.ts
FNF:0
FNH:0
DA:12,0
DA:15,0
DA:26,0
DA:28,0
DA:29,0
DA:33,0
LF:6
LH:0
BRF:0
BRH:0
end_of_record
TN:
SF:firebase/auth/auth.ts
FN:28,emailAndPasswordSignIn
FN:44,emailAndPasswordLogIn
FN:49,deleteAccount
FN:64,signOutUser
FN:80,resetUserPassword
FN:86,updateUserEmail
FNF:6
FNH:0
FNDA:0,emailAndPasswordSignIn
FNDA:0,emailAndPasswordLogIn
FNDA:0,deleteAccount
FNDA:0,signOutUser
FNDA:0,resetUserPassword
FNDA:0,updateUserEmail
DA:18,0
DA:29,0
DA:30,0
DA:31,0
DA:32,0
DA:33,0
DA:34,0
DA:35,0
DA:37,0
DA:39,0
DA:40,0
DA:45,0
DA:46,0
DA:50,0
DA:51,0
DA:52,0
DA:53,0
DA:59,0
DA:65,0
DA:66,0
DA:67,0
DA:68,0
DA:71,0
DA:74,0
DA:81,0
DA:82,0
DA:87,0
DA:88,0
LF:28
LH:0
BRDA:32,0,0,0
BRDA:32,0,1,0
BRDA:34,1,0,0
BRDA:34,1,1,0
BRDA:50,2,0,0
BRDA:50,2,1,0
BRDA:65,3,0,0
BRDA:65,3,1,0
BRDA:81,4,0,0
BRDA:81,4,1,0
BRDA:87,5,0,0
BRDA:87,5,1,0
BRF:12
BRH:0
end_of_record
TN:
SF:firebase/firestore/firestore.js
FN:2,(anonymous_0)
FN:3,adopt
FN:3,(anonymous_2)
FN:4,(anonymous_3)
FN:5,fulfilled
FN:6,rejected
FN:7,step
FN:11,(anonymous_7)
FN:12,(anonymous_8)
FN:13,(anonymous_9)
FN:14,verb
FN:14,(anonymous_11)
FN:15,step
FN:47,createUser
FN:48,(anonymous_14)
FN:50,(anonymous_15)
FN:68,getUser
FN:69,(anonymous_17)
FN:71,(anonymous_18)
FN:89,updateUser
FN:90,(anonymous_20)
FN:92,(anonymous_21)
FN:109,deleteUser
FN:110,(anonymous_23)
FN:112,(anonymous_24)
FN:129,createLandlord
FN:130,(anonymous_26)
FN:132,(anonymous_27)
FN:150,getLandlord
FN:151,(anonymous_29)
FN:153,(anonymous_30)
FN:171,updateLandlord
FN:172,(anonymous_32)
FN:174,(anonymous_33)
FN:191,deleteLandlord
FN:192,(anonymous_35)
FN:194,(anonymous_36)
FN:211,createTenant
FN:212,(anonymous_38)
FN:214,(anonymous_39)
FN:232,getTenant
FN:233,(anonymous_41)
FN:235,(anonymous_42)
FN:253,updateTenant
FN:254,(anonymous_44)
FN:256,(anonymous_45)
FN:273,deleteTenant
FN:274,(anonymous_47)
FN:276,(anonymous_48)
FN:293,createResidence
FN:294,(anonymous_50)
FN:296,(anonymous_51)
FN:314,getResidence
FN:315,(anonymous_53)
FN:317,(anonymous_54)
FN:335,updateResidence
FN:336,(anonymous_56)
FN:338,(anonymous_57)
FN:355,deleteResidence
FN:356,(anonymous_59)
FN:358,(anonymous_60)
FN:375,createApartment
FN:376,(anonymous_62)
FN:378,(anonymous_63)
FN:396,getApartment
FN:397,(anonymous_65)
FN:399,(anonymous_66)
FN:417,updateApartment
FN:418,(anonymous_68)
FN:420,(anonymous_69)
FN:437,deleteApartment
FN:438,(anonymous_71)
FN:440,(anonymous_72)
FN:457,createMaintenanceRequest
FN:458,(anonymous_74)
FN:460,(anonymous_75)
FN:478,getMaintenanceRequest
FN:479,(anonymous_77)
FN:481,(anonymous_78)
FN:499,updateMaintenanceRequest
FN:500,(anonymous_80)
FN:502,(anonymous_81)
FN:519,deleteMaintenanceRequest
FN:520,(anonymous_83)
FN:522,(anonymous_84)
FN:540,createLaundryMachine
FN:541,(anonymous_86)
FN:543,(anonymous_87)
FN:562,getLaundryMachine
FN:563,(anonymous_89)
FN:565,(anonymous_90)
FN:584,updateLaundryMachine
FN:585,(anonymous_92)
FN:587,(anonymous_93)
FN:605,deleteLaundryMachine
FN:606,(anonymous_95)
FN:608,(anonymous_96)
FNF:97
FNH:0
FNDA:0,(anonymous_0)
FNDA:0,adopt
FNDA:0,(anonymous_2)
FNDA:0,(anonymous_3)
FNDA:0,fulfilled
FNDA:0,rejected
FNDA:0,step
FNDA:0,(anonymous_7)
FNDA:0,(anonymous_8)
FNDA:0,(anonymous_9)
FNDA:0,verb
FNDA:0,(anonymous_11)
FNDA:0,step
FNDA:0,createUser
FNDA:0,(anonymous_14)
FNDA:0,(anonymous_15)
FNDA:0,getUser
FNDA:0,(anonymous_17)
FNDA:0,(anonymous_18)
FNDA:0,updateUser
FNDA:0,(anonymous_20)
FNDA:0,(anonymous_21)
FNDA:0,deleteUser
FNDA:0,(anonymous_23)
FNDA:0,(anonymous_24)
FNDA:0,createLandlord
FNDA:0,(anonymous_26)
FNDA:0,(anonymous_27)
FNDA:0,getLandlord
FNDA:0,(anonymous_29)
FNDA:0,(anonymous_30)
FNDA:0,updateLandlord
FNDA:0,(anonymous_32)
FNDA:0,(anonymous_33)
FNDA:0,deleteLandlord
FNDA:0,(anonymous_35)
FNDA:0,(anonymous_36)
FNDA:0,createTenant
FNDA:0,(anonymous_38)
FNDA:0,(anonymous_39)
FNDA:0,getTenant
FNDA:0,(anonymous_41)
FNDA:0,(anonymous_42)
FNDA:0,updateTenant
FNDA:0,(anonymous_44)
FNDA:0,(anonymous_45)
FNDA:0,deleteTenant
FNDA:0,(anonymous_47)
FNDA:0,(anonymous_48)
FNDA:0,createResidence
FNDA:0,(anonymous_50)
FNDA:0,(anonymous_51)
FNDA:0,getResidence
FNDA:0,(anonymous_53)
FNDA:0,(anonymous_54)
FNDA:0,updateResidence
FNDA:0,(anonymous_56)
FNDA:0,(anonymous_57)
FNDA:0,deleteResidence
FNDA:0,(anonymous_59)
FNDA:0,(anonymous_60)
FNDA:0,createApartment
FNDA:0,(anonymous_62)
FNDA:0,(anonymous_63)
FNDA:0,getApartment
FNDA:0,(anonymous_65)
FNDA:0,(anonymous_66)
FNDA:0,updateApartment
FNDA:0,(anonymous_68)
FNDA:0,(anonymous_69)
FNDA:0,deleteApartment
FNDA:0,(anonymous_71)
FNDA:0,(anonymous_72)
FNDA:0,createMaintenanceRequest
FNDA:0,(anonymous_74)
FNDA:0,(anonymous_75)
FNDA:0,getMaintenanceRequest
FNDA:0,(anonymous_77)
FNDA:0,(anonymous_78)
FNDA:0,updateMaintenanceRequest
FNDA:0,(anonymous_80)
FNDA:0,(anonymous_81)
FNDA:0,deleteMaintenanceRequest
FNDA:0,(anonymous_83)
FNDA:0,(anonymous_84)
FNDA:0,createLaundryMachine
FNDA:0,(anonymous_86)
FNDA:0,(anonymous_87)
FNDA:0,getLaundryMachine
FNDA:0,(anonymous_89)
FNDA:0,(anonymous_90)
FNDA:0,updateLaundryMachine
FNDA:0,(anonymous_92)
FNDA:0,(anonymous_93)
FNDA:0,deleteLaundryMachine
FNDA:0,(anonymous_95)
FNDA:0,(anonymous_96)
DA:2,0
DA:3,0
DA:4,0
DA:5,0
DA:6,0
DA:7,0
DA:8,0
DA:11,0
DA:12,0
DA:13,0
DA:14,0
DA:16,0
DA:17,0
DA:18,0
DA:19,0
DA:20,0
DA:21,0
DA:22,0
DA:23,0
DA:24,0
DA:26,0
DA:27,0
DA:28,0
DA:29,0
DA:30,0
DA:31,0
DA:33,0
DA:34,0
DA:35,0
DA:38,0
DA:39,0
DA:41,0
DA:42,0
DA:48,0
DA:50,0
DA:51,0
DA:53,0
DA:54,0
DA:56,0
DA:57,0
DA:62,0
DA:69,0
DA:71,0
DA:72,0
DA:74,0
DA:75,0
DA:77,0
DA:78,0
DA:83,0
DA:90,0
DA:92,0
DA:93,0
DA:95,0
DA:96,0
DA:98,0
DA:99,0
DA:104,0
DA:110,0
DA:112,0
DA:113,0
DA:115,0
DA:116,0
DA:118,0
DA:119,0
DA:124,0
DA:130,0
DA:132,0
DA:133,0
DA:135,0
DA:136,0
DA:138,0
DA:139,0
DA:144,0
DA:151,0
DA:153,0
DA:154,0
DA:156,0
DA:157,0
DA:159,0
DA:160,0
DA:165,0
DA:172,0
DA:174,0
DA:175,0
DA:177,0
DA:178,0
DA:180,0
DA:181,0
DA:186,0
DA:192,0
DA:194,0
DA:195,0
DA:197,0
DA:198,0
DA:200,0
DA:201,0
DA:206,0
DA:212,0
DA:214,0
DA:215,0
DA:217,0
DA:218,0
DA:220,0
DA:221,0
DA:226,0
DA:233,0
DA:235,0
DA:236,0
DA:238,0
DA:239,0
DA:241,0
DA:242,0
DA:247,0
DA:254,0
DA:256,0
DA:257,0
DA:259,0
DA:260,0
DA:262,0
DA:263,0
DA:268,0
DA:274,0
DA:276,0
DA:277,0
DA:279,0
DA:280,0
DA:282,0
DA:283,0
DA:288,0
DA:294,0
DA:296,0
DA:297,0
DA:299,0
DA:300,0
DA:302,0
DA:303,0
DA:308,0
DA:315,0
DA:317,0
DA:318,0
DA:320,0
DA:321,0
DA:323,0
DA:324,0
DA:329,0
DA:336,0
DA:338,0
DA:339,0
DA:341,0
DA:342,0
DA:344,0
DA:345,0
DA:350,0
DA:356,0
DA:358,0
DA:359,0
DA:361,0
DA:362,0
DA:364,0
DA:365,0
DA:370,0
DA:376,0
DA:378,0
DA:379,0
DA:381,0
DA:382,0
DA:384,0
DA:385,0
DA:390,0
DA:397,0
DA:399,0
DA:400,0
DA:402,0
DA:403,0
DA:405,0
DA:406,0
DA:411,0
DA:418,0
DA:420,0
DA:421,0
DA:423,0
DA:424,0
DA:426,0
DA:427,0
DA:432,0
DA:438,0
DA:440,0
DA:441,0
DA:443,0
DA:444,0
DA:446,0
DA:447,0
DA:452,0
DA:458,0
DA:460,0
DA:461,0
DA:463,0
DA:464,0
DA:466,0
DA:467,0
DA:472,0
DA:479,0
DA:481,0
DA:482,0
DA:484,0
DA:485,0
DA:487,0
DA:488,0
DA:493,0
DA:500,0
DA:502,0
DA:503,0
DA:505,0
DA:506,0
DA:508,0
DA:509,0
DA:514,0
DA:520,0
DA:522,0
DA:523,0
DA:525,0
DA:526,0
DA:528,0
DA:529,0
DA:534,0
DA:541,0
DA:543,0
DA:544,0
DA:546,0
DA:547,0
DA:549,0
DA:550,0
DA:555,0
DA:563,0
DA:565,0
DA:566,0
DA:568,0
DA:569,0
DA:571,0
DA:572,0
DA:577,0
DA:585,0
DA:587,0
DA:588,0
DA:590,0
DA:591,0
DA:593,0
DA:594,0
DA:599,0
DA:606,0
DA:608,0
DA:609,0
DA:611,0
DA:612,0
DA:614,0
DA:615,0
DA:620,0
LF:257
LH:0
BRDA:2,0,0,0
BRDA:2,0,1,0
BRDA:2,0,2,0
BRDA:3,1,0,0
BRDA:3,1,1,0
BRDA:4,2,0,0
BRDA:4,2,1,0
BRDA:7,3,0,0
BRDA:7,3,1,0
BRDA:8,4,0,0
BRDA:8,4,1,0
BRDA:11,5,0,0
BRDA:11,5,1,0
BRDA:11,5,2,0
BRDA:12,6,0,0
BRDA:12,6,1,0
BRDA:13,7,0,0
BRDA:13,7,1,0
BRDA:16,8,0,0
BRDA:16,8,1,0
BRDA:17,9,0,0
BRDA:17,9,1,0
BRDA:17,10,0,0
BRDA:17,10,1,0
BRDA:18,11,0,0
BRDA:18,11,1,0
BRDA:18,12,0,0
BRDA:18,12,1,0
BRDA:18,12,2,0
BRDA:18,13,0,0
BRDA:18,13,1,0
BRDA:18,14,0,0
BRDA:18,14,1,0
BRDA:18,15,0,0
BRDA:18,15,1,0
BRDA:18,16,0,0
BRDA:18,16,1,0
BRDA:19,17,0,0
BRDA:19,17,1,0
BRDA:20,18,0,0
BRDA:20,18,1,0
BRDA:20,18,2,0
BRDA:20,18,3,0
BRDA:20,18,4,0
BRDA:20,18,5,0
BRDA:26,19,0,0
BRDA:26,19,1,0
BRDA:26,20,0,0
BRDA:26,20,1,0
BRDA:26,20,2,0
BRDA:26,21,0,0
BRDA:26,21,1,0
BRDA:27,22,0,0
BRDA:27,22,1,0
BRDA:27,23,0,0
BRDA:27,23,1,0
BRDA:27,23,2,0
BRDA:27,23,3,0
BRDA:28,24,0,0
BRDA:28,24,1,0
BRDA:28,25,0,0
BRDA:28,25,1,0
BRDA:29,26,0,0
BRDA:29,26,1,0
BRDA:29,27,0,0
BRDA:29,27,1,0
BRDA:30,28,0,0
BRDA:30,28,1,0
BRDA:35,29,0,0
BRDA:35,29,1,0
BRDA:35,30,0,0
BRDA:35,30,1,0
BRDA:51,31,0,0
BRDA:51,31,1,0
BRDA:72,32,0,0
BRDA:72,32,1,0
BRDA:78,33,0,0
BRDA:78,33,1,0
BRDA:93,34,0,0
BRDA:93,34,1,0
BRDA:113,35,0,0
BRDA:113,35,1,0
BRDA:133,36,0,0
BRDA:133,36,1,0
BRDA:154,37,0,0
BRDA:154,37,1,0
BRDA:160,38,0,0
BRDA:160,38,1,0
BRDA:175,39,0,0
BRDA:175,39,1,0
BRDA:195,40,0,0
BRDA:195,40,1,0
BRDA:215,41,0,0
BRDA:215,41,1,0
BRDA:236,42,0,0
BRDA:236,42,1,0
BRDA:242,43,0,0
BRDA:242,43,1,0
BRDA:257,44,0,0
BRDA:257,44,1,0
BRDA:277,45,0,0
BRDA:277,45,1,0
BRDA:297,46,0,0
BRDA:297,46,1,0
BRDA:318,47,0,0
BRDA:318,47,1,0
BRDA:324,48,0,0
BRDA:324,48,1,0
BRDA:339,49,0,0
BRDA:339,49,1,0
BRDA:359,50,0,0
BRDA:359,50,1,0
BRDA:379,51,0,0
BRDA:379,51,1,0
BRDA:400,52,0,0
BRDA:400,52,1,0
BRDA:406,53,0,0
BRDA:406,53,1,0
BRDA:421,54,0,0
BRDA:421,54,1,0
BRDA:441,55,0,0
BRDA:441,55,1,0
BRDA:461,56,0,0
BRDA:461,56,1,0
BRDA:482,57,0,0
BRDA:482,57,1,0
BRDA:488,58,0,0
BRDA:488,58,1,0
BRDA:503,59,0,0
BRDA:503,59,1,0
BRDA:523,60,0,0
BRDA:523,60,1,0
BRDA:544,61,0,0
BRDA:544,61,1,0
BRDA:566,62,0,0
BRDA:566,62,1,0
BRDA:572,63,0,0
BRDA:572,63,1,0
BRDA:588,64,0,0
BRDA:588,64,1,0
BRDA:609,65,0,0
BRDA:609,65,1,0
BRF:142
BRH:0
end_of_record
TN:
SF:firebase/firestore/firestore.ts
FN:20,createUser
FN:30,getUser
FN:41,updateUser
FN:50,deleteUser
FN:59,createLandlord
FN:69,getLandlord
FN:80,updateLandlord
FN:92,deleteLandlord
FN:101,createTenant
FN:111,getTenant
FN:122,updateTenant
FN:131,deleteTenant
FN:140,createResidence
FN:150,getResidence
FN:163,updateResidence
FN:175,deleteResidence
FN:184,createApartment
FN:194,getApartment
FN:207,updateApartment
FN:219,deleteApartment
FN:228,createMaintenanceRequest
FN:238,getMaintenanceRequest
FN:251,updateMaintenanceRequest
FN:263,deleteMaintenanceRequest
FN:273,createLaundryMachine
FN:291,getLaundryMachine
FN:310,updateLaundryMachine
FN:328,deleteLaundryMachine
FNF:28
FNH:0
FNDA:0,createUser
FNDA:0,getUser
FNDA:0,updateUser
FNDA:0,deleteUser
FNDA:0,createLandlord
FNDA:0,getLandlord
FNDA:0,updateLandlord
FNDA:0,deleteLandlord
FNDA:0,createTenant
FNDA:0,getTenant
FNDA:0,updateTenant
FNDA:0,deleteTenant
FNDA:0,createResidence
FNDA:0,getResidence
FNDA:0,updateResidence
FNDA:0,deleteResidence
FNDA:0,createApartment
FNDA:0,getApartment
FNDA:0,updateApartment
FNDA:0,deleteApartment
FNDA:0,createMaintenanceRequest
FNDA:0,getMaintenanceRequest
FNDA:0,updateMaintenanceRequest
FNDA:0,deleteMaintenanceRequest
FNDA:0,createLaundryMachine
FNDA:0,getLaundryMachine
FNDA:0,updateLaundryMachine
FNDA:0,deleteLaundryMachine
DA:21,0
DA:22,0
DA:31,0
DA:32,0
DA:33,0
DA:42,0
DA:43,0
DA:51,0
DA:52,0
DA:60,0
DA:61,0
DA:70,0
DA:71,0
DA:72,0
DA:84,0
DA:85,0
DA:93,0
DA:94,0
DA:102,0
DA:103,0
DA:112,0
DA:113,0
DA:114,0
DA:123,0
DA:124,0
DA:132,0
DA:133,0
DA:141,0
DA:142,0
DA:153,0
DA:154,0
DA:155,0
DA:167,0
DA:168,0
DA:176,0
DA:177,0
DA:185,0
DA:186,0
DA:197,0
DA:198,0
DA:199,0
DA:211,0
DA:212,0
DA:220,0
DA:221,0
DA:229,0
DA:230,0
DA:241,0
DA:242,0
DA:243,0
DA:255,0
DA:256,0
DA:264,0
DA:265,0
DA:277,0
DA:282,0
DA:295,0
DA:300,0
DA:301,0
DA:315,0
DA:320,0
DA:332,0
DA:337,0
LF:63
LH:0
BRDA:33,0,0,0
BRDA:33,0,1,0
BRDA:72,1,0,0
BRDA:72,1,1,0
BRDA:114,2,0,0
BRDA:114,2,1,0
BRDA:155,3,0,0
BRDA:155,3,1,0
BRDA:199,4,0,0
BRDA:199,4,1,0
BRDA:243,5,0,0
BRDA:243,5,1,0
BRDA:301,6,0,0
BRDA:301,6,1,0
BRF:14
BRH:0
end_of_record
TN:
SF:firebase/storage/storage.ts
FN:15,uploadImage
FN:26,uploadVideo
FN:37,getImageUrl
FN:42,getVideoUrl
FN:47,deleteImage
FN:52,deleteVideo
FNF:6
FNH:0
FNDA:0,uploadImage
FNDA:0,uploadVideo
FNDA:0,getImageUrl
FNDA:0,getVideoUrl
FNDA:0,deleteImage
FNDA:0,deleteVideo
DA:11,0
DA:12,0
DA:13,0
DA:16,0
DA:17,0
DA:18,0
DA:19,0
DA:21,0
DA:22,0
DA:27,0
DA:28,0
DA:29,0
DA:30,0
DA:32,0
DA:33,0
DA:38,0
DA:39,0
DA:43,0
DA:44,0
DA:48,0
DA:49,0
DA:53,0
DA:54,0
LF:23
LH:0
BRF:0
BRH:0
end_of_record
TN:
SF:hooks/useColorScheme.ts
FNF:0
FNH:0
LF:0
LH:0
BRF:0
BRH:0
end_of_record
TN:
SF:hooks/useColorScheme.web.ts
FN:6,useColorScheme
FNF:1
FNH:0
FNDA:0,useColorScheme
DA:7,0
LF:1
LH:0
BRF:0
BRH:0
end_of_record
TN:
SF:hooks/useThemeColor.ts
FN:10,useThemeColor
FNF:1
FNH:0
FNDA:0,useThemeColor
DA:14,0
DA:15,0
DA:17,0
DA:18,0
DA:20,0
LF:5
LH:0
BRDA:14,0,0,0
BRDA:14,0,1,0
BRDA:17,1,0,0
BRDA:17,1,1,0
BRF:4
BRH:0
end_of_record
TN:
SF:jest/jest.config.js
FNF:0
FNH:0
DA:1,0
LF:1
LH:0
BRF:0
BRH:0
end_of_record
TN:
SF:scripts/reset-project.js
FNF:0
FNH:0
LF:0
LH:0
BRF:0
BRH:0
end_of_record
TN:
SF:tests_examples/snapshot_test/ExampleSnapshot.tsx
FN:9,Profile
FNF:1
FNH:1
FNDA:3,Profile
DA:10,3
LF:1
LH:1
BRF:0
BRH:0
end_of_record
TN:
SF:tests_examples/testing_basic/UnitTestComponent.tsx
FN:4,UnitExample
FNF:1
FNH:1
FNDA:3,UnitExample
DA:5,3
LF:1
LH:1
BRF:0
BRH:0
end_of_record
TN:
SF:tests_examples/testing_mocking/ExampleApi.tsx
FN:1,getUserProfile
FNF:1
FNH:0
FNDA:0,getUserProfile
DA:2,0
DA:4,0
LF:2
LH:0
BRF:0
BRH:0
end_of_record
TN:
SF:tests_examples/testing_mocking/UserProfile.tsx
FN:10,UserProfile
FN:13,(anonymous_1)
FN:14,fetchData
FNF:3
FNH:3
FNDA:2,UserProfile
FNDA:1,(anonymous_1)
FNDA:1,fetchData
DA:11,2
DA:13,2
DA:15,1
DA:16,1
DA:18,1
DA:21,2
DA:22,1
DA:25,1
LF:8
LH:8
BRDA:21,0,0,1
BRDA:21,0,1,1
BRF:2
BRH:2
end_of_record
TN:
SF:tests_examples/testing_props/ExampleWithProps.tsx
FN:9,Greeting
FNF:1
FNH:1
FNDA:2,Greeting
DA:10,2
LF:1
LH:1
BRDA:12,0,0,1
BRDA:12,0,1,1
BRF:2
BRH:2
end_of_record
TN:
SF:tests_examples/testing_states/ExampleWithState.tsx
FN:10,SimpleCounter
FN:15,(anonymous_1)
FNF:2
FNH:2
FNDA:8,SimpleCounter
FNDA:6,(anonymous_1)
DA:11,8
DA:12,8
DA:15,6
LF:3
LH:3
BRF:0
BRH:0
end_of_record
TN:
SF:types/types.js
FNF:0
FNH:0
DA:3,0
LF:1
LH:0
BRF:0
BRH:0
end_of_record
TN:
SF:types/types.ts
FNF:0
FNH:0
DA:84,0
DA:97,0
DA:106,0
LF:3
LH:0
BRF:0
BRH:0
end_of_record
