TN:
SF:app/_layout.tsx
FN:13,RootLayout
FN:19,(anonymous_1)
FNF:2
FNH:0
FNDA:0,RootLayout
FNDA:0,(anonymous_1)
DA:11,0
DA:14,0
DA:15,0
DA:19,0
DA:20,0
DA:21,0
DA:25,0
DA:26,0
DA:29,0
LF:9
LH:0
BRDA:20,0,0,0
BRDA:20,0,1,0
BRDA:25,1,0,0
BRDA:25,1,1,0
BRF:4
BRH:0
end_of_record
TN:
SF:app/index.tsx
FN:20,App
FNF:1
FNH:1
FNDA:1,App
DA:15,1
DA:18,1
DA:21,1
LF:3
LH:3
BRF:0
BRH:0
end_of_record
TN:
SF:app/screens/HomepageScreen.tsx
FN:8,HomepageScreen
FN:19,(anonymous_1)
FNF:2
FNH:2
FNDA:2,HomepageScreen
FNDA:1,(anonymous_1)
DA:9,2
DA:10,2
DA:19,1
DA:26,2
LF:4
LH:4
BRF:0
BRH:0
end_of_record
TN:
SF:app/screens/MyRentScreen.tsx
FN:6,MyRentScreen
FNF:1
FNH:1
FNDA:1,MyRentScreen
DA:7,1
DA:30,1
LF:2
LH:2
BRF:0
BRH:0
end_of_record
TN:
SF:app/screens/ReportScreen.tsx
FN:6,ReportScreen
FN:11,(anonymous_1)
FN:49,(anonymous_2)
FNF:3
FNH:1
FNDA:1,ReportScreen
FNDA:0,(anonymous_1)
FNDA:0,(anonymous_2)
DA:7,1
DA:8,1
DA:11,1
DA:15,1
DA:55,1
LF:5
LH:5
BRF:0
BRH:0
end_of_record
TN:
SF:app/screens/SettingsScreen.tsx
FN:8,SettingsScreen
FN:14,(anonymous_1)
FNF:2
FNH:2
FNDA:2,SettingsScreen
FNDA:1,(anonymous_1)
DA:9,2
DA:11,2
DA:14,1
DA:26,2
LF:4
LH:4
BRF:0
BRH:0
end_of_record
TN:
SF:app/screens/SharedElementsScreen.tsx
FN:6,SharedElementsScreen
FNF:1
FNH:1
FNDA:1,SharedElementsScreen
DA:7,1
DA:15,1
LF:2
LH:2
BRF:0
BRH:0
end_of_record
TN:
SF:app/screens/SubrentScreen.tsx
FN:6,SubrentScreen
FNF:1
FNH:1
FNDA:1,SubrentScreen
DA:7,1
DA:15,1
LF:2
LH:2
BRF:0
BRH:0
end_of_record
TN:
SF:components/Collapsible.tsx
FN:9,Collapsible
FN:17,(anonymous_1)
FN:17,(anonymous_2)
FNF:3
FNH:0
FNDA:0,Collapsible
FNDA:0,(anonymous_1)
FNDA:0,(anonymous_2)
DA:10,0
DA:11,0
DA:13,0
DA:17,0
DA:31,0
LF:5
LH:0
BRDA:11,0,0,0
BRDA:11,0,1,0
BRDA:20,1,0,0
BRDA:20,1,1,0
BRDA:22,2,0,0
BRDA:22,2,1,0
BRDA:26,3,0,0
BRDA:26,3,1,0
BRF:8
BRH:0
end_of_record
TN:
SF:components/ExternalLink.tsx
FN:8,ExternalLink
FN:14,(anonymous_1)
FNF:2
FNH:0
FNDA:0,ExternalLink
FNDA:0,(anonymous_1)
DA:9,0
DA:15,0
DA:17,0
DA:19,0
LF:4
LH:0
BRDA:15,0,0,0
BRDA:15,0,1,0
BRF:2
BRH:0
end_of_record
TN:
SF:components/HelloWave.tsx
FN:12,HelloWave
FN:20,(anonymous_1)
FNF:2
FNH:0
FNDA:0,HelloWave
FNDA:0,(anonymous_1)
DA:13,0
DA:15,0
DA:20,0
DA:24,0
DA:31,0
LF:5
LH:0
BRF:0
BRH:0
end_of_record
TN:
SF:components/ParallaxScrollView.tsx
FN:19,ParallaxScrollView
FN:28,(anonymous_1)
FNF:2
FNH:0
FNDA:0,ParallaxScrollView
FNDA:0,(anonymous_1)
DA:12,0
DA:24,0
DA:25,0
DA:26,0
DA:28,0
DA:29,0
DA:45,0
DA:62,0
LF:8
LH:0
BRDA:24,0,0,0
BRDA:24,0,1,0
BRF:2
BRH:0
end_of_record
TN:
SF:components/ThemedText.tsx
FN:11,ThemedText
FNF:1
FNH:0
FNDA:0,ThemedText
DA:18,0
DA:20,0
DA:36,0
LF:3
LH:0
BRDA:15,0,0,0
BRDA:24,1,0,0
BRDA:24,1,1,0
BRDA:25,2,0,0
BRDA:25,2,1,0
BRDA:26,3,0,0
BRDA:26,3,1,0
BRDA:27,4,0,0
BRDA:27,4,1,0
BRDA:28,5,0,0
BRDA:28,5,1,0
BRF:11
BRH:0
end_of_record
TN:
SF:components/ThemedView.tsx
FN:10,ThemedView
FNF:1
FNH:0
FNDA:0,ThemedView
DA:11,0
DA:13,0
LF:2
LH:0
BRF:0
BRH:0
end_of_record
TN:
SF:components/navigation/TabBarIcon.tsx
FN:7,TabBarIcon
FNF:1
FNH:0
FNDA:0,TabBarIcon
DA:8,0
LF:1
LH:0
BRF:0
BRH:0
end_of_record
TN:
SF:constants/Colors.ts
FNF:0
FNH:0
DA:6,0
DA:7,0
DA:9,0
LF:3
LH:0
BRF:0
BRH:0
end_of_record
TN:
SF:firebase/firebase.ts
FNF:0
FNH:0
DA:12,0
DA:23,0
DA:25,0
DA:26,0
DA:30,0
LF:5
LH:0
BRF:0
BRH:0
end_of_record
TN:
SF:firebase/auth/auth.ts
FN:28,emailAndPasswordSignIn
FN:44,emailAndPasswordLogIn
FN:49,deleteAccount
FN:64,signOutUser
FN:80,resetUserPassword
FN:86,updateUserEmail
FNF:6
FNH:0
FNDA:0,emailAndPasswordSignIn
FNDA:0,emailAndPasswordLogIn
FNDA:0,deleteAccount
FNDA:0,signOutUser
FNDA:0,resetUserPassword
FNDA:0,updateUserEmail
DA:18,0
DA:20,0
DA:29,0
DA:30,0
DA:31,0
DA:32,0
DA:33,0
DA:34,0
DA:35,0
DA:37,0
DA:39,0
DA:40,0
DA:45,0
DA:46,0
DA:50,0
DA:51,0
DA:52,0
DA:53,0
DA:59,0
DA:65,0
DA:66,0
DA:67,0
DA:68,0
DA:71,0
DA:74,0
DA:81,0
DA:82,0
DA:87,0
DA:88,0
LF:29
LH:0
BRDA:32,0,0,0
BRDA:32,0,1,0
BRDA:34,1,0,0
BRDA:34,1,1,0
BRDA:50,2,0,0
BRDA:50,2,1,0
BRDA:65,3,0,0
BRDA:65,3,1,0
BRDA:81,4,0,0
BRDA:81,4,1,0
BRDA:87,5,0,0
BRDA:87,5,1,0
BRF:12
BRH:0
end_of_record
TN:
SF:firebase/firestore/firestore.ts
FN:12,createTenantUser
FN:17,createLandlordUser
FN:22,getTenantData
FN:32,getLandlordData
FN:42,updateTenantData
FN:47,updateLandlordData
FN:52,deleteTenantData
FN:57,deleteLandlordData
FNF:8
FNH:0
FNDA:0,createTenantUser
FNDA:0,createLandlordUser
FNDA:0,getTenantData
FNDA:0,getLandlordData
FNDA:0,updateTenantData
FNDA:0,updateLandlordData
FNDA:0,deleteTenantData
FNDA:0,deleteLandlordData
DA:13,0
DA:14,0
DA:18,0
DA:19,0
DA:23,0
DA:24,0
DA:25,0
DA:26,0
DA:28,0
DA:33,0
DA:34,0
DA:35,0
DA:36,0
DA:38,0
DA:43,0
DA:44,0
DA:48,0
DA:49,0
DA:53,0
DA:54,0
DA:58,0
DA:59,0
LF:22
LH:0
BRDA:25,0,0,0
BRDA:25,0,1,0
BRDA:35,1,0,0
BRDA:35,1,1,0
BRF:4
BRH:0
end_of_record
TN:
SF:firebase/storage/storage.ts
FN:15,uploadImage
FN:26,uploadVideo
FN:37,getImageUrl
FN:42,getVideoUrl
FN:47,deleteImage
FN:52,deleteVideo
FNF:6
FNH:0
FNDA:0,uploadImage
FNDA:0,uploadVideo
FNDA:0,getImageUrl
FNDA:0,getVideoUrl
FNDA:0,deleteImage
FNDA:0,deleteVideo
DA:11,0
DA:12,0
DA:13,0
DA:16,0
DA:17,0
DA:18,0
DA:19,0
DA:21,0
DA:22,0
DA:27,0
DA:28,0
DA:29,0
DA:30,0
DA:32,0
DA:33,0
DA:38,0
DA:39,0
DA:43,0
DA:44,0
DA:48,0
DA:49,0
DA:53,0
DA:54,0
LF:23
LH:0
BRF:0
BRH:0
end_of_record
TN:
SF:hooks/useColorScheme.ts
FNF:0
FNH:0
LF:0
LH:0
BRF:0
BRH:0
end_of_record
TN:
SF:hooks/useColorScheme.web.ts
FN:6,useColorScheme
FNF:1
FNH:0
FNDA:0,useColorScheme
DA:7,0
LF:1
LH:0
BRF:0
BRH:0
end_of_record
TN:
SF:hooks/useThemeColor.ts
FN:10,useThemeColor
FNF:1
FNH:0
FNDA:0,useThemeColor
DA:14,0
DA:15,0
DA:17,0
DA:18,0
DA:20,0
LF:5
LH:0
BRDA:14,0,0,0
BRDA:14,0,1,0
BRDA:17,1,0,0
BRDA:17,1,1,0
BRF:4
BRH:0
end_of_record
TN:
SF:jest/jest.config.js
FNF:0
FNH:0
DA:1,0
LF:1
LH:0
BRF:0
BRH:0
end_of_record
TN:
SF:scripts/reset-project.js
FNF:0
FNH:0
LF:0
LH:0
BRF:0
BRH:0
end_of_record
TN:
SF:tests_examples/snapshot_test/ExampleSnapshot.tsx
FN:9,Profile
FNF:1
FNH:1
FNDA:3,Profile
DA:10,3
LF:1
LH:1
BRF:0
BRH:0
end_of_record
TN:
SF:tests_examples/testing_basic/UnitTestComponent.tsx
FN:4,UnitExample
FNF:1
FNH:1
FNDA:3,UnitExample
DA:5,3
LF:1
LH:1
BRF:0
BRH:0
end_of_record
TN:
SF:tests_examples/testing_mocking/ExampleApi.tsx
FN:1,getUserProfile
FNF:1
FNH:0
FNDA:0,getUserProfile
DA:2,0
DA:4,0
LF:2
LH:0
BRF:0
BRH:0
end_of_record
TN:
SF:tests_examples/testing_mocking/UserProfile.tsx
FN:10,UserProfile
FN:13,(anonymous_1)
FN:14,fetchData
FNF:3
FNH:3
FNDA:2,UserProfile
FNDA:1,(anonymous_1)
FNDA:1,fetchData
DA:11,2
DA:13,2
DA:15,1
DA:16,1
DA:18,1
DA:21,2
DA:22,1
DA:25,1
LF:8
LH:8
BRDA:21,0,0,1
BRDA:21,0,1,1
BRF:2
BRH:2
end_of_record
TN:
SF:tests_examples/testing_props/ExampleWithProps.tsx
FN:9,Greeting
FNF:1
FNH:1
FNDA:2,Greeting
DA:10,2
LF:1
LH:1
BRDA:12,0,0,1
BRDA:12,0,1,1
BRF:2
BRH:2
end_of_record
TN:
SF:tests_examples/testing_states/ExampleWithState.tsx
FN:10,SimpleCounter
FN:15,(anonymous_1)
FNF:2
FNH:2
FNDA:8,SimpleCounter
FNDA:6,(anonymous_1)
DA:11,8
DA:12,8
DA:15,6
LF:3
LH:3
BRF:0
BRH:0
end_of_record
TN:
SF:types/types.tsx
FNF:0
FNH:0
LF:0
LH:0
BRF:0
BRH:0
end_of_record
